[2020-11-04 11:16:43] [ERROR]: Protocol -> panic on decoder: runtime error: invalid memory address or nil pointer dereference 
[2020-11-04 11:17:13] [ERROR]: Protocol -> packet 27228 timed out. retry. 
[2020-11-04 11:17:13] [ERROR]: Protocol -> panic on decoder: runtime error: invalid memory address or nil pointer dereference 
[2020-11-04 11:17:43] [ERROR]: Protocol -> packet timed out, seq: 27228 
[2020-11-04 11:17:43] [INFO]: 收到群 从零开始的BCR生活(110748466) 内 绦(503476890) 的消息: 
[CQ:image,file=c6e4c567b7dbd2efc01dc4016867a497.image] (49974) 
[2020-11-04 12:26:42] [INFO]: 收到群 从零开始的BCR生活(110748466) 内 凯林阿姆洛斯(1003870549) 的消息: 明天就水流夏了啊 (49978) 
[2020-11-04 13:48:18] [INFO]: 收到群 从零开始的BCR生活(110748466) 内 fooly(835185523) 的消息: 第一天大概率三个周目 (49980) 
[2020-11-04 13:48:30] [INFO]: 收到群 从零开始的BCR生活(110748466) 内 fooly(835185523) 的消息: 还是需要几个熊锤的 (49981) 
[2020-11-04 13:49:42] [INFO]: 收到群 从零开始的BCR生活(110748466) 内 绦(503476890) 的消息: Pjjc币溢出 (49982) 
[2020-11-04 13:49:58] [INFO]: 收到群 从零开始的BCR生活(110748466) 内 绦(503476890) 的消息: Jjc币紧缺，还在换妹弓[CQ:face,id=182] (49983) 
[2020-11-04 13:50:28] [INFO]: 收到群 从零开始的BCR生活(110748466) 内 fooly(835185523) 的消息: 我还有几千 每日换一次熊锤 (49984) 
[2020-11-04 13:50:42] [INFO]: 收到群 从零开始的BCR生活(110748466) 内 ArthorLeng(820858636) 的消息: 我顶多换到4，5是不可能了。 (49985) 
[2020-11-04 13:51:01] [INFO]: 收到群 从零开始的BCR生活(110748466) 内 fooly(835185523) 的消息: 我应该也只能到四 (49986) 
[2020-11-04 13:51:06] [INFO]: 收到群 从零开始的BCR生活(110748466) 内 fooly(835185523) 的消息: 应该够了吧 (49987) 
[2020-11-04 13:51:19] [INFO]: 收到群 从零开始的BCR生活(110748466) 内 ArthorLeng(820858636) 的消息: [CQ:image,file=eedb066d4a3c3ae39535c89db3b422c0.image] (49988) 
[2020-11-04 13:51:29] [INFO]: 收到群 从零开始的BCR生活(110748466) 内 fooly(835185523) 的消息: 那刀挺难的 (49989) 
[2020-11-04 13:51:59] [INFO]: 收到群 从零开始的BCR生活(110748466) 内 fooly(835185523) 的消息: 不一定强求 (49990) 
[2020-11-04 13:52:29] [INFO]: 收到群 从零开始的BCR生活(110748466) 内 ArthorLeng(820858636) 的消息: [CQ:image,file=708fbb971ea388b23c3c561eb5b89e84.image] (49991) 
[2020-11-04 13:54:10] [INFO]: 收到群 从零开始的BCR生活(110748466) 内 fooly(835185523) 的消息: 但是下次排刀会比较难了 很有可能2.7-2.8个周目/一天 很多刀最后可能出的不会很舒服 (49992) 
[2020-11-04 13:54:55] [INFO]: 收到群 从零开始的BCR生活(110748466) 内 ArthorLeng(820858636) 的消息: [CQ:image,file=7ea636cf0f10d930f51ed5e191dd768f.image] (49993) 
[2020-11-04 13:55:48] [INFO]: 收到群 从零开始的BCR生活(110748466) 内 混低保(1084085263) 的消息: 🙏 (49994) 
[2020-11-04 13:57:23] [INFO]: 收到群 从零开始的BCR生活(110748466) 内 绦(503476890) 的消息: [CQ:image,file=3f873cd85d38dbd295fdc0ea6a70ec24.image] (49995) 
[2020-11-04 13:57:49] [INFO]: 收到群 从零开始的BCR生活(110748466) 内 绦(503476890) 的消息: 你排好刀，我头几天不撞夜班 (49996) 
[2020-11-04 13:58:00] [INFO]: 收到群 从零开始的BCR生活(110748466) 内 ArthorLeng(820858636) 的消息: [CQ:image,file=fca306f108814dffdf769e6d06d93eb8.image] (49997) 
[2020-11-04 13:58:03] [INFO]: 收到群 从零开始的BCR生活(110748466) 内 绦(503476890) 的消息: 我就应该不会出问题了[CQ:face,id=182] (49998) 
[2020-11-04 13:58:13] [INFO]: 收到群 从零开始的BCR生活(110748466) 内 fooly(835185523) 的消息: /沧桑 (49999) 
[2020-11-04 13:58:28] [INFO]: 收到群 从零开始的BCR生活(110748466) 内 撕破伤口丶(2271180174) 的消息: 挂树挂树 (50000) 
[2020-11-04 13:58:34] [INFO]: 收到群 从零开始的BCR生活(110748466) 内 撕破伤口丶(2271180174) 的消息: [CQ:image,file=02bceb4366fd2f2cff6c4e73dd69404c.image] (50001) 
[2020-11-04 13:58:55] [INFO]: 收到群 从零开始的BCR生活(110748466) 内 fooly(835185523) 的消息: 我看作业都是各种200 (50002) 
[2020-11-04 13:59:01] [INFO]: 收到群 从零开始的BCR生活(110748466) 内 绦(503476890) 的消息: [CQ:image,file=b4d4d5cd88c0b5e6107cafa39363aa00.image] (50003) 
[2020-11-04 13:59:02] [INFO]: 收到群 从零开始的BCR生活(110748466) 内 fooly(835185523) 的消息: 这还是没有环奈的 (50004) 
[2020-11-04 13:59:08] [INFO]: 收到群 从零开始的BCR生活(110748466) 内 fooly(835185523) 的消息: /沧桑 (50005) 
[2020-11-04 13:59:35] [INFO]: 收到群 从零开始的BCR生活(110748466) 内 fooly(835185523) 的消息: 6刀一个4王 (50006) 
[2020-11-04 14:02:07] [INFO]: 收到群 从零开始的BCR生活(110748466) 内 fooly(835185523) 的消息: 4刀 一个1王
6刀 一个2王
7刀 一个3王
6刀 一个4王
13刀 一个5王
一个周目：36刀
两个周目：72刀
剩 28刀 (50007) 
[2020-11-04 14:02:23] [INFO]: 收到群 从零开始的BCR生活(110748466) 内 fooly(835185523) 的消息: 很难受 (50008) 
[2020-11-04 14:02:35] [INFO]: 收到群 从零开始的BCR生活(110748466) 内 K.k(2535940194) 的消息: /沧桑 (50009) 
[2020-11-04 14:03:09] [INFO]: 收到群 从零开始的BCR生活(110748466) 内 fooly(835185523) 的消息: 打的好 可能一天3个周目 (50010) 
[2020-11-04 14:03:14] [INFO]: 收到群 从零开始的BCR生活(110748466) 内 fooly(835185523) 的消息: 但是法刀会严重不够 (50011) 
[2020-11-04 14:04:01] [INFO]: 收到群 从零开始的BCR生活(110748466) 内 fooly(835185523) 的消息: 错了 剩18刀 (50012) 
[2020-11-04 14:04:05] [INFO]: 收到群 从零开始的BCR生活(110748466) 内 fooly(835185523) 的消息: /辣眼睛 (50013) 
[2020-11-04 14:05:21] [INFO]: 群 从零开始的BCR生活(110748466) 内 fooly(835185523) 撤回了 fooly(835185523) 的消息: -1970413451. 
[2020-11-04 14:05:25] [INFO]: 收到群 从零开始的BCR生活(110748466) 内 fooly(835185523) 的消息: 4刀 一个1王
6刀 一个2王
7刀 一个3王
6刀 一个4王
13刀 一个5王
一个周目：36刀
两个周目：72刀
剩 18刀 (50014) 
[2020-11-04 14:07:18] [INFO]: 收到群 从零开始的BCR生活(110748466) 内 fooly(835185523) 的消息: 到时候 嫖克还是嫖环奈还真不好说 (50015) 
[2020-11-04 14:07:52] [INFO]: 收到群 从零开始的BCR生活(110748466) 内 混低保(1084085263) 的消息: 感觉会克狼环奈 (50016) 
[2020-11-04 14:07:55] [INFO]: 收到群 从零开始的BCR生活(110748466) 内 混低保(1084085263) 的消息: /沧桑 (50017) 
[2020-11-04 14:09:09] [INFO]: 收到群 从零开始的BCR生活(110748466) 内 fooly(835185523) 的消息: 狼狗环奈
克狼环奈 (50018) 
[2020-11-04 14:10:00] [INFO]: 收到群 从零开始的BCR生活(110748466) 内 fooly(835185523) 的消息: 打手还有智 专武猫拳 专武剑圣 TP弓 (50019) 
[2020-11-04 14:10:31] [INFO]: 收到群 从零开始的BCR生活(110748466) 内 混低保(1084085263) 的消息: /暗中观察剑圣r11我就能站起来了 (50020) 
[2020-11-04 14:10:49] [INFO]: 收到群 从零开始的BCR生活(110748466) 内 fooly(835185523) 的消息: /暗中观察我还是R9 (50021) 
[2020-11-04 14:17:43] [INFO]: 收到群 从零开始的BCR生活(110748466) 内 K.k(2535940194) 的消息: 真要借的话还是得克总吧  克总还有破甲呢[CQ:image,file=1e4192088b4d3292d873448a57ad9aa3.image] (50022) 
[2020-11-04 14:19:06] [INFO]: 收到群 从零开始的BCR生活(110748466) 内 fooly(835185523) 的消息: 破甲手不缺 这次 (50023) 
[2020-11-04 14:19:16] [INFO]: 收到群 从零开始的BCR生活(110748466) 内 fooly(835185523) 的消息: 深月都有可能下岗 (50024) 
[2020-11-04 14:19:33] [INFO]: 收到群 从零开始的BCR生活(110748466) 内 混低保(1084085263) 的消息: /沧桑 (50025) 
[2020-11-04 14:19:43] [INFO]: 收到群 从零开始的BCR生活(110748466) 内 混低保(1084085263) 的消息: 暴击弓已经无了[CQ:face,id=5] (50026) 
[2020-11-04 14:19:47] [INFO]: 收到群 从零开始的BCR生活(110748466) 内 fooly(835185523) 的消息: 不 (50027) 
[2020-11-04 14:19:50] [INFO]: 收到群 从零开始的BCR生活(110748466) 内 fooly(835185523) 的消息: 一 (50028) 
[2020-11-04 14:19:51] [INFO]: 收到群 从零开始的BCR生活(110748466) 内 fooly(835185523) 的消息: 定 (50029) 
[2020-11-04 14:20:01] [INFO]: 收到群 从零开始的BCR生活(110748466) 内 混低保(1084085263) 的消息: [CQ:image,file=54a0d357f32548e72a46476d14e8fb18.image] (50030) 
[2020-11-04 14:20:17] [INFO]: 收到群 从零开始的BCR生活(110748466) 内 fooly(835185523) 的消息: 环奈能稳定提升3弓 (50031) 
[2020-11-04 14:20:39] [INFO]: 收到群 从零开始的BCR生活(110748466) 内 fooly(835185523) 的消息: TP能叠更多的buff 暴击弓可能多一个UB yls能完美对轴 (50032) 
[2020-11-04 14:20:53] [INFO]: 收到群 从零开始的BCR生活(110748466) 内 混低保(1084085263) 的消息: [CQ:image,file=708fbb971ea388b23c3c561eb5b89e84.image] (50033) 
[2020-11-04 14:21:00] [INFO]: 收到群 从零开始的BCR生活(110748466) 内 混低保(1084085263) 的消息: 完了 (50034) 
[2020-11-04 14:21:03] [INFO]: 收到群 从零开始的BCR生活(110748466) 内 K.k(2535940194) 的消息: [CQ:image,file=708fbb971ea388b23c3c561eb5b89e84.image] (50035) 
[2020-11-04 14:21:08] [INFO]: 收到群 从零开始的BCR生活(110748466) 内 fooly(835185523) 的消息: 所以下不下岗真不知道 (50036) 
[2020-11-04 14:21:10] [INFO]: 收到群 从零开始的BCR生活(110748466) 内 混低保(1084085263) 的消息: 这也意味着 (50037) 
[2020-11-04 14:21:15] [INFO]: 收到群 从零开始的BCR生活(110748466) 内 K.k(2535940194) 的消息: 下批专武是哪些人啊 (50038) 
[2020-11-04 14:21:21] [INFO]: 收到群 从零开始的BCR生活(110748466) 内 fooly(835185523) 的消息: 谁知道哪个大神就摸出一个作业了 (50039) 
[2020-11-04 14:21:22] [INFO]: 收到群 从零开始的BCR生活(110748466) 内 混低保(1084085263) 的消息: 又得自己摸了 (50040) 
[2020-11-04 14:21:38] [INFO]: 收到群 从零开始的BCR生活(110748466) 内 fooly(835185523) 的消息: 好像有yls (50041) 
[2020-11-04 14:21:42] [INFO]: 收到群 从零开始的BCR生活(110748466) 内 fooly(835185523) 的消息: 第二屁 (50042) 
[2020-11-04 14:21:44] [INFO]: 收到群 从零开始的BCR生活(110748466) 内 混低保(1084085263) 的消息: 曾经的作业又全部木大木大了 (50043) 
[2020-11-04 14:21:44] [INFO]: 收到群 从零开始的BCR生活(110748466) 内 fooly(835185523) 的消息: 批 (50044) 
[2020-11-04 14:22:41] [INFO]: 收到群 从零开始的BCR生活(110748466) 内 K.k(2535940194) 的消息: 有yls啊 (50045) 
[2020-11-04 14:22:48] [INFO]: 收到群 从零开始的BCR生活(110748466) 内 K.k(2535940194) 的消息: 那这碎片也太紧张了 (50046) 
[2020-11-04 14:22:54] [INFO]: 收到群 从零开始的BCR生活(110748466) 内 fooly(835185523) 的消息: 这专武实装+环奈 真的是变化太大了 (50047) 
[2020-11-04 14:23:08] [INFO]: 收到群 从零开始的BCR生活(110748466) 内 混低保(1084085263) 的消息: [CQ:image,file=54a0d357f32548e72a46476d14e8fb18.image] (50048) 
[2020-11-04 14:23:29] [INFO]: 收到群 从零开始的BCR生活(110748466) 内 fooly(835185523) 的消息: 打手多了 破甲手多了 还一个辅助人权 (50049) 
[2020-11-04 14:23:34] [INFO]: 收到群 从零开始的BCR生活(110748466) 内 fooly(835185523) 的消息: /辣眼睛 (50050) 
[2020-11-04 14:23:44] [INFO]: 收到群 从零开始的BCR生活(110748466) 内 混低保(1084085263) 的消息: 虽然可以不用照搬导致太无聊，但是这特么全部木大就很难顶 (50051) 
[2020-11-04 14:24:11] [INFO]: 收到群 从零开始的BCR生活(110748466) 内 fooly(835185523) 的消息: /哦哟大致思路都是一样的 (50052) 
[2020-11-04 14:24:19] [INFO]: 收到群 从零开始的BCR生活(110748466) 内 混低保(1084085263) 的消息: [CQ:image,file=dc46e2b5a6ed10525f59daf82a585da2.image] (50053) 
[2020-11-04 14:29:24] [INFO]: 收到群 从零开始的BCR生活(110748466) 内 凯林阿姆洛斯(1003870549) 的消息: 克总肯定优先上岗呀 (50054) 
[2020-11-04 14:31:29] [INFO]: 收到群 从零开始的BCR生活(110748466) 内 蜻蜓队长(3013304711) 的消息: [CQ:image,file=5343e466a78f312c92b4045d17561bb2.image] (50055) 
[2020-11-04 14:37:20] [INFO]: 收到群 从零开始的BCR生活(110748466) 内 fooly(835185523) 的消息: [CQ:reply,id=1861436810][CQ:at,qq=1003870549] [CQ:at,qq=1003870549] 年轻/暗中观察 (50056) 
[2020-11-04 14:40:25] [INFO]: 收到群 从零开始的BCR生活(110748466) 内 蜻蜓队长(3013304711) 的消息: /吃瓜 (50057) 
[2020-11-04 14:41:35] [INFO]: 收到群 从零开始的BCR生活(110748466) 内 混低保(1084085263) 的消息: [CQ:reply,id=1861436810][CQ:at,qq=1003870549] [CQ:at,qq=1003870549]涩图呢 (50058) 
[2020-11-04 14:41:38] [INFO]: 收到群 从零开始的BCR生活(110748466) 内 混低保(1084085263) 的消息: [CQ:image,file=708fbb971ea388b23c3c561eb5b89e84.image] (50059) 
[2020-11-04 15:58:38] [INFO]: 收到群 从零开始的BCR生活(110748466) 内 凯林阿姆洛斯(1003870549) 的消息: [CQ:image,file=b4033845fcee4370b57b2072ab00c893.image] (50062) 
[2020-11-04 16:50:28] [INFO]: 收到群 从零开始的BCR生活(110748466) 内 绦(503476890) 的消息: [CQ:forward,id=HbcgqwE3hGIrt9tRZRka3PRm3j6IgcqPRrJiM5wnMJfB99lsyqLU+0CqYZwIv0uM] (50063) 
[2020-11-04 18:44:30] [INFO]: 收到群 从零开始的BCR生活(110748466) 内 fooly(835185523) 的消息: [CQ:at,qq=2535940194] 是你吧 (50064) 
[2020-11-04 18:46:14] [INFO]: 收到群 从零开始的BCR生活(110748466) 内 K.k(2535940194) 的消息: 是啊[CQ:image,file=1eaaf219adc822d01714968d06001dfc.image] (50065) 
[2020-11-04 18:46:46] [INFO]: 收到群 从零开始的BCR生活(110748466) 内 fooly(835185523) 的消息: /暗中观察OK 农场没了吗 (50066) 
[2020-11-04 18:47:36] [INFO]: 收到群 从零开始的BCR生活(110748466) 内 K.k(2535940194) 的消息: 先不续了一亿mana了 (50067) 
[2020-11-04 18:47:39] [INFO]: 收到群 从零开始的BCR生活(110748466) 内 K.k(2535940194) 的消息: /暗中观察 (50068) 
[2020-11-04 18:47:54] [INFO]: 收到群 从零开始的BCR生活(110748466) 内 fooly(835185523) 的消息: 有钱人 (50069) 
[2020-11-04 18:50:38] [INFO]: 收到群 从零开始的BCR生活(110748466) 内 混低保(1084085263) 的消息: [CQ:image,file=54a0d357f32548e72a46476d14e8fb18.image] (50070) 
[2020-11-04 19:12:16] [INFO]: 收到群 从零开始的BCR生活(110748466) 内 混低保(1084085263) 的消息: [CQ:image,file=193d1fb38f3ed176fb42bc115f684d9c.image] (50071) 
[2020-11-04 19:12:47] [INFO]: 收到群 从零开始的BCR生活(110748466) 内 ArthorLeng(820858636) 的消息: [CQ:image,file=eedb066d4a3c3ae39535c89db3b422c0.image] (50072) 
[2020-11-04 19:13:01] [INFO]: 收到群 从零开始的BCR生活(110748466) 内 ArthorLeng(820858636) 的消息: 感觉克池要来一单子了。 (50073) 
[2020-11-04 19:13:18] [INFO]: 收到群 从零开始的BCR生活(110748466) 内 ArthorLeng(820858636) 的消息: 两个游戏三个池子全歪。 (50074) 
[2020-11-04 19:13:31] [INFO]: 群 从零开始的BCR生活(110748466) 内 ArthorLeng(820858636) 撤回了 ArthorLeng(820858636) 的消息: -1029590357. 
[2020-11-04 19:13:33] [INFO]: 群 从零开始的BCR生活(110748466) 内 ArthorLeng(820858636) 撤回了 ArthorLeng(820858636) 的消息: 1556424456. 
[2020-11-04 19:37:25] [INFO]: 收到群 从零开始的BCR生活(110748466) 内 暗涌—322(1019598713) 的消息: 800w丝毫不慌 (50075) 
[2020-11-04 19:37:31] [INFO]: 收到群 从零开始的BCR生活(110748466) 内 暗涌—322(1019598713) 的消息: [CQ:image,file=7b9197bf6316715be857c44d28512e54.image] (50076) 
