[2020-11-02 08:27:57] [INFO]: 收到群 从零开始的BCR生活(110748466) 内 撕破伤口丶(2271180174) 的消息: [CQ:image,file=9d703f8764e4b7b1ff5c881dca694553.image] (49740) 
[2020-11-02 08:28:02] [INFO]: 收到群 从零开始的BCR生活(110748466) 内 撕破伤口丶(2271180174) 的消息: [CQ:image,file=f0beba0b74aef2bada999d43155fb899.image] (49741) 
[2020-11-02 09:00:50] [INFO]: 收到群 从零开始的BCR生活(110748466) 内 混低保(1084085263) 的消息: [CQ:image,file=f0beba0b74aef2bada999d43155fb899.image] (49742) 
[2020-11-02 09:00:50] [INFO]: 收到群 从零开始的BCR生活(110748466) 内 混低保(1084085263) 的消息: [CQ:image,file=d1ec7053c904500ec64b6a05d4bcf391.image] (49743) 
[2020-11-02 09:01:00] [INFO]: 收到群 从零开始的BCR生活(110748466) 内 混低保(1084085263) 的消息: 再井我可能真的心态炸裂 (49744) 
[2020-11-02 09:01:13] [INFO]: 收到群 从零开始的BCR生活(110748466) 内 咕咕咕噜灵波(382230250) 的消息: 确实 (49745) 
[2020-11-02 09:02:25] [INFO]: 收到群 从零开始的BCR生活(110748466) 内 暗涌—322(1019598713) 的消息: 那我直接四星满专亚里沙 (49746) 
[2020-11-02 09:02:25] [INFO]: 收到群 从零开始的BCR生活(110748466) 内 混低保(1084085263) 的消息: [CQ:image,file=f0beba0b74aef2bada999d43155fb899.image] (49747) 
[2020-11-02 09:02:37] [INFO]: 收到群 从零开始的BCR生活(110748466) 内 暗涌—322(1019598713) 的消息: 满专黄骑 (49748) 
[2020-11-02 09:02:55] [INFO]: 收到群 从零开始的BCR生活(110748466) 内 暗涌—322(1019598713) 的消息: 🙏希望多搞点母猪石，不是氪总只能4 (49749) 
[2020-11-02 09:03:02] [INFO]: 收到群 从零开始的BCR生活(110748466) 内 混低保(1084085263) 的消息: [CQ:image,file=54a0d357f32548e72a46476d14e8fb18.image] (49750) 
[2020-11-02 09:03:27] [INFO]: 收到群 从零开始的BCR生活(110748466) 内 撕破伤口丶(2271180174) 的消息: 我yls80了 (49751) 
[2020-11-02 09:03:29] [INFO]: 收到群 从零开始的BCR生活(110748466) 内 撕破伤口丶(2271180174) 的消息: [CQ:image,file=79df0fad187c04a870616e11c9186a88.image] (49752) 
[2020-11-02 09:03:45] [INFO]: 收到群 从零开始的BCR生活(110748466) 内 暗涌—322(1019598713) 的消息: /暗中观察我好几天没刷了 (49753) 
[2020-11-02 09:03:47] [INFO]: 收到群 从零开始的BCR生活(110748466) 内 暗涌—322(1019598713) 的消息: 110 (49754) 
[2020-11-02 09:04:09] [INFO]: 收到群 从零开始的BCR生活(110748466) 内 混低保(1084085263) 的消息: [CQ:image,file=54a0d357f32548e72a46476d14e8fb18.image] (49755) 
[2020-11-02 09:04:14] [INFO]: 收到群 从零开始的BCR生活(110748466) 内 ArthorLeng(820858636) 的消息: 已经1000石头了，就差那么一丢丢。 (49756) 
[2020-11-02 09:04:25] [INFO]: 收到群 从零开始的BCR生活(110748466) 内 混低保(1084085263) 的消息: 我两千 (49757) 
[2020-11-02 09:04:27] [INFO]: 收到群 从零开始的BCR生活(110748466) 内 混低保(1084085263) 的消息: [CQ:image,file=54a0d357f32548e72a46476d14e8fb18.image] (49758) 
[2020-11-02 09:04:32] [INFO]: 收到群 从零开始的BCR生活(110748466) 内 ArthorLeng(820858636) 的消息: 万圣忍60抽没有就不抽了。 (49759) 
[2020-11-02 09:04:33] [INFO]: 收到群 从零开始的BCR生活(110748466) 内 混低保(1084085263) 的消息: 因为井了万圣忍 (49760) 
[2020-11-02 09:04:33] [INFO]: 收到群 从零开始的BCR生活(110748466) 内 暗涌—322(1019598713) 的消息: [CQ:reply,id=-975547367][CQ:at,qq=820858636] 那我诅咒你一发出了[CQ:at,qq=820858636]  (49761) 
[2020-11-02 09:04:38] [INFO]: 收到群 从零开始的BCR生活(110748466) 内 暗涌—322(1019598713) 的消息: [CQ:image,file=7ea636cf0f10d930f51ed5e191dd768f.image] (49762) 
[2020-11-02 09:04:59] [INFO]: 收到群 从零开始的BCR生活(110748466) 内 ArthorLeng(820858636) 的消息: 难道要迎接有克总的重置jjc？ (49763) 
[2020-11-02 09:05:00] [INFO]: 收到群 从零开始的BCR生活(110748466) 内 暗涌—322(1019598713) 的消息: 让你继续差 (49764) 
[2020-11-02 09:05:13] [INFO]: 收到群 从零开始的BCR生活(110748466) 内 混低保(1084085263) 的消息: [CQ:reply,id=-1633815723][CQ:at,qq=820858636] [CQ:at,qq=820858636] 啊这，，， (49765) 
[2020-11-02 09:05:15] [INFO]: 收到群 从零开始的BCR生活(110748466) 内 混低保(1084085263) 的消息: [CQ:image,file=54a0d357f32548e72a46476d14e8fb18.image] (49766) 
[2020-11-02 09:05:34] [INFO]: 收到群 从零开始的BCR生活(110748466) 内 ArthorLeng(820858636) 的消息: [CQ:image,file=33d77328eaa20df16a31be459c3a4f06.image] (49767) 
[2020-11-02 09:05:36] [INFO]: 收到群 从零开始的BCR生活(110748466) 内 混低保(1084085263) 的消息: 简中服jjc是真的各种爽爆（各种意义上） (49768) 
[2020-11-02 09:05:41] [INFO]: 收到群 从零开始的BCR生活(110748466) 内 混低保(1084085263) 的消息: [CQ:image,file=f0beba0b74aef2bada999d43155fb899.image] (49769) 
[2020-11-02 09:06:38] [INFO]: 收到群 从零开始的BCR生活(110748466) 内 ArthorLeng(820858636) 的消息: 我还想挖二矿凑井来着。 (49770) 
[2020-11-02 09:06:45] [INFO]: 收到群 从零开始的BCR生活(110748466) 内 混低保(1084085263) 的消息: [CQ:image,file=54a0d357f32548e72a46476d14e8fb18.image] (49771) 
[2020-11-02 09:06:52] [INFO]: 收到群 从零开始的BCR生活(110748466) 内 混低保(1084085263) 的消息: 先不说克总了 (49772) 
[2020-11-02 09:07:08] [INFO]: 收到群 从零开始的BCR生活(110748466) 内 混低保(1084085263) 的消息: 单说一个毛大力我们就得换思路 (49773) 
[2020-11-02 09:07:47] [INFO]: 收到群 从零开始的BCR生活(110748466) 内 混低保(1084085263) 的消息: 我都想母环奈和裁缝摆jjc了 (49774) 
[2020-11-02 09:09:20] [INFO]: 收到群 从零开始的BCR生活(110748466) 内 撕破伤口丶(2271180174) 的消息: [CQ:image,file=f0beba0b74aef2bada999d43155fb899.image] (49775) 
[2020-11-02 09:09:33] [INFO]: 收到群 从零开始的BCR生活(110748466) 内 撕破伤口丶(2271180174) 的消息: 可以母环奈呀 (49776) 
[2020-11-02 09:09:56] [INFO]: 收到群 从零开始的BCR生活(110748466) 内 空门苍(1320345334) 的消息: 环奈感觉 (49777) 
[2020-11-02 09:10:02] [INFO]: 收到群 从零开始的BCR生活(110748466) 内 空门苍(1320345334) 的消息: 四五星差不多 (49778) 
[2020-11-02 09:10:15] [INFO]: 收到群 从零开始的BCR生活(110748466) 内 撕破伤口丶(2271180174) 的消息: 还是三星 (49779) 
[2020-11-02 09:10:17] [INFO]: 收到群 从零开始的BCR生活(110748466) 内 撕破伤口丶(2271180174) 的消息: [CQ:image,file=e6bf8d12e052500f15e1318870536200.image] (49780) 
[2020-11-02 09:10:33] [INFO]: 收到群 从零开始的BCR生活(110748466) 内 空门苍(1320345334) 的消息: 智能打jjc
吗 (49781) 
[2020-11-02 09:12:43] [INFO]: 收到群 从零开始的BCR生活(110748466) 内 ArthorLeng(820858636) 的消息: 可以杀伊莉亚。 (49782) 
[2020-11-02 09:22:52] [INFO]: 收到群 从零开始的BCR生活(110748466) 内 暗涌—322(1019598713) 的消息: [CQ:image,file=3e3d5c535420a649659b20ba03b5a40b.image] (49783) 
[2020-11-02 09:25:49] [INFO]: 收到群 从零开始的BCR生活(110748466) 内 混低保(1084085263) 的消息: [CQ:image,file=54a0d357f32548e72a46476d14e8fb18.image] (49784) 
[2020-11-02 09:26:04] [INFO]: 收到群 从零开始的BCR生活(110748466) 内 混低保(1084085263) 的消息: 现在的yly不是随便乱鲨嘛 (49785) 
[2020-11-02 09:26:18] [INFO]: 收到群 从零开始的BCR生活(110748466) 内 ArthorLeng(820858636) 的消息: [CQ:image,file=eedb066d4a3c3ae39535c89db3b422c0.image] (49786) 
[2020-11-02 09:26:41] [INFO]: 收到群 从零开始的BCR生活(110748466) 内 混低保(1084085263) 的消息: 我现在都不想把yly放上去 (49787) 
[2020-11-02 09:32:38] [INFO]: 收到群 从零开始的BCR生活(110748466) 内 暗涌—322(1019598713) 的消息: 放个三队都要法师解的🙏 (49788) 
[2020-11-02 09:33:15] [INFO]: 收到群 从零开始的BCR生活(110748466) 内 来生泪(939140278) 的消息: 我最近p场发现双猫双布丁盲打有点强的 (49789) 
[2020-11-02 09:33:19] [INFO]: 收到群 从零开始的BCR生活(110748466) 内 来生泪(939140278) 的消息: [CQ:image,file=f0beba0b74aef2bada999d43155fb899.image] (49790) 
[2020-11-02 09:33:40] [INFO]: 收到群 从零开始的BCR生活(110748466) 内 空门苍(1320345334) 的消息: 没资源练布丁了 (49791) 
[2020-11-02 09:33:43] [INFO]: 收到群 从零开始的BCR生活(110748466) 内 空门苍(1320345334) 的消息: [CQ:image,file=b9c2971e7c0746d219ecb540e785f7e7.image] (49792) 
[2020-11-02 09:33:56] [INFO]: 收到群 从零开始的BCR生活(110748466) 内 来生泪(939140278) 的消息: [CQ:image,file=a637d4133ca26d3d2619f316a07af785.image] (49793) 
[2020-11-02 09:34:05] [INFO]: 收到群 从零开始的BCR生活(110748466) 内 暗涌—322(1019598713) 的消息: 练完布丁现在只有200w玛娜 (49794) 
[2020-11-02 09:34:29] [INFO]: 收到群 从零开始的BCR生活(110748466) 内 空门苍(1320345334) 的消息: 克总练完再拉完别的就没mana了 (49795) 
[2020-11-02 09:34:36] [INFO]: 收到群 从零开始的BCR生活(110748466) 内 空门苍(1320345334) 的消息: 现在就2000w (49796) 
[2020-11-02 09:35:04] [INFO]: 收到群 从零开始的BCR生活(110748466) 内 暗涌—322(1019598713) 的消息: 克总还早 (49797) 
[2020-11-02 09:36:05] [INFO]: 收到群 从零开始的BCR生活(110748466) 内 暗涌—322(1019598713) 的消息: 我200都不慌 (49798) 
[2020-11-02 09:36:14] [INFO]: 收到群 从零开始的BCR生活(110748466) 内 ArthorLeng(820858636) 的消息: 4000w不慌，就是不知道狼布丁和N2选哪个。 (49799) 
[2020-11-02 09:36:17] [INFO]: 收到群 从零开始的BCR生活(110748466) 内 空门苍(1320345334) 的消息: 不是说10号吗 (49800) 
[2020-11-02 09:36:27] [INFO]: 收到群 从零开始的BCR生活(110748466) 内 暗涌—322(1019598713) 的消息: 那还有好几天呢 (49801) 
[2020-11-02 09:36:40] [INFO]: 收到群 从零开始的BCR生活(110748466) 内 暗涌—322(1019598713) 的消息: 攒个1200不是问题 (49802) 
[2020-11-02 09:37:29] [INFO]: 收到群 从零开始的BCR生活(110748466) 内 空门苍(1320345334) 的消息: [CQ:image,file=f0beba0b74aef2bada999d43155fb899.image] (49803) 
[2020-11-02 09:37:45] [INFO]: 收到群 从零开始的BCR生活(110748466) 内 山田百(327370706) 的消息: 怎么还有缺mana的 (49804) 
[2020-11-02 09:37:46] [INFO]: 收到群 从零开始的BCR生活(110748466) 内 撕破伤口丶(2271180174) 的消息: 强化装备 (49805) 
[2020-11-02 09:37:49] [INFO]: 收到群 从零开始的BCR生活(110748466) 内 撕破伤口丶(2271180174) 的消息: [CQ:image,file=f0beba0b74aef2bada999d43155fb899.image] (49806) 
[2020-11-02 09:37:53] [INFO]: 收到群 从零开始的BCR生活(110748466) 内 撕破伤口丶(2271180174) 的消息: 送走 (49807) 
[2020-11-02 09:38:26] [INFO]: 收到群 从零开始的BCR生活(110748466) 内 空门苍(1320345334) 的消息: [CQ:image,file=d69c019e7aecc17ae28145286dda4208.image] (49808) 
[2020-11-02 09:38:38] [INFO]: 收到群 从零开始的BCR生活(110748466) 内 空门苍(1320345334) 的消息: 万一钻不够怎么办 (49809) 
[2020-11-02 09:38:39] [INFO]: 收到群 从零开始的BCR生活(110748466) 内 空门苍(1320345334) 的消息: [CQ:image,file=b9c2971e7c0746d219ecb540e785f7e7.image] (49810) 
[2020-11-02 09:39:00] [INFO]: 收到群 从零开始的BCR生活(110748466) 内 撕破伤口丶(2271180174) 的消息: 蓝绿修改器 (49811) 
[2020-11-02 09:39:02] [INFO]: 收到群 从零开始的BCR生活(110748466) 内 暗涌—322(1019598713) 的消息: 挖矿 (49812) 
[2020-11-02 09:39:26] [INFO]: 收到群 从零开始的BCR生活(110748466) 内 山田百(327370706) 的消息: fes双倍概率这些钻没抽出来趁早换游戏不吃亏 (49813) 
[2020-11-02 09:39:28] [INFO]: 收到群 从零开始的BCR生活(110748466) 内 空门苍(1320345334) 的消息: Jjc挖完了 (49814) 
[2020-11-02 09:39:53] [INFO]: 收到群 从零开始的BCR生活(110748466) 内 空门苍(1320345334) 的消息: [CQ:image,file=b9c2971e7c0746d219ecb540e785f7e7.image] (49815) 
[2020-11-02 09:40:33] [INFO]: 收到群 从零开始的BCR生活(110748466) 内 山田百(327370706) 的消息: [CQ:image,file=7c2f7cade5674b00a3055eea9ecc120c.image] (49816) 
[2020-11-02 09:45:55] [INFO]: 收到群 从零开始的BCR生活(110748466) 内 暗涌—322(1019598713) 的消息: 不是4w2都不够叭 (49817) 
[2020-11-02 09:46:06] [INFO]: 收到群 从零开始的BCR生活(110748466) 内 暗涌—322(1019598713) 的消息: 不够氪金/暗中观察 (49818) 
[2020-11-02 09:53:52] [INFO]: 收到群 从零开始的BCR生活(110748466) 内 八重丶柒染(459488087) 的消息: 7千钻的路过 (49819) 
[2020-11-02 09:53:52] [INFO]: 收到群 从零开始的BCR生活(110748466) 内 八重丶柒染(459488087) 的消息: /汪汪/汪汪 (49820) 
[2020-11-02 09:53:58] [INFO]: 收到群 从零开始的BCR生活(110748466) 内 八重丶柒染(459488087) 的消息: 接着睡 (49821) 
[2020-11-02 09:54:00] [INFO]: 收到群 从零开始的BCR生活(110748466) 内 空门苍(1320345334) 的消息: [CQ:image,file=b9c2971e7c0746d219ecb540e785f7e7.image] (49822) 
[2020-11-02 09:56:14] [INFO]: 收到群 从零开始的BCR生活(110748466) 内 空门苍(1320345334) 的消息: [CQ:image,file=9a618c94b07345705c908ac9c3a46392.image] (49823) 
[2020-11-02 09:56:56] [INFO]: 收到群 从零开始的BCR生活(110748466) 内 撕破伤口丶(2271180174) 的消息: [CQ:image,file=0949262d00eb59cbd443905e9ecc9d62.image] (49824) 
[2020-11-02 09:56:57] [INFO]: 收到群 从零开始的BCR生活(110748466) 内 八重丶柒染(459488087) 的消息: 不买 (49825) 
[2020-11-02 09:57:12] [INFO]: 收到群 从零开始的BCR生活(110748466) 内 八重丶柒染(459488087) 的消息: 眼皮肤 (49826) 
[2020-11-02 09:57:19] [INFO]: 收到群 从零开始的BCR生活(110748466) 内 八重丶柒染(459488087) 的消息: 干脆整个大乌龟得了[CQ:face,id=178] (49827) 
[2020-11-02 16:50:10] [INFO]: 收到群 从零开始的BCR生活(110748466) 内 凯林阿姆洛斯(1003870549) 的消息: [CQ:image,file=8dceafbf24e9cac735490fd457c0969d.image] (49831) 
[2020-11-02 21:25:44] [INFO]: 收到群 从零开始的BCR生活(110748466) 内 蜻蜓队长(3013304711) 的消息: [CQ:image,file=7d64ff4dc6acd0496378d453a6eb5058.image] (49836) 
[2020-11-02 21:25:44] [INFO]: 收到群 从零开始的BCR生活(110748466) 内 蜻蜓队长(3013304711) 的消息: [CQ:image,file=74a9d2290077ebf58443036769aaab10.image] (49837) 
[2020-11-02 21:25:54] [INFO]: 收到群 从零开始的BCR生活(110748466) 内 蜻蜓队长(3013304711) 的消息: 合理配队 (49838) 
[2020-11-02 21:26:29] [INFO]: 收到群 从零开始的BCR生活(110748466) 内 蜻蜓队长(3013304711) 的消息: 环奈和瓜皮忍木大哒 (49839) 
[2020-11-02 22:32:00] [INFO]: 收到群 从零开始的BCR生活(110748466) 内 绦(503476890) 的消息: [CQ:face,id=3] (49840) 
[2020-11-02 22:32:22] [INFO]: 收到群 从零开始的BCR生活(110748466) 内 绦(503476890) 的消息: 人权忍没体现出来呀 (49841) 
[2020-11-02 22:33:08] [INFO]: 收到群 从零开始的BCR生活(110748466) 内 暗涌—322(1019598713) 的消息: 万圣忍不是打防守的🙏 (49842) 
[2020-11-02 22:34:44] [INFO]: 收到群 从零开始的BCR生活(110748466) 内 暗涌—322(1019598713) 的消息: jjc没有防的住的队伍 (49843) 
[2020-11-02 22:34:57] [INFO]: 收到群 从零开始的BCR生活(110748466) 内 蜻蜓队长(3013304711) 的消息: /吃瓜 (49844) 
[2020-11-02 22:39:38] [INFO]: 收到群 从零开始的BCR生活(110748466) 内 ArthorLeng(820858636) 的消息: 主要是环奈NB压缩了万圣忍的空间。 (49845) 
