[2020-11-03 00:37:44] [INFO]: 收到群 从零开始的BCR生活(110748466) 内 K.k(2535940194) 的消息: [CQ:image,file=cad0f499814565e940827c70187bad97.image]auto一刀了 (49846) 
[2020-11-03 00:37:46] [INFO]: 收到群 从零开始的BCR生活(110748466) 内 K.k(2535940194) 的消息: [CQ:image,file=c5dbc6bfed8b549a9c1a35c8e8a3ac7a.image] (49847) 
[2020-11-03 00:49:21] [INFO]: 收到群 从零开始的BCR生活(110748466) 内 混低保(1084085263) 的消息: [CQ:image,file=54a0d357f32548e72a46476d14e8fb18.image] (49848) 
[2020-11-03 12:12:08] [INFO]: 收到群 从零开始的BCR生活(110748466) 内 ArthorLeng(820858636) 的消息: [CQ:image,file=fabc9c76e90a51061d3623a5808fa878.image] (49860) 
[2020-11-03 12:14:51] [INFO]: 收到群 从零开始的BCR生活(110748466) 内 暗涌—322(1019598713) 的消息: 没月卡表示就这🙏 (49861) 
[2020-11-03 12:22:50] [INFO]: 收到群 从零开始的BCR生活(110748466) 内 ArthorLeng(820858636) 的消息: [CQ:image,file=fabc9c76e90a51061d3623a5808fa878.image] (49863) 
[2020-11-03 13:49:06] [INFO]: 收到群 从零开始的BCR生活(110748466) 内 霸刀陈三(3252388757) 的消息: 我要会农场补点装备玛那，麻烦会长踢一下 (49864) 
[2020-11-03 13:50:05] [INFO]: 收到群 从零开始的BCR生活(110748466) 内 K.k(2535940194) 的消息: 我农场到期了在考虑续不续 (49865) 
[2020-11-03 13:50:12] [INFO]: 收到群 从零开始的BCR生活(110748466) 内 K.k(2535940194) 的消息: [CQ:image,file=5d439102456fcc0635335c1552d30e9b.image] (49866) 
[2020-11-03 13:54:46] [INFO]: 收到群 从零开始的BCR生活(110748466) 内 ArthorLeng(820858636) 的消息: [CQ:image,file=fabc9c76e90a51061d3623a5808fa878.image] (49868) 
[2020-11-03 15:06:01] [INFO]: 收到群 从零开始的BCR生活(110748466) 内 霸刀陈三(3252388757) 的消息: 会长嘞? (49869) 
[2020-11-03 15:06:10] [INFO]: 收到群 从零开始的BCR生活(110748466) 内 霸刀陈三(3252388757) 的消息: 麻烦踢一下 (49870) 
[2020-11-03 15:06:20] [INFO]: 收到群 从零开始的BCR生活(110748466) 内 fooly(835185523) 的消息: ？ (49871) 
[2020-11-03 15:06:35] [INFO]: 收到群 从零开始的BCR生活(110748466) 内 fooly(835185523) 的消息: 啊 稍等 (49872) 
[2020-11-03 15:06:38] [INFO]: 收到群 从零开始的BCR生活(110748466) 内 咕咕咕噜灵波(382230250) 的消息: [CQ:image,file=3f873cd85d38dbd295fdc0ea6a70ec24.image] (49873) 
[2020-11-03 15:06:43] [INFO]: 收到群 从零开始的BCR生活(110748466) 内 混低保(1084085263) 的消息: 啊这 (49874) 
[2020-11-03 15:07:03] [INFO]: 收到群 从零开始的BCR生活(110748466) 内 混低保(1084085263) 的消息: 今日份涩图呢？ (49875) 
[2020-11-03 15:09:13] [INFO]: 收到群 从零开始的BCR生活(110748466) 内 fooly(835185523) 的消息: [CQ:at,qq=3252388757] T了 (49876) 
[2020-11-03 15:09:35] [INFO]: 收到群 从零开始的BCR生活(110748466) 内 fooly(835185523) 的消息: 涩图我就没了 (49877) 
[2020-11-03 15:09:45] [INFO]: 收到群 从零开始的BCR生活(110748466) 内 fooly(835185523) 的消息: /头秃 (49878) 
[2020-11-03 15:13:11] [INFO]: 收到群 从零开始的BCR生活(110748466) 内 凯林阿姆洛斯(1003870549) 的消息: [CQ:image,file=19eef23b686e012d6613bc58d802c1f5.image] (49879) 
[2020-11-03 15:13:56] [INFO]: 收到群 从零开始的BCR生活(110748466) 内 凯林阿姆洛斯(1003870549) 的消息: [CQ:image,file=39f9d15d6c3275d7119fc9f8b4da37ba.image] (49880) 
[2020-11-03 15:14:39] [INFO]: 收到群 从零开始的BCR生活(110748466) 内 混低保(1084085263) 的消息: [CQ:image,file=54a0d357f32548e72a46476d14e8fb18.image] (49881) 
[2020-11-03 15:20:34] [INFO]: 收到群 从零开始的BCR生活(110748466) 内 霸刀陈三(3252388757) 的消息: 绝了，焰帝戒指缺几百个却不能捐 (49882) 
[2020-11-03 15:22:27] [INFO]: 收到群 从零开始的BCR生活(110748466) 内 暗涌—322(1019598713) 的消息: 要那么多 (49883) 
[2020-11-03 15:25:07] [INFO]: 收到群 从零开始的BCR生活(110748466) 内 混低保(1084085263) 的消息: [CQ:image,file=708fbb971ea388b23c3c561eb5b89e84.image] (49884) 
[2020-11-03 15:25:10] [INFO]: 收到群 从零开始的BCR生活(110748466) 内 混低保(1084085263) 的消息: 什么东西 (49885) 
[2020-11-03 15:43:57] [INFO]: 收到群 从零开始的BCR生活(110748466) 内 寒蝉鸣泣之时(460005075) 的消息: [CQ:reply,id=2084940144][CQ:at,qq=3252388757] [CQ:at,qq=3252388757] 那个不急，以后伴生特别多，直接溢出 (49886) 
[2020-11-03 16:10:32] [INFO]: 收到群 从零开始的BCR生活(110748466) 内 凯林阿姆洛斯(1003870549) 的消息: [CQ:image,file=e4f8b148823644d6571ce6c883ccf4d3.image] (49887) 
[2020-11-03 18:10:34] [INFO]: 收到群 从零开始的BCR生活(110748466) 内 霸刀陈三(3252388757) 的消息: [CQ:image,file=e16bd33a645da2a1c9f0cae44df792f1.image] (49893) 
[2020-11-03 18:10:51] [INFO]: 收到群 从零开始的BCR生活(110748466) 内 蜻蜓队长(3013304711) 的消息: [CQ:image,file=ee575631ab459b76004869b4bab3c480.image] (49894) 
[2020-11-03 18:45:13] [INFO]: 收到群 从零开始的BCR生活(110748466) 内 混低保(1084085263) 的消息: [CQ:image,file=54a0d357f32548e72a46476d14e8fb18.image] (49895) 
[2020-11-03 19:29:21] [INFO]: 收到群 从零开始的BCR生活(110748466) 内 绦(503476890) 的消息: [CQ:image,file=1f2f2dfb82dfd1d722e6e123b78d2fcd.image] (49896) 
[2020-11-03 19:29:30] [INFO]: 收到群 从零开始的BCR生活(110748466) 内 绦(503476890) 的消息: 一个N2不知道要刷什么了 (49897) 
[2020-11-03 19:30:23] [INFO]: 收到群 从零开始的BCR生活(110748466) 内 K.k(2535940194) 的消息: [CQ:image,file=1f2f2dfb82dfd1d722e6e123b78d2fcd.image] (49898) 
[2020-11-03 19:35:05] [INFO]: 收到群 从零开始的BCR生活(110748466) 内 绦(503476890) 的消息: 
[CQ:image,file=2e9c49096a6b72d9f0c18d04d9be2200.image] (49899) 
[2020-11-03 19:48:25] [INFO]: 收到群 从零开始的BCR生活(110748466) 内 空门苍(1320345334) 的消息: 创口贴》 (49900) 
[2020-11-03 19:48:27] [INFO]: 收到群 从零开始的BCR生活(110748466) 内 空门苍(1320345334) 的消息: ？ (49901) 
[2020-11-03 19:49:33] [INFO]: 收到群 从零开始的BCR生活(110748466) 内 K.k(2535940194) 的消息: [CQ:image,file=aeb8149eabc5393915992cc4c3cef7bd.image]被农场提出来了 (49902) 
[2020-11-03 19:49:35] [INFO]: 收到群 从零开始的BCR生活(110748466) 内 K.k(2535940194) 的消息: [CQ:image,file=1eaaf219adc822d01714968d06001dfc.image] (49903) 
[2020-11-03 19:50:40] [INFO]: 收到群 从零开始的BCR生活(110748466) 内 空门苍(1320345334) 的消息: 什么情况 (49904) 
[2020-11-03 19:50:51] [INFO]: 收到群 从零开始的BCR生活(110748466) 内 空门苍(1320345334) 的消息: 农场被封了？ (49905) 
[2020-11-03 19:51:02] [INFO]: 收到群 从零开始的BCR生活(110748466) 内 K.k(2535940194) 的消息: 到期了[CQ:image,file=1f2f2dfb82dfd1d722e6e123b78d2fcd.image] (49906) 
[2020-11-03 19:51:11] [INFO]: 收到群 从零开始的BCR生活(110748466) 内 空门苍(1320345334) 的消息: [CQ:image,file=79df0fad187c04a870616e11c9186a88.image] (49907) 
[2020-11-03 20:31:07] [INFO]: 收到群 从零开始的BCR生活(110748466) 内 混低保(1084085263) 的消息: [CQ:image,file=708fbb971ea388b23c3c561eb5b89e84.image] (49908) 
[2020-11-03 20:39:22] [INFO]: 收到群 从零开始的BCR生活(110748466) 内 绦(503476890) 的消息: [CQ:image,file=11c262010e0a328375c5e03aa1622edb.image] (49909) 
[2020-11-03 20:39:33] [INFO]: 收到群 从零开始的BCR生活(110748466) 内 绦(503476890) 的消息: [CQ:image,file=ef28887107ba5cd7eaa17e6a49aec763.image] (49910) 
[2020-11-03 20:39:44] [INFO]: 收到群 从零开始的BCR生活(110748466) 内 绦(503476890) 的消息: 还得用熊锤嘛  我换到3星没换了 (49911) 
[2020-11-03 20:39:58] [INFO]: 收到群 从零开始的BCR生活(110748466) 内 撕破伤口丶(2271180174) 的消息: 五星 (49912) 
[2020-11-03 20:40:00] [INFO]: 收到群 从零开始的BCR生活(110748466) 内 撕破伤口丶(2271180174) 的消息: [CQ:image,file=f0beba0b74aef2bada999d43155fb899.image] (49913) 
[2020-11-03 20:40:01] [INFO]: 收到群 从零开始的BCR生活(110748466) 内 蜻蜓队长(3013304711) 的消息: 用啊 (49914) 
[2020-11-03 20:40:06] [INFO]: 收到群 从零开始的BCR生活(110748466) 内 K.k(2535940194) 的消息: 这期还是无智 (49915) 
[2020-11-03 20:40:12] [INFO]: 收到群 从零开始的BCR生活(110748466) 内 K.k(2535940194) 的消息: 克总也不好说（ (49916) 
[2020-11-03 20:40:16] [INFO]: 收到群 从零开始的BCR生活(110748466) 内 K.k(2535940194) 的消息: [CQ:image,file=708fbb971ea388b23c3c561eb5b89e84.image] (49917) 
[2020-11-03 20:40:25] [INFO]: 收到群 从零开始的BCR生活(110748466) 内 撕破伤口丶(2271180174) 的消息: [CQ:image,file=df9315ee9e8e362d2304abb013967f1b.image] (49918) 
[2020-11-03 20:40:44] [INFO]: 收到群 从零开始的BCR生活(110748466) 内 空门苍(1320345334) 的消息: 什么 (49919) 
[2020-11-03 20:40:46] [INFO]: 收到群 从零开始的BCR生活(110748466) 内 蜻蜓队长(3013304711) 的消息: 快进到抽不出克总被沙 (49920) 
[2020-11-03 20:40:47] [INFO]: 收到群 从零开始的BCR生活(110748466) 内 空门苍(1320345334) 的消息: 还要用熊锤 (49921) 
[2020-11-03 20:41:06] [INFO]: 收到群 从零开始的BCR生活(110748466) 内 蜻蜓队长(3013304711) 的消息: 用啊 (49922) 
[2020-11-03 20:41:31] [INFO]: 收到群 从零开始的BCR生活(110748466) 内 K.k(2535940194) 的消息: 我台服没蝶妈已经快被鲨了 (49923) 
[2020-11-03 20:41:39] [INFO]: 收到群 从零开始的BCR生活(110748466) 内 K.k(2535940194) 的消息: [CQ:image,file=df9315ee9e8e362d2304abb013967f1b.image] (49924) 
[2020-11-03 20:43:11] [INFO]: 收到群 从零开始的BCR生活(110748466) 内 K.k(2535940194) 的消息: jjc没啥东西能换了吧 (49925) 
[2020-11-03 20:43:16] [INFO]: 收到群 从零开始的BCR生活(110748466) 内 K.k(2535940194) 的消息: 就换熊锤呗 (49926) 
[2020-11-03 20:43:36] [INFO]: 收到群 从零开始的BCR生活(110748466) 内 空门苍(1320345334) 的消息: 在换猫剑 (49927) 
[2020-11-03 20:43:41] [INFO]: 收到群 从零开始的BCR生活(110748466) 内 空门苍(1320345334) 的消息: [CQ:image,file=b9c2971e7c0746d219ecb540e785f7e7.image] (49928) 
[2020-11-03 20:43:47] [INFO]: 收到群 从零开始的BCR生活(110748466) 内 空门苍(1320345334) 的消息: 不是说快开专武了吗 (49929) 
[2020-11-03 20:44:13] [INFO]: 收到群 从零开始的BCR生活(110748466) 内 撕破伤口丶(2271180174) 的消息: [CQ:image,file=f0beba0b74aef2bada999d43155fb899.image] (49930) 
[2020-11-03 20:44:28] [INFO]: 收到群 从零开始的BCR生活(110748466) 内 蜻蜓队长(3013304711) 的消息: 什么？ (49931) 
[2020-11-03 20:44:45] [INFO]: 收到群 从零开始的BCR生活(110748466) 内 蜻蜓队长(3013304711) 的消息: 你猫剑没5星？ (49932) 
[2020-11-03 20:44:50] [INFO]: 收到群 从零开始的BCR生活(110748466) 内 撕破伤口丶(2271180174) 的消息: 没事，应该用不上几个熊锤刀，有人练了就行了 (49933) 
[2020-11-03 20:45:06] [INFO]: 收到群 从零开始的BCR生活(110748466) 内 空门苍(1320345334) 的消息: 刚四 (49934) 
[2020-11-03 20:45:17] [INFO]: 收到群 从零开始的BCR生活(110748466) 内 空门苍(1320345334) 的消息: [CQ:image,file=f0beba0b74aef2bada999d43155fb899.image] (49935) 
[2020-11-03 20:45:21] [INFO]: 收到群 从零开始的BCR生活(110748466) 内 撕破伤口丶(2271180174) 的消息: [CQ:image,file=f0beba0b74aef2bada999d43155fb899.image] (49936) 
[2020-11-03 20:46:51] [INFO]: 收到群 从零开始的BCR生活(110748466) 内 K.k(2535940194) 的消息: 我快5了[CQ:image,file=f0beba0b74aef2bada999d43155fb899.image] (49937) 
[2020-11-03 20:47:23] [INFO]: 收到群 从零开始的BCR生活(110748466) 内 撕破伤口丶(2271180174) 的消息: 这次的熊锤刀好像不比上次的29简单 (49938) 
[2020-11-03 20:47:25] [INFO]: 收到群 从零开始的BCR生活(110748466) 内 撕破伤口丶(2271180174) 的消息: [CQ:image,file=f0beba0b74aef2bada999d43155fb899.image] (49939) 
[2020-11-03 20:58:52] [INFO]: 收到群 从零开始的BCR生活(110748466) 内 绦(503476890) 的消息: [CQ:image,file=74125bf302fe2da90ddc86c32a1bb5c8.image] (49940) 
[2020-11-03 20:59:52] [INFO]: 收到群 从零开始的BCR生活(110748466) 内 暗涌—322(1019598713) 的消息: 要5嘛 (49941) 
[2020-11-03 21:00:01] [INFO]: 收到群 从零开始的BCR生活(110748466) 内 暗涌—322(1019598713) 的消息: 要我也来不及 (49942) 
[2020-11-03 21:00:11] [INFO]: 收到群 从零开始的BCR生活(110748466) 内 撕破伤口丶(2271180174) 的消息: 视频里是5 (49943) 
[2020-11-03 21:00:17] [INFO]: 收到群 从零开始的BCR生活(110748466) 内 蜻蜓队长(3013304711) 的消息: 不5的只能说是母猪石不够 (49944) 
[2020-11-03 21:00:37] [INFO]: 收到群 从零开始的BCR生活(110748466) 内 蜻蜓队长(3013304711) 的消息: 因为这个早晚要5的 (49945) 
[2020-11-03 21:01:35] [INFO]: 收到群 从零开始的BCR生活(110748466) 内 混低保(1084085263) 的消息: [CQ:image,file=54a0d357f32548e72a46476d14e8fb18.image] (49946) 
[2020-11-03 21:04:13] [INFO]: 收到群 从零开始的BCR生活(110748466) 内 暗涌—322(1019598713) 的消息: 所以你们有5吗 (49947) 
[2020-11-03 21:04:50] [INFO]: 收到群 从零开始的BCR生活(110748466) 内 夜的第七章(1372207650) 的消息: 5了 (49948) 
[2020-11-03 21:04:54] [INFO]: 收到群 从零开始的BCR生活(110748466) 内 夜的第七章(1372207650) 的消息: [CQ:image,file=f0beba0b74aef2bada999d43155fb899.image] (49949) 
[2020-11-03 21:04:56] [INFO]: 收到群 从零开始的BCR生活(110748466) 内 混低保(1084085263) 的消息: 🙏我刚好三，现在在换妹弓 (49950) 
[2020-11-03 21:04:59] [INFO]: 收到群 从零开始的BCR生活(110748466) 内 夜的第七章(1372207650) 的消息: 上期换完 (49951) 
[2020-11-03 21:07:39] [INFO]: 收到群 从零开始的BCR生活(110748466) 内 蜻蜓队长(3013304711) 的消息: [CQ:image,file=5343e466a78f312c92b4045d17561bb2.image] (49952) 
[2020-11-03 21:09:35] [INFO]: 收到群 从零开始的BCR生活(110748466) 内 霸刀陈三(3252388757) 的消息: 什么?还要换熊锤? (49953) 
[2020-11-03 21:09:57] [INFO]: 收到群 从零开始的BCR生活(110748466) 内 霸刀陈三(3252388757) 的消息: 刚攒的1wjjc币啊 (49954) 
[2020-11-03 21:10:12] [INFO]: 收到群 从零开始的BCR生活(110748466) 内 ArthorLeng(820858636) 的消息: 不用熊锤也能打吧... (49955) 
[2020-11-03 21:10:32] [INFO]: 收到群 从零开始的BCR生活(110748466) 内 ArthorLeng(820858636) 的消息: 就一个老五能用，老五还要出法刀。 (49956) 
[2020-11-03 21:16:53] [INFO]: 收到群 从零开始的BCR生活(110748466) 内 撕破伤口丶(2271180174) 的消息: 只有要打三个五王的时候要用 (49957) 
[2020-11-03 21:18:00] [INFO]: 收到群 从零开始的BCR生活(110748466) 内 寒蝉鸣泣之时(460005075) 的消息: jjc币最近不会加新人物了吧，都换就是了 (49958) 
[2020-11-03 21:18:16] [INFO]: 收到群 从零开始的BCR生活(110748466) 内 撕破伤口丶(2271180174) 的消息: 近期不加了 (49959) 
[2020-11-03 21:18:18] [INFO]: 收到群 从零开始的BCR生活(110748466) 内 撕破伤口丶(2271180174) 的消息: [CQ:image,file=f0beba0b74aef2bada999d43155fb899.image] (49960) 
[2020-11-03 21:20:29] [INFO]: 收到群 从零开始的BCR生活(110748466) 内 暗涌—322(1019598713) 的消息: 🙏今天竞技场还没打 (49961) 
[2020-11-03 21:20:43] [INFO]: 收到群 从零开始的BCR生活(110748466) 内 暗涌—322(1019598713) 的消息: 开始懒惰了 (49962) 
[2020-11-03 21:23:28] [INFO]: 收到群 从零开始的BCR生活(110748466) 内 凯林阿姆洛斯(1003870549) 的消息: 妹弓暂时没啥用了吧 (49963) 
[2020-11-03 21:23:56] [INFO]: 收到群 从零开始的BCR生活(110748466) 内 K.k(2535940194) 的消息: jjc看到那种单T的  我上去就是一个妹弓 (49964) 
[2020-11-03 21:24:00] [INFO]: 收到群 从零开始的BCR生活(110748466) 内 K.k(2535940194) 的消息: [CQ:image,file=f0beba0b74aef2bada999d43155fb899.image] (49965) 
[2020-11-03 21:24:44] [INFO]: 收到群 从零开始的BCR生活(110748466) 内 暗涌—322(1019598713) 的消息: 🙏jjc开始只打一次了 (49966) 
[2020-11-03 21:37:01] [INFO]: 收到群 从零开始的BCR生活(110748466) 内 夜的第七章(1372207650) 的消息: 妹弓是不是能r10阿 (49967) 
[2020-11-03 21:37:04] [INFO]: 收到群 从零开始的BCR生活(110748466) 内 夜的第七章(1372207650) 的消息: [CQ:image,file=f0beba0b74aef2bada999d43155fb899.image] (49968) 
[2020-11-03 21:39:21] [INFO]: 收到群 从零开始的BCR生活(110748466) 内 K.k(2535940194) 的消息: 我早都r10了[CQ:image,file=f0beba0b74aef2bada999d43155fb899.image] (49969) 
[2020-11-03 21:40:42] [INFO]: 收到群 从零开始的BCR生活(110748466) 内 夜的第七章(1372207650) 的消息: 彳亍 (49970) 
[2020-11-03 21:40:43] [INFO]: 收到群 从零开始的BCR生活(110748466) 内 凯林阿姆洛斯(1003870549) 的消息: [CQ:image,file=6456d6afb5ac7476680c0d9e03d86cf2.image] (49971) 
[2020-11-03 22:05:23] [INFO]: 收到群 从零开始的BCR生活(110748466) 内 暗涌—322(1019598713) 的消息: 妹弓不是就是10嘛/暗中观察 (49972) 
