[2020-11-01 13:15:04] [INFO]: 收到群 从零开始的BCR生活(110748466) 内 绦(503476890) 的消息: 梦幻联动 (49574) 
[2020-11-01 13:15:05] [INFO]: 收到群 从零开始的BCR生活(110748466) 内 绦(503476890) 的消息: [CQ:image,file=b65f183cfc5b1e2a642dd8aa8b6cabf9.image] (49575) 
[2020-11-01 15:02:46] [INFO]: 收到群 从零开始的BCR生活(110748466) 内 来生泪(939140278) 的消息: 卧槽被电梯了 (49576) 
[2020-11-01 15:02:49] [INFO]: 收到群 从零开始的BCR生活(110748466) 内 来生泪(939140278) 的消息: 🙏 (49577) 
[2020-11-01 15:05:43] [INFO]: 收到群 从零开始的BCR生活(110748466) 内 混低保(1084085263) 的消息: [CQ:image,file=54a0d357f32548e72a46476d14e8fb18.image] (49578) 
[2020-11-01 15:40:00] [INFO]: 收到群 从零开始的BCR生活(110748466) 内 来生泪(939140278) 的消息: 诶还是吃了第九的钻 (49579) 
[2020-11-01 15:40:02] [INFO]: 收到群 从零开始的BCR生活(110748466) 内 来生泪(939140278) 的消息: 那没事了 (49580) 
[2020-11-01 15:40:09] [INFO]: 收到群 从零开始的BCR生活(110748466) 内 来生泪(939140278) 的消息: 卡点没卡好呀这兄弟 (49581) 
[2020-11-01 15:40:16] [INFO]: 收到群 从零开始的BCR生活(110748466) 内 来生泪(939140278) 的消息: [CQ:image,file=812f714851a365dce2929faef93251f4.image] (49582) 
[2020-11-01 15:52:02] [INFO]: 收到群 从零开始的BCR生活(110748466) 内 蜻蜓队长(3013304711) 的消息: [CQ:image,file=f940126edceaf4b1dac63abe9add7bdd.image] (49583) 
[2020-11-01 15:52:11] [INFO]: 收到群 从零开始的BCR生活(110748466) 内 蜻蜓队长(3013304711) 的消息: 5x瓜忍 (49584) 
[2020-11-01 15:52:16] [INFO]: 收到群 从零开始的BCR生活(110748466) 内 蜻蜓队长(3013304711) 的消息: 不过如此 (49585) 
[2020-11-01 15:52:43] [INFO]: 收到群 从零开始的BCR生活(110748466) 内 蜻蜓队长(3013304711) 的消息: 水黑甚至没有伤害 (49586) 
[2020-11-01 21:21:13] [INFO]: 收到群 从零开始的BCR生活(110748466) 内 霸刀陈三(3252388757) 的消息: 今天n2? (49587) 
[2020-11-01 21:21:21] [INFO]: 收到群 从零开始的BCR生活(110748466) 内 霸刀陈三(3252388757) 的消息: 我艹了，现在才想起来 (49588) 
[2020-11-01 21:21:29] [INFO]: 收到群 从零开始的BCR生活(110748466) 内 暗涌—322(1019598713) 的消息: [CQ:face,id=76] (49589) 
[2020-11-01 21:21:32] [INFO]: 收到群 从零开始的BCR生活(110748466) 内 蜻蜓队长(3013304711) 的消息: /吃瓜 (49590) 
[2020-11-01 21:21:32] [INFO]: 收到群 从零开始的BCR生活(110748466) 内 八重丶柒染(459488087) 的消息: ？？？？ (49591) 
[2020-11-01 21:21:33] [INFO]: 收到群 从零开始的BCR生活(110748466) 内 霸刀陈三(3252388757) 的消息: 体力全刷🐺布丁了 (49592) 
[2020-11-01 21:21:33] [INFO]: 收到群 从零开始的BCR生活(110748466) 内 八重丶柒染(459488087) 的消息: 卧槽 (49593) 
[2020-11-01 21:21:41] [INFO]: 收到群 从零开始的BCR生活(110748466) 内 八重丶柒染(459488087) 的消息: 光打球了 (49594) 
[2020-11-01 21:21:42] [INFO]: 收到群 从零开始的BCR生活(110748466) 内 八重丶柒染(459488087) 的消息: 忘了 (49595) 
[2020-11-01 21:21:43] [INFO]: 收到群 从零开始的BCR生活(110748466) 内 蜻蜓队长(3013304711) 的消息: 给新人补作业用的 (49596) 
[2020-11-01 21:21:59] [INFO]: 收到群 从零开始的BCR生活(110748466) 内 暗涌—322(1019598713) 的消息: 我昨晚还囤了999🙏 (49597) 
[2020-11-01 21:22:16] [INFO]: 收到群 从零开始的BCR生活(110748466) 内 暗涌—322(1019598713) 的消息: 感觉护身符300个不够 (49598) 
[2020-11-01 21:22:21] [INFO]: 收到群 从零开始的BCR生活(110748466) 内 混低保(1084085263) 的消息: 自己屯竟然不说一声，可见居心裹测 (49599) 
[2020-11-01 21:23:03] [INFO]: 收到群 从零开始的BCR生活(110748466) 内 暗涌—322(1019598713) 的消息: 🙏不是群里我都不知道有n2 (49600) 
[2020-11-01 21:23:15] [INFO]: 收到群 从零开始的BCR生活(110748466) 内 霸刀陈三(3252388757) 的消息: 丫的要不是突然p场有人提了一句，怕不是n2结束了我都还不知道呢 (49601) 
[2020-11-01 21:26:33] [INFO]: 收到群 从零开始的BCR生活(110748466) 内 K.k(2535940194) 的消息: n2 (49602) 
[2020-11-01 21:26:47] [INFO]: 收到群 从零开始的BCR生活(110748466) 内 K.k(2535940194) 的消息: 我今天还是全刷活动了 (49603) 
[2020-11-01 21:26:48] [INFO]: 收到群 从零开始的BCR生活(110748466) 内 K.k(2535940194) 的消息: [CQ:image,file=c5dbc6bfed8b549a9c1a35c8e8a3ac7a.image] (49604) 
[2020-11-01 21:27:25] [INFO]: 收到群 从零开始的BCR生活(110748466) 内 暗涌—322(1019598713) 的消息: [CQ:image,file=3e3d5c535420a649659b20ba03b5a40b.image] (49605) 
[2020-11-01 21:27:35] [INFO]: 收到群 从零开始的BCR生活(110748466) 内 暗涌—322(1019598713) 的消息: 你们有缺的装备吗 (49606) 
[2020-11-01 21:29:48] [INFO]: 收到群 从零开始的BCR生活(110748466) 内 霸刀陈三(3252388757) 的消息: 挺缺的，上次n3跟没开似的 (49607) 
[2020-11-01 21:30:28] [INFO]: 收到群 从零开始的BCR生活(110748466) 内 暗涌—322(1019598713) 的消息: 🙏 (49608) 
[2020-11-01 21:30:46] [INFO]: 收到群 从零开始的BCR生活(110748466) 内 K.k(2535940194) 的消息: 缺的 (49609) 
[2020-11-01 21:30:54] [INFO]: 收到群 从零开始的BCR生活(110748466) 内 K.k(2535940194) 的消息: 最少的就只够两件 (49610) 
[2020-11-01 21:31:03] [INFO]: 收到群 从零开始的BCR生活(110748466) 内 暗涌—322(1019598713) 的消息: 我就奇怪为啥p场的人为啥说巫师鞋很缺 (49611) 
[2020-11-01 21:31:15] [INFO]: 收到群 从零开始的BCR生活(110748466) 内 K.k(2535940194) 的消息: 我还有 (49612) 
[2020-11-01 21:31:19] [INFO]: 收到群 从零开始的BCR生活(110748466) 内 K.k(2535940194) 的消息: 300个碎片 好像 (49613) 
[2020-11-01 21:31:20] [INFO]: 收到群 从零开始的BCR生活(110748466) 内 暗涌—322(1019598713) 的消息: 没人穿的到啊 (49614) 
[2020-11-01 21:31:30] [INFO]: 收到群 从零开始的BCR生活(110748466) 内 霸刀陈三(3252388757) 的消息: 我至今狼布丁还少穿个拳套呢 (49615) 
[2020-11-01 21:31:32] [INFO]: 收到群 从零开始的BCR生活(110748466) 内 暗涌—322(1019598713) 的消息: 300够了 (49616) 
[2020-11-01 21:32:07] [INFO]: 收到群 从零开始的BCR生活(110748466) 内 暗涌—322(1019598713) 的消息: 那狗拳猫拳r10还要60个呢 (49617) 
[2020-11-01 21:32:57] [INFO]: 收到群 从零开始的BCR生活(110748466) 内 八重丶柒染(459488087) 的消息: 我给中二刷了一套 (49618) 
[2020-11-01 21:33:01] [INFO]: 收到群 从零开始的BCR生活(110748466) 内 八重丶柒染(459488087) 的消息: [CQ:image,file=410a04e2a4163f9db508ad169d706408.image] (49619) 
[2020-11-01 21:42:19] [INFO]: 收到群 从零开始的BCR生活(110748466) 内 撕破伤口丶(2271180174) 的消息: [CQ:at,qq=1019598713] 那个法鞋 后面还要用 (49620) 
[2020-11-01 21:42:22] [INFO]: 收到群 从零开始的BCR生活(110748466) 内 撕破伤口丶(2271180174) 的消息: [CQ:image,file=f0beba0b74aef2bada999d43155fb899.image] (49621) 
[2020-11-01 21:43:21] [INFO]: 收到群 从零开始的BCR生活(110748466) 内 暗涌—322(1019598713) 的消息: 你多少 (49622) 
[2020-11-01 21:43:25] [INFO]: 收到群 从零开始的BCR生活(110748466) 内 撕破伤口丶(2271180174) 的消息: 不知道 (49623) 
[2020-11-01 21:43:29] [INFO]: 收到群 从零开始的BCR生活(110748466) 内 撕破伤口丶(2271180174) 的消息: 等我回去看看 (49624) 
[2020-11-01 21:43:30] [INFO]: 收到群 从零开始的BCR生活(110748466) 内 霸刀陈三(3252388757) 的消息: 我410个 (49625) 
[2020-11-01 21:43:33] [INFO]: 收到群 从零开始的BCR生活(110748466) 内 撕破伤口丶(2271180174) 的消息: 刚看完电影 (49626) 
[2020-11-01 21:44:59] [INFO]: 收到群 从零开始的BCR生活(110748466) 内 暗涌—322(1019598713) 的消息: 护身符也要的多🙏 (49627) 
[2020-11-01 21:45:11] [INFO]: 收到群 从零开始的BCR生活(110748466) 内 暗涌—322(1019598713) 的消息: r10一大堆 (49628) 
[2020-11-01 21:46:34] [INFO]: 收到群 从零开始的BCR生活(110748466) 内 暗涌—322(1019598713) 的消息: 起码400来个🙏 (49629) 
[2020-11-01 21:48:46] [INFO]: 收到群 从零开始的BCR生活(110748466) 内 撕破伤口丶(2271180174) 的消息: 我想起来了 (49630) 
[2020-11-01 21:49:00] [INFO]: 收到群 从零开始的BCR生活(110748466) 内 撕破伤口丶(2271180174) 的消息: 好像是11的斧要法鞋 (49631) 
[2020-11-01 21:49:12] [INFO]: 收到群 从零开始的BCR生活(110748466) 内 暗涌—322(1019598713) 的消息: ？ (49632) 
[2020-11-01 21:49:19] [INFO]: 收到群 从零开始的BCR生活(110748466) 内 混低保(1084085263) 的消息: [CQ:image,file=54a0d357f32548e72a46476d14e8fb18.image] (49633) 
[2020-11-01 21:49:25] [INFO]: 收到群 从零开始的BCR生活(110748466) 内 暗涌—322(1019598713) 的消息: 啥合成配方 (49634) 
[2020-11-01 21:49:34] [INFO]: 收到群 从零开始的BCR生活(110748466) 内 K.k(2535940194) 的消息: 再多开几天n3吧 (49635) 
[2020-11-01 21:49:44] [INFO]: 收到群 从零开始的BCR生活(110748466) 内 撕破伤口丶(2271180174) 的消息: 我回去用图书馆看看 (49636) 
[2020-11-01 21:49:48] [INFO]: 收到群 从零开始的BCR生活(110748466) 内 K.k(2535940194) 的消息: 反正我现在装备是缺的 (49637) 
[2020-11-01 21:49:51] [INFO]: 收到群 从零开始的BCR生活(110748466) 内 K.k(2535940194) 的消息: 不对 (49638) 
[2020-11-01 21:49:55] [INFO]: 收到群 从零开始的BCR生活(110748466) 内 K.k(2535940194) 的消息: 没开新图 (49639) 
[2020-11-01 21:49:55] [INFO]: 收到群 从零开始的BCR生活(110748466) 内 撕破伤口丶(2271180174) 的消息: 马上到了 (49640) 
[2020-11-01 21:50:02] [INFO]: 收到群 从零开始的BCR生活(110748466) 内 K.k(2535940194) 的消息: 怎么开n2啊 (49641) 
[2020-11-01 21:50:06] [INFO]: 收到群 从零开始的BCR生活(110748466) 内 K.k(2535940194) 的消息: [CQ:image,file=9d0220cf8206f2279a8a27ddcb53dcda.image] (49642) 
[2020-11-01 21:50:51] [INFO]: 收到群 从零开始的BCR生活(110748466) 内 K.k(2535940194) 的消息: 开新图装备好像是直接到11-3 (49643) 
[2020-11-01 21:50:58] [INFO]: 收到群 从零开始的BCR生活(110748466) 内 撕破伤口丶(2271180174) 的消息: 给新手的 (49644) 
[2020-11-01 21:51:56] [INFO]: 收到群 从零开始的BCR生活(110748466) 内 暗涌—322(1019598713) 的消息: 嗯 (49645) 
[2020-11-01 21:52:06] [INFO]: 收到群 从零开始的BCR生活(110748466) 内 暗涌—322(1019598713) 的消息: 没几个留9了🙏 (49646) 
[2020-11-01 21:52:24] [INFO]: 收到群 从零开始的BCR生活(110748466) 内 撕破伤口丶(2271180174) 的消息: 我上次看一个up说拳卡10 (49647) 
[2020-11-01 21:52:29] [INFO]: 收到群 从零开始的BCR生活(110748466) 内 暗涌—322(1019598713) 的消息: ？ (49648) 
[2020-11-01 21:52:31] [INFO]: 收到群 从零开始的BCR生活(110748466) 内 撕破伤口丶(2271180174) 的消息: 不太懂 (49649) 
[2020-11-01 21:52:33] [INFO]: 收到群 从零开始的BCR生活(110748466) 内 撕破伤口丶(2271180174) 的消息: [CQ:image,file=e6bf8d12e052500f15e1318870536200.image] (49650) 
[2020-11-01 21:52:39] [INFO]: 收到群 从零开始的BCR生活(110748466) 内 暗涌—322(1019598713) 的消息: 看看图书馆 (49651) 
[2020-11-01 21:52:41] [INFO]: 收到群 从零开始的BCR生活(110748466) 内 撕破伤口丶(2271180174) 的消息: 是不是写错了 (49652) 
[2020-11-01 21:52:41] [INFO]: 收到群 从零开始的BCR生活(110748466) 内 K.k(2535940194) 的消息: [CQ:image,file=e6bf8d12e052500f15e1318870536200.image] (49653) 
[2020-11-01 21:52:44] [INFO]: 收到群 从零开始的BCR生活(110748466) 内 ArthorLeng(820858636) 的消息: 应该是10-6吧。 (49654) 
[2020-11-01 21:52:50] [INFO]: 收到群 从零开始的BCR生活(110748466) 内 撕破伤口丶(2271180174) 的消息: 是10-6 (49655) 
[2020-11-01 21:53:03] [INFO]: 收到群 从零开始的BCR生活(110748466) 内 K.k(2535940194) 的消息: 10-6可能比11-3伤害高 (49656) 
[2020-11-01 21:53:06] [INFO]: 收到群 从零开始的BCR生活(110748466) 内 暗涌—322(1019598713) 的消息: 10-6和11-3差多少 (49657) 
[2020-11-01 21:53:10] [INFO]: 收到群 从零开始的BCR生活(110748466) 内 K.k(2535940194) 的消息: [CQ:image,file=c5dbc6bfed8b549a9c1a35c8e8a3ac7a.image] (49658) 
[2020-11-01 21:53:17] [INFO]: 收到群 从零开始的BCR生活(110748466) 内 撕破伤口丶(2271180174) 的消息: 主要看轴 (49659) 
[2020-11-01 21:53:23] [INFO]: 收到群 从零开始的BCR生活(110748466) 内 撕破伤口丶(2271180174) 的消息: [CQ:image,file=c421df8e8203397f5e0dc8110e95b86e.image] (49660) 
[2020-11-01 21:53:39] [INFO]: 收到群 从零开始的BCR生活(110748466) 内 撕破伤口丶(2271180174) 的消息: 看哪个轴高 (49661) 
[2020-11-01 21:53:49] [INFO]: 收到群 从零开始的BCR生活(110748466) 内 撕破伤口丶(2271180174) 的消息: 装备先刷齐 (49662) 
[2020-11-01 21:53:52] [INFO]: 收到群 从零开始的BCR生活(110748466) 内 K.k(2535940194) 的消息: 今天我在床上躺到2点，现在又困了 (49663) 
[2020-11-01 21:53:54] [INFO]: 收到群 从零开始的BCR生活(110748466) 内 K.k(2535940194) 的消息: [CQ:image,file=9d0220cf8206f2279a8a27ddcb53dcda.image] (49664) 
[2020-11-01 21:53:54] [INFO]: 收到群 从零开始的BCR生活(110748466) 内 暗涌—322(1019598713) 的消息: 懂了 (49665) 
[2020-11-01 21:53:58] [INFO]: 收到群 从零开始的BCR生活(110748466) 内 K.k(2535940194) 的消息: 老了老了 (49666) 
[2020-11-01 21:54:00] [INFO]: 收到群 从零开始的BCR生活(110748466) 内 暗涌—322(1019598713) 的消息: 先卡r9 (49667) 
[2020-11-01 21:54:06] [INFO]: 收到群 从零开始的BCR生活(110748466) 内 暗涌—322(1019598713) 的消息: [CQ:face,id=178] (49669) 
[2020-11-01 21:54:06] [INFO]: 收到群 从零开始的BCR生活(110748466) 内 撕破伤口丶(2271180174) 的消息: 我今天睡到12点 (49668) 
[2020-11-01 21:54:13] [INFO]: 收到群 从零开始的BCR生活(110748466) 内 撕破伤口丶(2271180174) 的消息: 结果我同学给我发消息 (49670) 
[2020-11-01 21:54:18] [INFO]: 收到群 从零开始的BCR生活(110748466) 内 撕破伤口丶(2271180174) 的消息: 说多点了一份饭 (49671) 
[2020-11-01 21:54:22] [INFO]: 收到群 从零开始的BCR生活(110748466) 内 撕破伤口丶(2271180174) 的消息: [CQ:face,id=178] (49672) 
[2020-11-01 21:56:39] [INFO]: 收到群 从零开始的BCR生活(110748466) 内 撕破伤口丶(2271180174) 的消息: [CQ:image,file=b31f9a0999db64ade41be61f594b973e.image] (49673) 
[2020-11-01 21:56:55] [INFO]: 收到群 从零开始的BCR生活(110748466) 内 撕破伤口丶(2271180174) 的消息: 具体数字是装备减负后的了 (49674) 
[2020-11-01 21:57:10] [INFO]: 收到群 从零开始的BCR生活(110748466) 内 撕破伤口丶(2271180174) 的消息: [CQ:image,file=f0beba0b74aef2bada999d43155fb899.image] (49675) 
[2020-11-01 21:57:17] [INFO]: 收到群 从零开始的BCR生活(110748466) 内 蜻蜓队长(3013304711) 的消息: [CQ:reply,id=-2042320861][CQ:at,qq=2271180174] [CQ:at,qq=2271180174] 紫龙斧开始了 (49676) 
[2020-11-01 21:57:45] [INFO]: 收到群 从零开始的BCR生活(110748466) 内 撕破伤口丶(2271180174) 的消息: [CQ:image,file=2cbf0b931f6b855e1d0e75effdf41a30.image] (49677) 
[2020-11-01 21:57:47] [INFO]: 收到群 从零开始的BCR生活(110748466) 内 撕破伤口丶(2271180174) 的消息: [CQ:image,file=79df0fad187c04a870616e11c9186a88.image] (49678) 
[2020-11-01 21:57:50] [INFO]: 收到群 从零开始的BCR生活(110748466) 内 暗涌—322(1019598713) 的消息: [CQ:face,id=178]🙏 (49679) 
[2020-11-01 21:58:53] [INFO]: 收到群 从零开始的BCR生活(110748466) 内 暗涌—322(1019598713) 的消息: 我好像之前缺钱卖过这个 (49680) 
[2020-11-01 21:59:02] [INFO]: 收到群 从零开始的BCR生活(110748466) 内 蜻蜓队长(3013304711) 的消息: 这个 (49681) 
[2020-11-01 21:59:06] [INFO]: 收到群 从零开始的BCR生活(110748466) 内 撕破伤口丶(2271180174) 的消息: [CQ:image,file=02bceb4366fd2f2cff6c4e73dd69404c.image] (49682) 
[2020-11-01 21:59:09] [INFO]: 收到群 从零开始的BCR生活(110748466) 内 蜻蜓队长(3013304711) 的消息: 以后大大的要用 (49683) 
[2020-11-01 21:59:43] [INFO]: 收到群 从零开始的BCR生活(110748466) 内 暗涌—322(1019598713) 的消息: 先刷太阳护身符先 (49684) 
[2020-11-01 21:59:59] [INFO]: 收到群 从零开始的BCR生活(110748466) 内 撕破伤口丶(2271180174) 的消息: [CQ:image,file=875b91c46f1eacd357f3ad1404d48ecb.image] (49685) 
[2020-11-01 22:00:59] [INFO]: 收到群 从零开始的BCR生活(110748466) 内 暗涌—322(1019598713) 的消息: 卖的只剩300个了🙏 (49686) 
[2020-11-01 22:01:14] [INFO]: 收到群 从零开始的BCR生活(110748466) 内 暗涌—322(1019598713) 的消息: 快捐赠 (49687) 
[2020-11-01 22:01:22] [INFO]: 收到群 从零开始的BCR生活(110748466) 内 撕破伤口丶(2271180174) 的消息: [CQ:image,file=79df0fad187c04a870616e11c9186a88.image] (49688) 
[2020-11-01 22:01:58] [INFO]: 收到群 从零开始的BCR生活(110748466) 内 暗涌—322(1019598713) 的消息: 帮我看看哪些关卡能刷 (49689) 
[2020-11-01 22:02:25] [INFO]: 收到群 从零开始的BCR生活(110748466) 内 撕破伤口丶(2271180174) 的消息: [CQ:image,file=cf81d95fce42c777bd215ebfb241af9a.image] (49690) 
[2020-11-01 22:02:35] [INFO]: 收到群 从零开始的BCR生活(110748466) 内 撕破伤口丶(2271180174) 的消息: 别想了 (49691) 
[2020-11-01 22:02:42] [INFO]: 收到群 从零开始的BCR生活(110748466) 内 撕破伤口丶(2271180174) 的消息: [CQ:image,file=f0beba0b74aef2bada999d43155fb899.image] (49692) 
[2020-11-01 22:02:44] [INFO]: 收到群 从零开始的BCR生活(110748466) 内 蜻蜓队长(3013304711) 的消息: [CQ:image,file=5343e466a78f312c92b4045d17561bb2.image] (49693) 
[2020-11-01 22:02:55] [INFO]: 收到群 从零开始的BCR生活(110748466) 内 暗涌—322(1019598713) 的消息: 13-12冲冲冲 (49694) 
[2020-11-01 22:03:17] [INFO]: 收到群 从零开始的BCR生活(110748466) 内 撕破伤口丶(2271180174) 的消息: 等活动图掉吧 (49695) 
[2020-11-01 22:03:22] [INFO]: 收到群 从零开始的BCR生活(110748466) 内 撕破伤口丶(2271180174) 的消息: [CQ:image,file=79df0fad187c04a870616e11c9186a88.image] (49696) 
[2020-11-01 22:04:03] [INFO]: 收到群 从零开始的BCR生活(110748466) 内 暗涌—322(1019598713) 的消息: 等我护身符刷到400个 (49697) 
[2020-11-01 22:04:14] [INFO]: 收到群 从零开始的BCR生活(110748466) 内 蜻蜓队长(3013304711) 的消息: 这个紫龙斧 (49698) 
[2020-11-01 22:04:17] [INFO]: 收到群 从零开始的BCR生活(110748466) 内 暗涌—322(1019598713) 的消息: 应该够用了 (49699) 
[2020-11-01 22:04:20] [INFO]: 收到群 从零开始的BCR生活(110748466) 内 撕破伤口丶(2271180174) 的消息: [CQ:image,file=f0beba0b74aef2bada999d43155fb899.image] (49700) 
[2020-11-01 22:04:37] [INFO]: 收到群 从零开始的BCR生活(110748466) 内 蜻蜓队长(3013304711) 的消息: 未来可是新一代孤儿装 (49701) 
[2020-11-01 22:04:40] [INFO]: 收到群 从零开始的BCR生活(110748466) 内 暗涌—322(1019598713) 的消息: 还有没有阴间装备 (49702) 
[2020-11-01 22:04:51] [INFO]: 收到群 从零开始的BCR生活(110748466) 内 蜻蜓队长(3013304711) 的消息: 还有绝对不之矛 (49703) 
[2020-11-01 22:04:52] [INFO]: 收到群 从零开始的BCR生活(110748466) 内 撕破伤口丶(2271180174) 的消息: 冰剑 (49704) 
[2020-11-01 22:04:55] [INFO]: 群 从零开始的BCR生活(110748466) 内 蜻蜓队长(3013304711) 撤回了 蜻蜓队长(3013304711) 的消息: -926460717. 
[2020-11-01 22:04:57] [INFO]: 收到群 从零开始的BCR生活(110748466) 内 撕破伤口丶(2271180174) 的消息: [CQ:image,file=f0beba0b74aef2bada999d43155fb899.image] (49705) 
[2020-11-01 22:04:58] [INFO]: 收到群 从零开始的BCR生活(110748466) 内 蜻蜓队长(3013304711) 的消息: 还有绝对不够之矛 (49706) 
[2020-11-01 22:05:05] [INFO]: 收到群 从零开始的BCR生活(110748466) 内 K.k(2535940194) 的消息: 我现在台服还在缺的东西 (49707) 
[2020-11-01 22:05:17] [INFO]: 收到群 从零开始的BCR生活(110748466) 内 K.k(2535940194) 的消息: 水灵破坏者，冰之大剑 (49708) 
[2020-11-01 22:05:27] [INFO]: 收到群 从零开始的BCR生活(110748466) 内 K.k(2535940194) 的消息: 还有那个球球 (49709) 
[2020-11-01 22:05:33] [INFO]: 收到群 从零开始的BCR生活(110748466) 内 K.k(2535940194) 的消息: [CQ:image,file=1eaaf219adc822d01714968d06001dfc.image] (49710) 
[2020-11-01 22:05:53] [INFO]: 收到群 从零开始的BCR生活(110748466) 内 撕破伤口丶(2271180174) 的消息: [CQ:image,file=02bceb4366fd2f2cff6c4e73dd69404c.image] (49711) 
[2020-11-01 22:06:01] [INFO]: 收到群 从零开始的BCR生活(110748466) 内 暗涌—322(1019598713) 的消息: 龙之泪后面缺吗 (49712) 
[2020-11-01 22:06:07] [INFO]: 收到群 从零开始的BCR生活(110748466) 内 K.k(2535940194) 的消息: 不缺 (49713) 
[2020-11-01 22:06:11] [INFO]: 收到群 从零开始的BCR生活(110748466) 内 K.k(2535940194) 的消息: [CQ:image,file=439a15f6d2e93554cf7c0a91f1ca3a8f.image] (49714) 
[2020-11-01 22:06:22] [INFO]: 收到群 从零开始的BCR生活(110748466) 内 暗涌—322(1019598713) 的消息: 司马杖呢 (49715) 
[2020-11-01 22:06:51] [INFO]: 收到群 从零开始的BCR生活(110748466) 内 K.k(2535940194) 的消息: 一般，现在存量这么多，后面应该也不会缺 (49716) 
[2020-11-01 22:07:17] [INFO]: 收到群 从零开始的BCR生活(110748466) 内 暗涌—322(1019598713) 的消息: 还有30把 (49717) 
[2020-11-01 22:07:19] [INFO]: 收到群 从零开始的BCR生活(110748466) 内 暗涌—322(1019598713) 的消息: 0.0 (49718) 
[2020-11-01 22:08:52] [INFO]: 收到群 从零开始的BCR生活(110748466) 内 暗涌—322(1019598713) 的消息: 🙏突然发现我也好缺 (49719) 
[2020-11-01 22:09:07] [INFO]: 收到群 从零开始的BCR生活(110748466) 内 蜻蜓队长(3013304711) 的消息: 吼吼 (49720) 
[2020-11-01 22:09:55] [INFO]: 收到群 从零开始的BCR生活(110748466) 内 暗涌—322(1019598713) 的消息: 随缘刷了🙏 (49721) 
[2020-11-01 22:11:19] [INFO]: 收到群 从零开始的BCR生活(110748466) 内 绦(503476890) 的消息: 不知道n2 +1 (49722) 
[2020-11-01 22:14:32] [INFO]: 收到群 从零开始的BCR生活(110748466) 内 撕破伤口丶(2271180174) 的消息: [CQ:image,file=2e87860577dc2a56862123a2ff5bd411.image] (49723) 
[2020-11-01 22:15:20] [INFO]: 收到群 从零开始的BCR生活(110748466) 内 撕破伤口丶(2271180174) 的消息: [CQ:image,file=79df0fad187c04a870616e11c9186a88.image] (49724) 
[2020-11-01 22:17:05] [INFO]: 收到群 从零开始的BCR生活(110748466) 内 暗涌—322(1019598713) 的消息: 840？ (49725) 
[2020-11-01 22:17:49] [INFO]: 收到群 从零开始的BCR生活(110748466) 内 撕破伤口丶(2271180174) 的消息: [CQ:image,file=1b999f6ab6f09ad597a549d75e86b5cc.image] (49726) 
[2020-11-01 22:17:59] [INFO]: 收到群 从零开始的BCR生活(110748466) 内 撕破伤口丶(2271180174) 的消息: 你可以去掉一些 (49727) 
[2020-11-01 22:19:34] [INFO]: 收到群 从零开始的BCR生活(110748466) 内 暗涌—322(1019598713) 的消息: 我去看看我的 (49728) 
[2020-11-01 22:19:53] [INFO]: 收到群 从零开始的BCR生活(110748466) 内 暗涌—322(1019598713) 的消息: 感觉差了一大堆 (49729) 
[2020-11-01 22:27:14] [INFO]: 收到群 从零开始的BCR生活(110748466) 内 暗涌—322(1019598713) 的消息: 太卡了把图书馆打都打不开 (49730) 
[2020-11-01 22:28:26] [INFO]: 收到群 从零开始的BCR生活(110748466) 内 撕破伤口丶(2271180174) 的消息: 图书馆有时候卡有时候不卡 (49731) 
[2020-11-01 22:28:43] [INFO]: 收到群 从零开始的BCR生活(110748466) 内 撕破伤口丶(2271180174) 的消息: 🙏 (49732) 
[2020-11-01 22:34:48] [INFO]: 收到群 从零开始的BCR生活(110748466) 内 暗涌—322(1019598713) 的消息: 查个棒棒锤🙏 (49733) 
[2020-11-01 22:34:56] [INFO]: 收到群 从零开始的BCR生活(110748466) 内 暗涌—322(1019598713) 的消息: 进都进不去 (49734) 
[2020-11-01 22:56:12] [INFO]: 收到群 从零开始的BCR生活(110748466) 内 霸刀陈三(3252388757) 的消息: 这图书馆怎么用啊？ (49735) 
[2020-11-01 23:41:30] [INFO]: 收到群 从零开始的BCR生活(110748466) 内 蜻蜓队长(3013304711) 的消息: [CQ:image,file=2832a1af19813ddfbec4823b6f11c781.image] (49736) 
[2020-11-01 23:41:30] [INFO]: 收到群 从零开始的BCR生活(110748466) 内 蜻蜓队长(3013304711) 的消息: [CQ:image,file=1246a4ded02a366e9f8448ac2c2199bc.image] (49737) 
[2020-11-01 23:41:38] [INFO]: 收到群 从零开始的BCR生活(110748466) 内 蜻蜓队长(3013304711) 的消息: 就是赞啦 (49738) 
