[2020-11-06 12:01:42] [INFO]: 收到群 从零开始的BCR生活(110748466) 内 寒蝉鸣泣之时(460005075) 的消息: [CQ:image,file=b15f3694c17a0dd7515bc7306cde638d.image]无了 (50099) 
[2020-11-06 12:02:56] [INFO]: 收到群 从零开始的BCR生活(110748466) 内 寒蝉鸣泣之时(460005075) 的消息: [CQ:image,file=72e4f578f868dc4d6a1b644a68206cc4.image] (50100) 
[2020-11-06 12:03:10] [INFO]: 收到群 从零开始的BCR生活(110748466) 内 混低保(1084085263) 的消息: [CQ:image,file=708fbb971ea388b23c3c561eb5b89e84.image] (50101) 
[2020-11-06 12:13:14] [INFO]: 收到群 从零开始的BCR生活(110748466) 内 空门苍(1320345334) 的消息: 克总呢 (50104) 
[2020-11-06 12:14:26] [INFO]: 收到群 从零开始的BCR生活(110748466) 内 fooly(835185523) 的消息: 舅舅被开除了吗/emm (50105) 
[2020-11-06 12:14:50] [INFO]: 收到群 从零开始的BCR生活(110748466) 内 撕破伤口丶(2271180174) 的消息: [CQ:image,file=f0beba0b74aef2bada999d43155fb899.image] (50106) 
[2020-11-06 12:15:42] [INFO]: 收到群 从零开始的BCR生活(110748466) 内 来生泪(939140278) 的消息: 草克总木了可还行 (50108) 
[2020-11-06 12:17:04] [INFO]: 收到群 从零开始的BCR生活(110748466) 内 撕破伤口丶(2271180174) 的消息: 这就抽大眼打会战 (50109) 
[2020-11-06 12:17:06] [INFO]: 收到群 从零开始的BCR生活(110748466) 内 撕破伤口丶(2271180174) 的消息: [CQ:image,file=6e72eb752ff0ddd8ed63d060503c390c.image] (50110) 
[2020-11-06 12:17:42] [INFO]: 收到群 从零开始的BCR生活(110748466) 内 ArthorLeng(820858636) 的消息: 居然是没有克总的会战！ (50111) 
[2020-11-06 12:18:21] [INFO]: 收到群 从零开始的BCR生活(110748466) 内 蜻蜓队长(3013304711) 的消息: 最后一天开警告 (50112) 
[2020-11-06 12:18:49] [INFO]: 收到群 从零开始的BCR生活(110748466) 内 ArthorLeng(820858636) 的消息: [CQ:image,file=fabc9c76e90a51061d3623a5808fa878.image] (50113) 
[2020-11-06 12:19:21] [INFO]: 收到群 从零开始的BCR生活(110748466) 内 fooly(835185523) 的消息: 打完开 挺好/emm (50116) 
[2020-11-06 12:19:44] [INFO]: 收到群 从零开始的BCR生活(110748466) 内 fooly(835185523) 的消息: 暴击弓快下岗了/暗中观察 (50117) 
[2020-11-06 12:20:59] [INFO]: 收到群 从零开始的BCR生活(110748466) 内 ArthorLeng(820858636) 的消息: 没有克总的暴击弓应该会上岗。 (50118) 
[2020-11-06 12:21:17] [INFO]: 收到群 从零开始的BCR生活(110748466) 内 ArthorLeng(820858636) 的消息: 而且可以用会战的工资抽克总了。 (50119) 
[2020-11-06 12:21:45] [INFO]: 收到群 从零开始的BCR生活(110748466) 内 混低保(1084085263) 的消息: 可能是给井了万圣忍的人一个缓冲吧 (50120) 
[2020-11-06 12:21:49] [INFO]: 收到群 从零开始的BCR生活(110748466) 内 混低保(1084085263) 的消息: [CQ:image,file=a97abb9b5dc1f57e51ce82e9c036563e.image] (50121) 
[2020-11-06 12:22:19] [INFO]: 收到群 从零开始的BCR生活(110748466) 内 撕破伤口丶(2271180174) 的消息: 本来还想看克总情况看抽不抽大眼 (50122) 
[2020-11-06 12:22:23] [INFO]: 收到群 从零开始的BCR生活(110748466) 内 撕破伤口丶(2271180174) 的消息: 还是算了吧 (50123) 
[2020-11-06 12:22:26] [INFO]: 收到群 从零开始的BCR生活(110748466) 内 撕破伤口丶(2271180174) 的消息: [CQ:image,file=2a7c23e124c4b174d5ddd8aacd03c5a4.image] (50124) 
[2020-11-06 12:22:34] [INFO]: 收到群 从零开始的BCR生活(110748466) 内 ArthorLeng(820858636) 的消息: [CQ:image,file=33d77328eaa20df16a31be459c3a4f06.image] (50125) 
[2020-11-06 14:10:20] [INFO]: 收到群 从零开始的BCR生活(110748466) 内 凯林阿姆洛斯(1003870549) 的消息: [CQ:image,file=556a23a1b13c80122a5ef9e65965b81b.image] (50130) 
[2020-11-06 14:15:21] [INFO]: 收到群 从零开始的BCR生活(110748466) 内 混低保(1084085263) 的消息: [CQ:image,file=54a0d357f32548e72a46476d14e8fb18.image] (50131) 
[2020-11-06 14:20:24] [INFO]: 收到群 从零开始的BCR生活(110748466) 内 夜的第七章(1372207650) 的消息: 啊这 (50132) 
[2020-11-06 14:20:31] [INFO]: 收到群 从零开始的BCR生活(110748466) 内 夜的第七章(1372207650) 的消息: 不是说永不复刻？ (50133) 
[2020-11-06 14:20:48] [INFO]: 收到群 从零开始的BCR生活(110748466) 内 混低保(1084085263) 的消息: [CQ:image,file=708fbb971ea388b23c3c561eb5b89e84.image] (50134) 
[2020-11-06 14:21:06] [INFO]: 收到群 从零开始的BCR生活(110748466) 内 混低保(1084085263) 的消息: 是庆祝第二季的嘛？ (50135) 
[2020-11-06 14:21:44] [INFO]: 收到群 从零开始的BCR生活(110748466) 内 ArthorLeng(820858636) 的消息: re0复刻啊。 (50136) 
[2020-11-06 14:26:10] [INFO]: 收到群 从零开始的BCR生活(110748466) 内 凯林阿姆洛斯(1003870549) 的消息: 太好了，正好抽完晶就等雷姆 (50140) 
[2020-11-06 14:35:38] [INFO]: 收到群 从零开始的BCR生活(110748466) 内 空门苍(1320345334) 的消息: 万圣忍根本抽不出来 (50143) 
[2020-11-06 14:35:47] [INFO]: 收到群 从零开始的BCR生活(110748466) 内 空门苍(1320345334) 的消息: [CQ:image,file=b9c2971e7c0746d219ecb540e785f7e7.image] (50144) 
[2020-11-06 14:35:47] [INFO]: 收到群 从零开始的BCR生活(110748466) 内 混低保(1084085263) 的消息: [CQ:image,file=708fbb971ea388b23c3c561eb5b89e84.image] (50145) 
[2020-11-06 14:35:50] [INFO]: 收到群 从零开始的BCR生活(110748466) 内 混低保(1084085263) 的消息: 放弃吧 (50146) 
[2020-11-06 14:35:55] [INFO]: 收到群 从零开始的BCR生活(110748466) 内 混低保(1084085263) 的消息: 我两个号都是井的 (50147) 
[2020-11-06 14:35:57] [INFO]: 收到群 从零开始的BCR生活(110748466) 内 混低保(1084085263) 的消息: [CQ:image,file=54a0d357f32548e72a46476d14e8fb18.image] (50148) 
[2020-11-06 14:36:02] [INFO]: 收到群 从零开始的BCR生活(110748466) 内 空门苍(1320345334) 的消息: 放弃了 (50149) 
[2020-11-06 14:36:08] [INFO]: 收到群 从零开始的BCR生活(110748466) 内 空门苍(1320345334) 的消息: 已经73抽了 (50150) 
[2020-11-06 14:36:56] [INFO]: 收到群 从零开始的BCR生活(110748466) 内 暗涌—322(1019598713) 的消息: emmm (50151) 
[2020-11-06 14:37:18] [INFO]: 收到群 从零开始的BCR生活(110748466) 内 暗涌—322(1019598713) 的消息: 放弃jjc后觉得这些jjc角色索然无味 (50152) 
[2020-11-06 14:39:00] [INFO]: 收到群 从零开始的BCR生活(110748466) 内 混低保(1084085263) 的消息: [CQ:image,file=708fbb971ea388b23c3c561eb5b89e84.image] (50153) 
[2020-11-06 14:39:14] [INFO]: 收到群 从零开始的BCR生活(110748466) 内 混低保(1084085263) 的消息: 这次我就是纯xp抽的 (50154) 
[2020-11-06 14:40:46] [INFO]: 收到群 从零开始的BCR生活(110748466) 内 ArthorLeng(820858636) 的消息: 环奈扇子一样打。 (50155) 
[2020-11-06 14:45:29] [INFO]: 收到群 从零开始的BCR生活(110748466) 内 空门苍(1320345334) 的消息: [CQ:image,file=19d867dc98b5168b6c9e133756ebdfef.image] (50156) 
[2020-11-06 14:45:32] [INFO]: 收到群 从零开始的BCR生活(110748466) 内 空门苍(1320345334) 的消息: 头一次一刀 (50157) 
[2020-11-06 14:45:34] [INFO]: 收到群 从零开始的BCR生活(110748466) 内 空门苍(1320345334) 的消息: [CQ:image,file=b9c2971e7c0746d219ecb540e785f7e7.image] (50158) 
[2020-11-06 15:39:19] [INFO]: 收到群 从零开始的BCR生活(110748466) 内 ArthorLeng(820858636) 的消息: 我都用妹法咲恋手动的。 (50159) 
[2020-11-06 15:47:34] [INFO]: 收到群 从零开始的BCR生活(110748466) 内 凯林阿姆洛斯(1003870549) 的消息: [CQ:image,file=c1cb444b7744175353b3fc2aaf49bb72.image]手动也看脸吧 (50160) 
[2020-11-06 15:49:52] [INFO]: 收到群 从零开始的BCR生活(110748466) 内 ArthorLeng(820858636) 的消息: 大概能SL个两三次？ (50161) 
[2020-11-06 16:12:58] [INFO]: 收到群 从零开始的BCR生活(110748466) 内 凯林阿姆洛斯(1003870549) 的消息: 求一个刺棘和阿周那击剑的动图 (50162) 
[2020-11-06 16:13:09] [INFO]: 收到群 从零开始的BCR生活(110748466) 内 咕咕咕噜灵波(382230250) 的消息: [CQ:image,file=1b08bba8ce2a5ffafe5a8efe92dfad36.image] (50163) 
[2020-11-06 16:13:24] [INFO]: 收到群 从零开始的BCR生活(110748466) 内 咕咕咕噜灵波(382230250) 的消息: 淦哦，为什么不是阿周那和小太阳 (50164) 
[2020-11-06 16:13:41] [INFO]: 收到群 从零开始的BCR生活(110748466) 内 凯林阿姆洛斯(1003870549) 的消息: 不对是刺棘和银灰 (50165) 
[2020-11-06 16:14:44] [INFO]: 收到群 从零开始的BCR生活(110748466) 内 ArthorLeng(820858636) 的消息: 那叫鸡翅。 (50166) 
[2020-11-06 16:15:25] [INFO]: 收到群 从零开始的BCR生活(110748466) 内 寒蝉鸣泣之时(460005075) 的消息: [CQ:image,file=e98174ddc015475337fc2a2ded5e19a6.image] (50167) 
[2020-11-06 16:15:35] [INFO]: 收到群 从零开始的BCR生活(110748466) 内 寒蝉鸣泣之时(460005075) 的消息: [CQ:image,file=818956edbc7ea3a8194bad845981629f.image] (50168) 
[2020-11-06 16:18:06] [INFO]: 收到群 从零开始的BCR生活(110748466) 内 咕咕咕噜灵波(382230250) 的消息: 老剑圣了 (50169) 
[2020-11-06 16:19:05] [INFO]: 收到群 从零开始的BCR生活(110748466) 内 寒蝉鸣泣之时(460005075) 的消息: [CQ:image,file=d73a6455d64ee72aa12d14adfb9062af.image] (50170) 
[2020-11-06 16:20:15] [INFO]: 收到群 从零开始的BCR生活(110748466) 内 寒蝉鸣泣之时(460005075) 的消息: [CQ:image,file=1e81b4e36fc026ba669c2e259cddcf1e.image] (50171) 
[2020-11-06 16:20:23] [INFO]: 群 从零开始的BCR生活(110748466) 内 寒蝉鸣泣之时(460005075) 撤回了 寒蝉鸣泣之时(460005075) 的消息: 762165680. 
