[2020-10-19 01:48:49,751] INFO: 群聊 成功 835185523 110748466 创建国服公会
[2020-10-19 01:55:15,936] INFO: 群聊 成功 835185523 110748466 加入全部成员
[2020-10-19 01:56:38,036] INFO: 群聊 成功 835185523 110748466 报刀 1000000
[2020-10-19 01:56:43,172] INFO: 群聊 成功 835185523 110748466 撤销
[2020-10-19 05:00:00,099] ERROR: 获取群列表错误
Traceback (most recent call last):
  File "/home/qqbot/qqbot/yobot/yobot/src/client/ybplugins/clan_battle/battle.py", line 154, in _update_group_list_async
    group_list = await self.api.get_group_list()
  File "/home/qqbot/.local/lib/python3.6/site-packages/aiocqhttp/api.py", line 184, in call_action
    raise ApiNotAvailable
aiocqhttp.exceptions.ApiNotAvailable
[2020-10-19 09:59:30,546] INFO: 群聊 成功 835185523 110748466 报刀100W
[2020-10-19 09:59:35,080] INFO: 群聊 成功 835185523 110748466 撤销
[2020-10-19 10:05:57,106] INFO: 群聊 成功 2271180174 110748466 报刀10000[CQ:at,qq=3479623358] 
[2020-10-19 10:06:03,887] INFO: 群聊 成功 820858636 110748466 报刀 1919810
[2020-10-19 10:06:04,134] INFO: 群聊 失败 2271180174 110748466 撤销
[2020-10-19 10:06:12,843] INFO: 群聊 成功 820858636 110748466 撤销
[2020-10-19 10:06:31,154] INFO: 群聊 成功 835185523 110748466 撤销
[2020-10-19 10:09:09,416] INFO: 群聊 成功 2271180174 110748466 尾刀
[2020-10-19 10:09:14,856] INFO: 群聊 成功 2271180174 110748466 撤销
[2020-10-19 10:33:32,379] INFO: 群聊 成功 835185523 110748466 报刀 100W
[2020-10-19 10:33:36,944] INFO: 群聊 成功 835185523 110748466 撤销
[2020-10-19 10:42:33,636] INFO: 群聊 成功 835185523 110748466 报刀 100W
[2020-10-19 10:42:38,749] INFO: 群聊 成功 835185523 110748466 撤销
[2020-10-19 10:44:20,638] INFO: 群聊 成功 835185523 110748466 报刀 100W
[2020-10-19 10:44:24,661] INFO: 群聊 成功 835185523 110748466 撤销
[2020-10-19 11:19:13,581] INFO: 网页 成功 1019598713 110748466 addsubscribe
[2020-10-19 11:19:34,940] INFO: 网页 成功 2271180174 110748466 addsubscribe
[2020-10-19 11:19:51,048] INFO: 群聊 成功 1019598713 110748466 尾刀
[2020-10-19 11:20:03,464] INFO: 群聊 成功 1019598713 110748466 撤销
[2020-10-19 11:21:00,408] INFO: 网页 失败 2271180174 110748466 cancelsubscribe
[2020-10-19 11:42:40,063] INFO: 群聊 成功 545293081 110748466 报刀 1000 [CQ:at,qq=3479623358] 
[2020-10-19 11:42:45,217] INFO: 群聊 成功 545293081 110748466 撤销
[2020-10-19 11:43:02,122] INFO: 群聊 成功 1019598713 110748466 sl
[2020-10-19 13:51:31,922] INFO: 群聊 成功 835185523 110748466 加入全部成员
[2020-10-20 07:32:24,166] INFO: 群聊 成功 503476890 110748466 报刀 1758949
[2020-10-20 09:25:08,555] INFO: 群聊 成功 165204833 110748466 报刀1448720
[2020-10-20 09:56:38,483] INFO: 群聊 成功 545293081 110748466 报刀 1530812 [CQ:at,qq=3479623358] 
[2020-10-20 09:56:57,402] INFO: 群聊 成功 545293081 110748466 尾刀
[2020-10-20 11:00:00,834] INFO: 群聊 成功 2641551266 110748466 报刀1758402
[2020-10-20 11:15:16,160] INFO: 群聊 成功 1320345334 110748466 报刀1811311
[2020-10-20 11:15:24,299] INFO: 群聊 成功 1320345334 110748466 撤销
[2020-10-20 11:15:35,571] INFO: 群聊 成功 1320345334 110748466 报刀1818311
[2020-10-20 11:24:37,078] INFO: 群聊 成功 2956054885 110748466 报刀1843528
[2020-10-20 11:43:16,602] INFO: 群聊 成功 835185523 110748466 报刀1771611
[2020-10-20 11:43:51,736] INFO: 群聊 成功 1169987143 110748466 尾刀
[2020-10-20 11:45:56,776] INFO: 群聊 成功 1169987143 110748466 报刀104939
[2020-10-20 11:46:05,770] INFO: 群聊 成功 1169987143 110748466 撤销
[2020-10-20 11:46:11,675] INFO: 群聊 成功 1169987143 110748466 报刀1049393
[2020-10-20 11:58:24,414] INFO: 群聊 成功 545293081 110748466 报刀 136382
[2020-10-20 12:20:57,843] INFO: 群聊 成功 1448684358 110748466 报刀1666642
[2020-10-20 12:22:22,693] INFO: 群聊 成功 1169947911 110748466 报刀1667774
[2020-10-20 12:56:19,640] INFO: 群聊 成功 2946200730 110748466 报刀1751912
[2020-10-20 13:01:54,172] INFO: 群聊 成功 1084085263 110748466 sl
[2020-10-20 13:02:37,669] INFO: 群聊 成功 165204833 110748466 报刀1560127
[2020-10-20 13:09:34,871] INFO: 群聊 成功 1084085263 110748466 报刀1727362
[2020-10-20 13:09:58,776] INFO: 群聊 成功 545293081 110748466 尾刀 [CQ:at,qq=1246568175] 
[2020-10-20 14:45:49,326] INFO: 群聊 成功 835185523 110748466 报刀1486130 [CQ:at,qq=1169947911]
[2020-10-20 15:33:28,679] INFO: 群聊 成功 2641551266 110748466 报刀1480261
[2020-10-20 15:34:07,421] INFO: 群聊 成功 2641551266 110748466 报刀 1480261
[2020-10-20 15:35:19,565] INFO: 群聊 失败 835185523 110748466 报刀1480261 [CQ:at,qq=2641551266]
[2020-10-20 15:41:09,123] INFO: 群聊 成功 835185523 110748466 撤销
[2020-10-20 16:23:45,493] INFO: 群聊 成功 2535940194 110748466 报刀 1519359
[2020-10-20 16:35:15,819] INFO: 群聊 成功 835185523 110748466 报刀 1669923[CQ:at,qq=769781888]
[2020-10-20 17:05:49,311] INFO: 群聊 成功 3252388757 110748466 报刀 1790591
[2020-10-20 17:26:22,747] INFO: 群聊 成功 545293081 110748466 报刀 1309536 [CQ:at,qq=1246568175] 
[2020-10-20 17:28:49,349] INFO: 群聊 成功 835185523 110748466 撤销
[2020-10-20 17:29:15,938] INFO: 群聊 成功 835185523 110748466 报刀 1309536[CQ:at,qq=3479623358]
[2020-10-20 18:13:15,909] INFO: 群聊 成功 545293081 110748466 报刀 1536432
[2020-10-20 18:13:34,078] INFO: 群聊 成功 545293081 110748466 尾刀 [CQ:at,qq=3479623358] 
[2020-10-20 18:20:59,682] INFO: 群聊 成功 2535940194 110748466 报刀 1467927
[2020-10-20 18:24:15,850] INFO: 群聊 成功 2641551266 110748466 报刀1428689
[2020-10-20 18:32:17,955] INFO: 群聊 成功 545293081 110748466 报刀 1457482
[2020-10-20 18:36:48,617] INFO: 群聊 成功 1084085263 110748466 报刀1448949
[2020-10-20 18:42:57,521] INFO: 群聊 成功 1019598713 110748466 报刀1705976
[2020-10-20 18:44:21,445] INFO: 群聊 成功 2956054885 110748466 报刀1485902
[2020-10-20 18:50:59,323] INFO: 群聊 成功 1320345334 110748466 报刀1430734
[2020-10-20 18:52:33,750] INFO: 群聊 成功 545293081 110748466 报刀 78672 [CQ:at,qq=3479623358] 
[2020-10-20 19:03:49,154] INFO: 群聊 成功 2271180174 110748466 报刀1839278
[2020-10-20 19:26:04,549] INFO: 群聊 成功 460005075 110748466 报刀1734568
[2020-10-20 19:29:44,612] INFO: 群聊 成功 1055483935 110748466 报刀1717176
[2020-10-20 19:37:25,298] INFO: 群聊 成功 415750127 110748466 报刀1754394
[2020-10-20 19:50:40,836] INFO: 群聊 成功 1756480484 110748466 报刀1615316
[2020-10-20 19:50:49,742] INFO: 群聊 成功 835185523 110748466 尾刀
[2020-10-20 20:21:46,752] INFO: 群聊 成功 1019598713 110748466 报刀1337845
[2020-10-20 20:59:51,141] INFO: 群聊 成功 459488087 110748466 报刀1433429
[2020-10-20 21:02:42,768] INFO: 群聊 成功 2271180174 110748466 预约4
[2020-10-20 21:15:25,668] INFO: 群聊 成功 460005075 110748466 报刀1485372
[2020-10-20 21:16:25,207] INFO: 群聊 成功 382230250 110748466 报刀1311072
[2020-10-20 21:17:54,525] INFO: 群聊 成功 835185523 110748466 尾刀 [CQ:at,qq=1401201379]
[2020-10-20 21:21:39,179] INFO: 群聊 成功 835185523 110748466 报刀1399387[CQ:at,qq=415750127]
[2020-10-20 21:21:47,145] INFO: 群聊 成功 835185523 110748466 报刀521860
[2020-10-20 21:21:58,140] INFO: 群聊 成功 3252388757 110748466 报刀 1428654
[2020-10-20 21:22:31,132] INFO: 群聊 成功 459488087 110748466 报刀1375134
[2020-10-20 21:22:46,822] INFO: 群聊 成功 1169947911 110748466 报刀1424464
[2020-10-20 21:28:20,795] INFO: 群聊 成功 1401201379 110748466 预约4
[2020-10-20 21:29:18,261] INFO: 群聊 成功 1084085263 110748466 预约4
[2020-10-20 21:34:23,226] INFO: 群聊 成功 835185523 110748466 报刀1377693 [CQ:at,qq=1448684358]
[2020-10-20 21:34:34,121] INFO: 群聊 成功 939140278 110748466 尾刀
[2020-10-20 21:38:20,789] INFO: 群聊 成功 769781888 110748466 报刀 969656
[2020-10-20 21:38:59,080] INFO: 群聊 成功 1169987143 110748466 sl
[2020-10-20 21:41:02,468] INFO: 群聊 成功 769781888 110748466 报刀 1031773
[2020-10-20 21:42:48,537] INFO: 群聊 成功 1169987143 110748466 报刀1281889
[2020-10-20 21:51:23,530] INFO: 群聊 成功 1756480484 110748466 报刀991464
[2020-10-20 21:55:14,696] INFO: 群聊 成功 2946200730 110748466 报刀1114905
[2020-10-20 22:00:21,937] INFO: 群聊 成功 939140278 110748466 报刀 447610
[2020-10-20 22:00:37,843] INFO: 群聊 成功 939140278 110748466 报刀447610
[2020-10-20 22:01:22,339] INFO: 群聊 成功 820858636 110748466 报刀 1003915
[2020-10-20 22:03:56,451] INFO: 群聊 成功 327370706 110748466 报刀1307636
[2020-10-20 22:04:03,663] INFO: 群聊 成功 327370706 110748466 报刀 1307636
[2020-10-20 22:04:22,740] INFO: 群聊 失败 327370706 110748466 报刀1307636
[2020-10-20 22:10:11,421] INFO: 群聊 成功 835185523 110748466 撤销
[2020-10-20 22:12:57,513] INFO: 群聊 失败 939140278 110748466 撤销
[2020-10-20 22:13:02,553] INFO: 群聊 成功 835185523 110748466 撤销
[2020-10-20 22:21:30,097] INFO: 群聊 成功 835185523 110748466 撤销
[2020-10-20 22:21:37,335] INFO: 群聊 成功 835185523 110748466 撤销
[2020-10-20 22:21:42,533] INFO: 群聊 成功 835185523 110748466 撤销
[2020-10-20 22:22:05,293] INFO: 群聊 成功 835185523 110748466 报刀447610[CQ:at,qq=939140278]
[2020-10-20 22:22:17,584] INFO: 群聊 成功 835185523 110748466 报刀1003915[CQ:at,qq=820858636]
[2020-10-20 22:22:28,792] INFO: 群聊 成功 835185523 110748466 报刀1307636[CQ:at,qq=327370706]
[2020-10-20 22:43:58,252] INFO: 群聊 成功 1320345334 110748466 报刀1234408
[2020-10-20 22:44:17,579] INFO: 群聊 成功 1019598713 110748466 尾刀
[2020-10-20 22:46:00,937] INFO: 群聊 成功 2271180174 110748466 sl
[2020-10-20 22:47:18,475] INFO: 群聊 成功 327370706 110748466 报刀1783421
[2020-10-20 22:48:01,075] INFO: 群聊 成功 3252388757 110748466 报刀 1339516
[2020-10-20 22:48:08,029] INFO: 群聊 成功 415750127 110748466 报刀1533641
[2020-10-20 22:49:26,607] INFO: 群聊 成功 2271180174 110748466 报刀1738071
[2020-10-20 22:49:57,114] INFO: 群聊 成功 1084085263 110748466 报刀1664268
[2020-10-20 22:50:53,709] INFO: 群聊 失败 1756480484 110748466 报刀14792220
[2020-10-20 22:51:02,774] INFO: 群聊 失败 1756480484 110748466 撤销
[2020-10-20 22:51:20,197] INFO: 群聊 成功 1756480484 110748466 报刀1479220
[2020-10-20 22:51:52,437] INFO: 群聊 成功 939140278 110748466 报刀1724514
[2020-10-20 22:54:04,979] INFO: 群聊 成功 820858636 110748466 预约5
[2020-10-20 22:54:10,189] INFO: 群聊 成功 459488087 110748466 预约5
[2020-10-20 22:54:11,458] INFO: 群聊 成功 2946200730 110748466 预约5
[2020-10-20 22:55:26,942] INFO: 群聊 成功 939140278 110748466 撤销
[2020-10-20 22:58:19,463] INFO: 群聊 失败 835185523 110748466 报刀1479220[CQ:at,qq=1756480484]
[2020-10-20 23:01:48,044] INFO: 群聊 成功 835185523 110748466 报刀 1231513[CQ:at,qq=1401201379]
[2020-10-20 23:02:23,049] INFO: 群聊 成功 835185523 110748466 尾刀[CQ:at,qq=939140278]
[2020-10-20 23:02:29,170] INFO: 群聊 成功 2535940194 110748466 报刀 1382663
[2020-10-20 23:03:20,498] INFO: 群聊 成功 820858636 110748466 报刀 1421959
[2020-10-20 23:03:48,362] INFO: 群聊 成功 459488087 110748466 预约1
[2020-10-20 23:06:14,829] INFO: 群聊 成功 2271180174 110748466 报刀1115391
[2020-10-20 23:06:58,975] INFO: 群聊 成功 939140278 110748466 报刀341191
[2020-10-20 23:07:39,556] INFO: 群聊 成功 1019598713 110748466 报刀592525
[2020-10-20 23:13:31,071] INFO: 群聊 成功 1448684358 110748466 报刀963381
[2020-10-20 23:18:21,487] INFO: 群聊 成功 1003870549 110748466 报刀 1364559[CQ:at,qq=1401201379]
[2020-10-20 23:46:10,318] INFO: 群聊 成功 939140278 110748466 sl
[2020-10-20 23:46:10,560] INFO: 群聊 成功 1372207650 110748466 sl
[2020-10-20 23:49:18,914] INFO: 群聊 成功 1169987143 110748466 报刀0
[2020-10-20 23:50:17,288] INFO: 群聊 成功 382230250 110748466 报刀1312858
[2020-10-20 23:50:25,717] INFO: 群聊 成功 460005075 110748466 报刀1141837
[2020-10-20 23:50:28,812] INFO: 群聊 成功 835185523 110748466 报刀1307883
[2020-10-20 23:50:34,584] INFO: 群聊 成功 415750127 110748466 报刀1105299[CQ:at,qq=1055483935]
[2020-10-20 23:50:36,343] INFO: 群聊 成功 165204833 110748466 报刀1360837
[2020-10-20 23:50:39,774] INFO: 群聊 成功 835185523 110748466 报刀1105299[CQ:at,qq=1055483935]
[2020-10-20 23:50:52,544] INFO: 群聊 成功 835185523 110748466 撤销
[2020-10-20 23:50:56,108] INFO: 群聊 成功 327370706 110748466 报刀1143758
[2020-10-20 23:50:56,983] INFO: 群聊 成功 1003870549 110748466 报刀 1451487
[2020-10-20 23:51:32,856] INFO: 群聊 成功 2956054885 110748466 报刀1292161
[2020-10-20 23:52:37,409] INFO: 群聊 成功 1372207650 110748466 报刀959629
[2020-10-20 23:53:57,092] INFO: 群聊 失败 939140278 110748466 sl
[2020-10-21 00:14:41,933] INFO: 群聊 成功 2946200730 110748466 sl
[2020-10-21 00:29:59,678] INFO: 群聊 成功 1084085263 110748466 预约1
[2020-10-21 00:41:07,107] INFO: 群聊 成功 2946200730 110748466 报刀853854
[2020-10-21 00:43:02,471] INFO: 群聊 成功 939140278 110748466 尾刀
[2020-10-21 00:46:33,868] INFO: 群聊 成功 939140278 110748466 报刀385643
[2020-10-21 00:51:35,761] INFO: 群聊 成功 1372207650 110748466 报刀1469248
[2020-10-21 01:00:11,012] INFO: 群聊 成功 1003870549 110748466 报刀 1592159
[2020-10-21 01:03:57,145] INFO: 群聊 成功 459488087 110748466 sl[CQ:at,qq=459488087] 
[2020-10-21 01:25:05,837] INFO: 群聊 成功 1084085263 110748466 报刀1367823[CQ:at,qq=459488087] 
[2020-10-21 01:31:12,465] INFO: 群聊 成功 1003870549 110748466 尾刀
[2020-10-21 01:32:04,974] INFO: 群聊 成功 1003870549 110748466 报刀 57759
[2020-10-21 01:34:24,239] INFO: 群聊 成功 415750127 110748466 报刀1368425[CQ:at,qq=1055483935]
[2020-10-21 01:35:02,331] INFO: 群聊 成功 835185523 110748466 报刀1391087[CQ:at,qq=820858636]
[2020-10-21 01:54:59,999] INFO: 群聊 成功 1372207650 110748466 报刀1403802
[2020-10-21 01:57:13,491] INFO: 群聊 成功 382230250 110748466 报刀1305944
[2020-10-21 02:09:01,793] INFO: 群聊 成功 503476890 110748466 报刀1415507
[2020-10-21 02:12:03,396] INFO: 群聊 成功 835185523 110748466 撤销
[2020-10-21 02:12:18,008] INFO: 群聊 成功 835185523 110748466 报刀1394728[CQ:at,qq=1401201379] 
[2020-10-21 02:12:33,535] INFO: 群聊 成功 835185523 110748466 尾刀[CQ:at,qq=503476890] 
[2020-10-21 02:12:37,528] INFO: 群聊 成功 503476890 110748466 尾刀
[2020-10-21 02:13:00,920] INFO: 群聊 成功 503476890 110748466 撤销
[2020-10-21 02:14:37,975] INFO: 群聊 失败 835185523 110748466 报刀311739
[2020-10-21 02:14:49,433] INFO: 群聊 成功 503476890 110748466 报刀311739
[2020-10-21 02:40:09,017] INFO: 群聊 成功 503476890 110748466 报刀863006
[2020-10-21 08:16:07,410] INFO: 群聊 成功 1084085263 110748466 预约4
[2020-10-21 08:16:35,245] INFO: 群聊 成功 2271180174 110748466 预约4
[2020-10-21 08:16:48,379] INFO: 群聊 成功 459488087 110748466 预约4
[2020-10-21 08:16:51,914] INFO: 群聊 成功 459488087 110748466 预约5
[2020-10-21 08:17:00,953] INFO: 群聊 成功 2271180174 110748466 预约5
[2020-10-21 08:17:06,426] INFO: 群聊 成功 1084085263 110748466 预约5
[2020-10-21 08:29:43,310] INFO: 群聊 成功 820858636 110748466 预约4
[2020-10-21 08:34:04,908] INFO: 群聊 成功 459488087 110748466 预约2
[2020-10-21 08:36:57,555] INFO: 群聊 成功 2271180174 110748466 预约2
[2020-10-21 08:45:12,584] INFO: 群聊 成功 1169987143 110748466 报刀1251400
[2020-10-21 08:45:21,465] INFO: 群聊 成功 327370706 110748466 报刀1263289
[2020-10-21 10:50:54,810] INFO: 群聊 成功 2641551266 110748466 报刀1122909
[2020-10-21 11:24:35,791] INFO: 群聊 成功 2956054885 110748466 报刀1222724
[2020-10-21 11:35:37,900] INFO: 群聊 成功 1084085263 110748466 报刀1171777[CQ:at,qq=545293081] 
[2020-10-21 11:47:24,478] INFO: 群聊 成功 1055483935 110748466 报刀1340964
[2020-10-21 13:02:56,493] INFO: 群聊 成功 503476890 110748466 报刀 1245737
[2020-10-21 13:03:44,544] INFO: 群聊 成功 459488087 110748466 尾刀
[2020-10-21 13:03:54,046] INFO: 群聊 成功 459488087 110748466 撤销
[2020-10-21 13:04:09,383] INFO: 群聊 失败 769781888 110748466 报刀1220485
[2020-10-21 13:04:25,060] INFO: 群聊 成功 503476890 110748466 撤销
[2020-10-21 13:04:27,461] INFO: 群聊 成功 1084085263 110748466 sl
[2020-10-21 13:04:41,715] INFO: 群聊 成功 769781888 110748466 报刀 1220485
[2020-10-21 13:04:49,499] INFO: 群聊 成功 503476890 110748466 尾刀
[2020-10-21 13:06:24,495] INFO: 群聊 成功 2271180174 110748466 报刀1815871
[2020-10-21 13:07:14,476] INFO: 群聊 成功 820858636 110748466 报刀 1890274
[2020-10-21 13:08:49,459] INFO: 群聊 成功 820858636 110748466 预约5
[2020-10-21 13:09:00,071] INFO: 群聊 成功 503476890 110748466 预约2
[2020-10-21 13:09:00,762] INFO: 群聊 成功 1169987143 110748466 预约5
[2020-10-21 13:09:05,740] INFO: 群聊 成功 1169987143 110748466 预约1
[2020-10-21 13:09:05,811] INFO: 群聊 成功 503476890 110748466 预约3
[2020-10-21 13:09:11,036] INFO: 群聊 成功 503476890 110748466 预约4
[2020-10-21 13:09:29,991] INFO: 群聊 成功 1448684358 110748466 预约1
[2020-10-21 13:09:37,208] INFO: 群聊 成功 1448684358 110748466 预约2
[2020-10-21 13:09:55,724] INFO: 群聊 成功 1084085263 110748466 报刀1715593
[2020-10-21 13:10:23,077] INFO: 群聊 成功 2535940194 110748466 预约2
[2020-10-21 13:10:45,025] INFO: 群聊 成功 2535940194 110748466 预约1
[2020-10-21 13:12:11,589] INFO: 群聊 成功 1320345334 110748466 预约2
[2020-10-21 13:12:50,264] INFO: 群聊 成功 769781888 110748466 预约5
[2020-10-21 13:15:47,305] INFO: 群聊 成功 939140278 110748466 sl
[2020-10-21 13:15:53,314] INFO: 群聊 成功 1320345334 110748466 sl
[2020-10-21 13:18:35,602] INFO: 群聊 成功 459488087 110748466 sl
[2020-10-21 13:20:44,474] INFO: 群聊 成功 939140278 110748466 报刀 1709580
[2020-10-21 13:21:34,107] INFO: 群聊 成功 1320345334 110748466 报刀1880148
[2020-10-21 13:23:50,087] INFO: 群聊 成功 459488087 110748466 报刀1596034
[2020-10-21 13:28:38,877] INFO: 群聊 成功 2271180174 110748466 sl
[2020-10-21 13:32:10,433] INFO: 群聊 失败 2271180174 110748466 报刀1467667
[2020-10-21 13:36:51,371] INFO: 群聊 成功 3252388757 110748466 报刀 1302863
[2020-10-21 13:37:14,637] INFO: 群聊 成功 2535940194 110748466 sl
[2020-10-21 13:39:05,215] INFO: 群聊 失败 820858636 110748466 撤销
[2020-10-21 13:39:05,463] INFO: 群聊 成功 835185523 110748466 撤销
[2020-10-21 13:41:09,757] INFO: 群聊 成功 835185523 110748466 尾刀[CQ:at,qq=1401201379]
[2020-10-21 13:41:26,435] INFO: 群聊 成功 835185523 110748466 报刀276901[CQ:at,qq=1401201379]
[2020-10-21 13:41:44,991] INFO: 群聊 成功 835185523 110748466 报刀1467667[CQ:at,qq=2271180174]
[2020-10-21 13:42:05,046] INFO: 群聊 成功 835185523 110748466 报刀1302863[CQ:at,qq=3252388757]
[2020-10-21 13:42:24,601] INFO: 群聊 成功 835185523 110748466 报刀1274376[CQ:at,qq=2956054885]
[2020-10-21 13:44:19,828] INFO: 群聊 成功 835185523 110748466 报刀1088293[CQ:at,qq=327370706]
[2020-10-21 13:51:41,809] INFO: 群聊 成功 1169987143 110748466 报刀1203944
[2020-10-21 13:52:17,331] INFO: 群聊 成功 835185523 110748466 报刀1394575[CQ:at,qq=1401201379]
[2020-10-21 14:29:11,097] INFO: 群聊 成功 1372207650 110748466 报刀1330032
[2020-10-21 14:29:28,585] INFO: 群聊 成功 2641551266 110748466 报刀1392106
[2020-10-21 14:29:30,423] INFO: 群聊 成功 2535940194 110748466 报刀 1352259
[2020-10-21 14:29:30,565] INFO: 群聊 成功 1055483935 110748466 报刀1371969
[2020-10-21 14:29:33,433] INFO: 群聊 成功 165204833 110748466 报刀1321502
[2020-10-21 14:29:37,065] INFO: 群聊 成功 1003870549 110748466 报刀 1265117
[2020-10-21 14:29:37,574] INFO: 群聊 成功 1019598713 110748466 报刀1533019
[2020-10-21 14:31:34,587] INFO: 群聊 成功 1448684358 110748466 报刀1097951
[2020-10-21 14:47:18,054] INFO: 群聊 成功 2535940194 110748466 取消预约1
[2020-10-21 14:47:30,341] INFO: 群聊 成功 2535940194 110748466 预约3
[2020-10-21 14:47:38,572] INFO: 群聊 成功 1169987143 110748466 预约3
[2020-10-21 14:48:18,911] INFO: 群聊 成功 2271180174 110748466 取消预约2
[2020-10-21 14:48:24,667] INFO: 群聊 成功 2271180174 110748466 预约3
[2020-10-21 14:50:22,017] INFO: 群聊 成功 545293081 110748466 尾刀
[2020-10-21 14:57:12,715] INFO: 群聊 成功 1084085263 110748466 预约2
[2020-10-21 14:57:28,028] INFO: 群聊 失败 459488087 110748466 预约2
[2020-10-21 15:00:44,327] INFO: 群聊 成功 1320345334 110748466 报刀1341192
[2020-10-21 15:01:16,918] INFO: 群聊 成功 820858636 110748466 预约2
[2020-10-21 15:02:55,203] INFO: 群聊 成功 545293081 110748466 报刀 24706
[2020-10-21 15:04:43,278] INFO: 群聊 成功 1372207650 110748466 预约2
[2020-10-21 15:05:39,835] INFO: 群聊 成功 382230250 110748466 预约2
[2020-10-21 15:06:58,136] INFO: 群聊 成功 1448684358 110748466 报刀1300794
[2020-10-21 15:13:25,754] INFO: 群聊 成功 545293081 110748466 报刀 1474184 [CQ:at,qq=3479623358] 
[2020-10-21 15:13:40,443] INFO: 群聊 成功 545293081 110748466 报刀 1447440 
[2020-10-21 15:14:49,812] INFO: 群聊 成功 835185523 110748466 尾刀
[2020-10-21 15:17:21,683] INFO: 群聊 成功 2535940194 110748466 报刀 1436350
[2020-10-21 15:17:41,238] INFO: 群聊 成功 415750127 110748466 报刀1355567
[2020-10-21 15:18:43,849] INFO: 群聊 成功 1055483935 110748466 报刀1397042
[2020-10-21 15:19:23,737] INFO: 群聊 成功 459488087 110748466 报刀1311679
[2020-10-21 15:22:47,727] INFO: 群聊 成功 1372207650 110748466 预约4
[2020-10-21 15:24:57,160] INFO: 群聊 成功 382230250 110748466 sl
[2020-10-21 15:29:17,594] INFO: 群聊 成功 1320345334 110748466 报刀1435459
[2020-10-21 15:29:57,929] INFO: 群聊 失败 382230250 110748466 报刀1349164
[2020-10-21 15:30:18,903] INFO: 群聊 成功 835185523 110748466 尾刀[CQ:at,qq=382230250]
[2020-10-21 15:32:24,405] INFO: 群聊 成功 382230250 110748466 报刀220424
[2020-10-21 15:40:30,668] INFO: 群聊 成功 1169947911 110748466 报刀1227540
[2020-10-21 15:41:32,889] INFO: 群聊 成功 2535940194 110748466 报刀 1246236
[2020-10-21 15:47:38,654] INFO: 群聊 成功 545293081 110748466 报刀 1281733 [CQ:at,qq=3479623358] 
[2020-10-21 16:02:46,911] INFO: 群聊 成功 2271180174 110748466 报刀999026
[2020-10-21 17:46:42,165] INFO: 群聊 成功 1372207650 110748466 报刀1409955
[2020-10-21 17:46:44,249] INFO: 群聊 成功 165204833 110748466 报刀1133354
[2020-10-21 18:49:39,484] INFO: 群聊 成功 1084085263 110748466 预约5
[2020-10-21 18:51:27,265] INFO: 群聊 成功 820858636 110748466 预约5
[2020-10-21 18:55:57,669] INFO: 群聊 成功 1169987143 110748466 sl
[2020-10-21 19:00:50,043] INFO: 群聊 成功 503476890 110748466 报刀1144877
[2020-10-21 19:01:55,677] INFO: 群聊 成功 1169987143 110748466 尾刀
[2020-10-21 19:02:26,162] INFO: 群聊 成功 1169987143 110748466 报刀44981
[2020-10-21 19:05:38,091] INFO: 群聊 成功 1019598713 110748466 报刀1750943
[2020-10-21 19:06:09,391] INFO: 群聊 成功 3252388757 110748466 sl
[2020-10-21 19:07:02,878] INFO: 群聊 成功 327370706 110748466 报刀1801696
[2020-10-21 19:11:45,612] INFO: 群聊 成功 3252388757 110748466 报刀 1604143
[2020-10-21 19:17:38,163] INFO: 群聊 成功 1169947911 110748466 报刀1667231
[2020-10-21 19:20:24,550] INFO: 群聊 成功 459488087 110748466 预约5
[2020-10-21 19:22:41,038] INFO: 群聊 成功 1003870549 110748466 预约1
[2020-10-21 19:23:24,004] INFO: 群聊 成功 1372207650 110748466 预约1
[2020-10-21 19:43:13,720] INFO: 群聊 成功 769781888 110748466 SL
[2020-10-21 19:59:13,371] INFO: 群聊 成功 545293081 110748466 报刀 1419196 [CQ:at,qq=769781888] 
[2020-10-21 20:06:55,957] INFO: 群聊 成功 503476890 110748466 挂树
[2020-10-21 20:23:41,616] INFO: 群聊 成功 2946200730 110748466 sl
[2020-10-21 20:24:37,714] INFO: 群聊 成功 382230250 110748466 报刀1536879
[2020-10-21 20:31:02,183] INFO: 群聊 成功 2946200730 110748466 报刀1594293
[2020-10-21 20:31:42,581] INFO: 群聊 成功 545293081 110748466 尾刀 [CQ:at,qq=3479623358] 
[2020-10-21 20:34:50,904] INFO: 群聊 成功 415750127 110748466 报刀1324503
[2020-10-21 20:35:17,266] INFO: 群聊 成功 459488087 110748466 报刀1344723
[2020-10-21 20:36:20,810] INFO: 群聊 成功 460005075 110748466 报刀1353141
[2020-10-21 20:36:51,198] INFO: 群聊 成功 939140278 110748466 报刀 1506982
[2020-10-21 20:37:39,887] INFO: 群聊 成功 1169947911 110748466 报刀1376111
[2020-10-21 20:38:27,001] INFO: 群聊 成功 820858636 110748466 报刀 1389650
[2020-10-21 20:42:37,203] INFO: 群聊 成功 165204833 110748466 预约1
[2020-10-21 20:43:30,051] INFO: 群聊 成功 820858636 110748466 预约2
[2020-10-21 20:44:05,073] INFO: 群聊 成功 2956054885 110748466 预约2
[2020-10-21 20:59:02,182] INFO: 群聊 成功 1756480484 110748466 报刀1309100
[2020-10-21 20:59:11,789] INFO: 群聊 成功 382230250 110748466 报刀1236428
[2020-10-21 20:59:18,267] INFO: 群聊 成功 1084085263 110748466 报刀1448840
[2020-10-21 21:00:01,927] INFO: 群聊 成功 545293081 110748466 报刀 388398 [CQ:at,qq=3479623358] 
[2020-10-21 21:06:10,356] INFO: 群聊 成功 1084085263 110748466 预约2
[2020-10-21 21:46:28,806] INFO: 群聊 成功 1448684358 110748466 报刀944874
[2020-10-21 22:01:10,599] INFO: 群聊 成功 2956054885 110748466 报刀1143643
[2020-10-21 22:03:00,879] INFO: 群聊 成功 835185523 110748466 报刀 970871[CQ:at,qq=769781888]
[2020-10-21 22:03:44,932] INFO: 群聊 成功 2946200730 110748466 报刀774701
[2020-10-21 22:05:16,708] INFO: 群聊 成功 2946200730 110748466 预约1
[2020-10-21 22:30:14,231] INFO: 群聊 成功 460005075 110748466 报刀1000756
[2020-10-21 23:01:54,477] INFO: 群聊 成功 1019598713 110748466 报刀1181597
[2020-10-21 23:49:30,854] INFO: 群聊 成功 835185523 110748466 报刀1122993[CQ:at,qq=503476890]
[2020-10-21 23:51:00,082] INFO: 群聊 成功 415750127 110748466 尾刀
[2020-10-21 23:53:33,938] INFO: 网页 成功 2956054885 110748466 cancelsubscribe
[2020-10-21 23:54:51,630] INFO: 群聊 成功 835185523 110748466 报刀905369
[2020-10-21 23:55:59,195] INFO: 群聊 成功 2641551266 110748466 报刀1198799
[2020-10-21 23:56:24,584] INFO: 群聊 成功 165204833 110748466 报刀1510025
[2020-10-21 23:59:32,597] INFO: 群聊 成功 1756480484 110748466 报刀1202678
[2020-10-22 00:05:34,344] INFO: 群聊 成功 2946200730 110748466 尾刀
[2020-10-22 00:10:08,650] INFO: 群聊 成功 939140278 110748466 报刀 1436959
[2020-10-22 00:10:53,228] INFO: 群聊 成功 2946200730 110748466 报刀134830
[2020-10-22 00:17:11,402] INFO: 群聊 成功 3252388757 110748466 报刀 1425905
[2020-10-22 00:17:45,780] INFO: 群聊 成功 835185523 110748466 报刀1327646[CQ:at,qq=820858636]
[2020-10-22 00:19:50,110] INFO: 群聊 成功 835185523 110748466 报刀1418774[CQ:at,qq=1401201379]
[2020-10-22 00:24:47,748] INFO: 群聊 成功 1084085263 110748466 报刀1435189
[2020-10-22 00:35:19,594] INFO: 群聊 成功 503476890 110748466 尾刀
[2020-10-22 00:37:30,826] INFO: 群聊 成功 503476890 110748466 报刀360081
[2020-10-22 00:42:20,852] INFO: 群聊 成功 1756480484 110748466 报刀1298942
[2020-10-22 00:44:15,933] INFO: 群聊 成功 460005075 110748466 报刀1281421
[2020-10-22 00:49:24,365] INFO: 群聊 成功 835185523 110748466 报刀1313681
[2020-10-22 01:02:43,139] INFO: 群聊 成功 1003870549 110748466 报刀 1096658
[2020-10-22 01:03:19,936] INFO: 群聊 成功 1372207650 110748466 sl
[2020-10-22 01:07:44,442] INFO: 群聊 成功 1372207650 110748466 报刀1064388
[2020-10-22 01:12:53,882] INFO: 群聊 成功 1003870549 110748466 报刀 1286051
[2020-10-22 01:25:59,746] INFO: 群聊 成功 415750127 110748466 报刀665676
[2020-10-22 08:09:44,546] INFO: 群聊 成功 545293081 110748466 报刀 1255947 [CQ:at,qq=3479623358] 
[2020-10-22 08:09:48,567] INFO: 群聊 成功 545293081 110748466 尾刀
[2020-10-22 08:18:59,424] INFO: 群聊 成功 327370706 110748466 报刀 1824400
[2020-10-22 08:50:48,504] INFO: 群聊 成功 2271180174 110748466 报刀1798620
[2020-10-22 09:06:10,045] INFO: 群聊 成功 459488087 110748466 预约5
[2020-10-22 09:11:46,715] INFO: 群聊 成功 459488087 110748466 预约2
[2020-10-22 09:23:21,107] INFO: 群聊 成功 1019598713 110748466 报刀1832766
[2020-10-22 09:36:41,034] INFO: 群聊 成功 939140278 110748466 sl
[2020-10-22 09:43:51,881] INFO: 群聊 成功 939140278 110748466 报刀1794631
[2020-10-22 10:12:32,218] INFO: 群聊 成功 1169987143 110748466 预约5
[2020-10-22 10:12:36,444] INFO: 群聊 成功 1169987143 110748466 预约2
[2020-10-22 11:06:18,975] INFO: 群聊 成功 1169987143 110748466 sl
[2020-10-22 11:10:48,941] INFO: 群聊 成功 1169987143 110748466 报刀1791094
[2020-10-22 12:07:04,065] INFO: 群聊 成功 2271180174 110748466 sl
[2020-10-22 12:07:54,148] INFO: 网页 成功 2271180174 110748466 save_slot
[2020-10-22 12:08:18,840] INFO: 群聊 成功 1320345334 110748466 报刀1716897
[2020-10-22 12:08:25,886] INFO: 群聊 成功 835185523 110748466 撤销
[2020-10-22 12:08:41,900] INFO: 群聊 成功 835185523 110748466 报刀1739809
[2020-10-22 12:08:45,304] INFO: 群聊 成功 835185523 110748466 撤销
[2020-10-22 12:08:53,148] INFO: 群聊 成功 835185523 110748466 报刀1739809[CQ:at,qq=1084085263]
[2020-10-22 12:08:56,194] INFO: 群聊 成功 835185523 110748466 尾刀[CQ:at,qq=1320345334]
[2020-10-22 12:11:14,420] INFO: 群聊 成功 1320345334 110748466 报刀350121
[2020-10-22 12:11:53,642] INFO: 群聊 成功 1169987143 110748466 报刀1321115
[2020-10-22 12:13:27,183] INFO: 群聊 成功 415750127 110748466 报刀1244591
[2020-10-22 12:15:10,309] INFO: 群聊 成功 459488087 110748466 报刀1414232
[2020-10-22 12:16:17,168] INFO: 群聊 失败 459488087 110748466 预约2
[2020-10-22 12:16:32,762] INFO: 群聊 成功 1084085263 110748466 预约2
[2020-10-22 12:17:43,063] INFO: 群聊 成功 2535940194 110748466 报刀 1358154
[2020-10-22 12:18:12,048] INFO: 群聊 成功 2535940194 110748466 预约1
[2020-10-22 12:18:16,347] INFO: 群聊 成功 2535940194 110748466 预约3
[2020-10-22 12:18:59,077] INFO: 群聊 成功 2271180174 110748466 sl
[2020-10-22 12:19:26,778] INFO: 群聊 成功 2641551266 110748466 报刀1585266
[2020-10-22 12:41:38,923] INFO: 群聊 成功 1084085263 110748466 sl
[2020-10-22 12:44:15,549] INFO: 群聊 成功 2271180174 110748466 报刀1371527
[2020-10-22 12:44:33,055] INFO: 群聊 成功 1320345334 110748466 报刀1380584
[2020-10-22 12:44:48,167] INFO: 群聊 成功 835185523 110748466 报刀1310972
[2020-10-22 12:44:58,426] INFO: 群聊 成功 503476890 110748466 报刀1357828
[2020-10-22 12:44:58,690] INFO: 群聊 成功 3252388757 110748466 报刀 1330311
[2020-10-22 12:45:45,207] INFO: 群聊 成功 820858636 110748466 报刀 1421325
[2020-10-22 12:46:59,472] INFO: 群聊 成功 1084085263 110748466 报刀1393362
[2020-10-22 13:23:36,152] INFO: 群聊 成功 545293081 110748466 报刀 1359838 [CQ:at,qq=3479623358] 
[2020-10-22 14:27:45,801] INFO: 群聊 失败 1084085263 110748466 预约2
[2020-10-22 15:00:35,109] INFO: 群聊 成功 545293081 110748466 报刀 705970
[2020-10-22 15:01:50,158] INFO: 群聊 成功 835185523 110748466 报刀1005442[CQ:at,qq=165204833]
[2020-10-22 15:01:52,836] INFO: 群聊 成功 835185523 110748466 尾刀
[2020-10-22 15:07:32,691] INFO: 群聊 成功 165204833 110748466 报刀1575254
[2020-10-22 15:10:02,348] INFO: 群聊 成功 835185523 110748466 报刀1327008
[2020-10-22 15:22:30,055] INFO: 群聊 成功 545293081 110748466 报刀 1491343 [CQ:at,qq=3479623358] 
[2020-10-22 15:22:42,525] INFO: 群聊 成功 545293081 110748466 报刀 1479930
[2020-10-22 15:26:09,650] INFO: 群聊 成功 2956054885 110748466 预约3
[2020-10-22 15:28:30,179] INFO: 群聊 失败 1169987143 110748466 报刀1433008
[2020-10-22 15:29:27,649] INFO: 群聊 成功 545293081 110748466 尾刀 [CQ:at,qq=1055483935] 
[2020-10-22 15:29:37,534] INFO: 群聊 成功 327370706 110748466 报刀1407034
[2020-10-22 15:29:47,076] INFO: 群聊 成功 1169987143 110748466 报刀1433008
[2020-10-22 15:33:01,032] INFO: 群聊 成功 459488087 110748466 sl
[2020-10-22 15:36:36,350] INFO: 群聊 成功 459488087 110748466 报刀1274364
[2020-10-22 15:37:52,611] INFO: 群聊 成功 1055483935 110748466 报刀1381487
[2020-10-22 15:38:05,312] INFO: 群聊 成功 459488087 110748466 预约4
[2020-10-22 15:41:43,334] INFO: 网页 成功 2956054885 110748466 cancelsubscribe
[2020-10-22 15:48:17,073] INFO: 群聊 成功 503476890 110748466 报刀1370176
[2020-10-22 15:49:13,306] INFO: 群聊 成功 939140278 110748466 尾刀
[2020-10-22 15:52:32,055] INFO: 群聊 成功 939140278 110748466 报刀 255380
[2020-10-22 15:56:35,175] INFO: 群聊 成功 415750127 110748466 报刀1286635
[2020-10-22 16:10:06,191] INFO: 群聊 成功 1055483935 110748466 报刀1124612
[2020-10-22 16:20:27,290] INFO: 群聊 成功 820858636 110748466 预约4
[2020-10-22 16:25:48,101] INFO: 群聊 成功 2641551266 110748466 报刀1153394
[2020-10-22 16:29:12,657] INFO: 群聊 成功 545293081 110748466 预约5
[2020-10-22 16:30:43,281] INFO: 群聊 成功 2946200730 110748466 报刀1286537
[2020-10-22 16:30:45,570] INFO: 群聊 成功 2946200730 110748466 预约5
[2020-10-22 16:33:02,745] INFO: 群聊 成功 2535940194 110748466 预约1
[2020-10-22 16:35:31,955] INFO: 群聊 成功 327370706 110748466 预约5
[2020-10-22 16:35:50,848] INFO: 群聊 成功 1320345334 110748466 预约2
[2020-10-22 16:39:33,035] INFO: 群聊 成功 1019598713 110748466 预约5
[2020-10-22 16:40:35,954] INFO: 群聊 成功 415750127 110748466 预约1
[2020-10-22 16:43:22,833] INFO: 群聊 成功 2956054885 110748466 预约5
[2020-10-22 17:45:36,972] INFO: 群聊 成功 1756480484 110748466 报刀1347133
[2020-10-22 17:48:28,108] INFO: 群聊 成功 835185523 110748466 报刀1281249[CQ:at,qq=2535940194]
[2020-10-22 18:13:56,883] INFO: 群聊 成功 835185523 110748466 报刀1324336
[2020-10-22 18:16:01,093] INFO: 群聊 成功 460005075 110748466 尾刀
[2020-10-22 18:21:52,412] INFO: 群聊 成功 820858636 110748466 报刀 1842888
[2020-10-22 18:58:16,968] INFO: 群聊 成功 1448684358 110748466 报刀1617290
[2020-10-22 20:08:17,866] INFO: 群聊 成功 1084085263 110748466 预约2
[2020-10-22 20:17:52,775] INFO: 群聊 成功 3252388757 110748466 报刀 1814637
[2020-10-22 21:30:49,958] INFO: 群聊 成功 835185523 110748466 报刀1780482[CQ:at,qq=1401201379]
[2020-10-22 21:36:41,825] INFO: 群聊 成功 459488087 110748466 报刀1770129
[2020-10-22 21:45:19,860] INFO: 群聊 失败 1019598713 110748466 预约5
[2020-10-22 21:46:31,472] INFO: 群聊 成功 382230250 110748466 sl
[2020-10-22 21:46:38,748] INFO: 群聊 失败 382230250 110748466 撤销
[2020-10-22 21:47:01,917] INFO: 群聊 成功 503476890 110748466 sl
[2020-10-22 21:51:59,080] INFO: 群聊 成功 503476890 110748466 报刀1809938
[2020-10-22 21:52:46,890] INFO: 群聊 成功 382230250 110748466 尾刀
[2020-10-22 21:54:20,543] INFO: 群聊 成功 460005075 110748466 报刀461813
[2020-10-22 21:56:48,839] INFO: 群聊 成功 382230250 110748466 报刀225027
[2020-10-22 21:57:25,602] INFO: 群聊 成功 460005075 110748466 申请出刀
[2020-10-22 21:57:26,567] INFO: 群聊 成功 2956054885 110748466 报刀1460183
[2020-10-22 22:01:33,494] INFO: 群聊 成功 327370706 110748466 报刀400871
[2020-10-22 22:01:35,920] INFO: 群聊 成功 1169947911 110748466 报刀1342797
[2020-10-22 22:01:38,842] INFO: 群聊 失败 327370706 110748466 撤销
[2020-10-22 22:02:00,475] INFO: 群聊 成功 835185523 110748466 撤销
[2020-10-22 22:02:02,902] INFO: 群聊 成功 835185523 110748466 撤销
[2020-10-22 22:02:12,768] INFO: 群聊 失败 835185523 110748466 报刀1400871
[2020-10-22 22:02:30,413] INFO: 群聊 成功 835185523 110748466 报刀1400871[CQ:at,qq=327370706]
[2020-10-22 22:02:41,168] INFO: 群聊 成功 1169947911 110748466 报刀1342797
[2020-10-22 22:03:58,335] INFO: 群聊 成功 1169947911 110748466 预约1
[2020-10-22 22:13:40,823] INFO: 群聊 成功 1055483935 110748466 报刀1357432
[2020-10-22 22:26:01,325] INFO: 群聊 成功 2946200730 110748466 报刀1325409
[2020-10-22 22:30:28,882] INFO: 群聊 成功 939140278 110748466 报刀 1615106
[2020-10-22 22:30:35,270] INFO: 群聊 成功 1372207650 110748466 报刀1363948
[2020-10-22 22:30:38,630] INFO: 群聊 成功 460005075 110748466 报刀 1346726
[2020-10-22 22:30:47,101] INFO: 群聊 成功 1019598713 110748466 报刀1512208
[2020-10-22 22:30:53,403] INFO: 群聊 成功 382230250 110748466 报刀1283675
[2020-10-22 22:30:55,624] INFO: 群聊 成功 1756480484 110748466 报刀1317243
[2020-10-22 22:32:38,112] INFO: 群聊 成功 835185523 110748466 报刀1429249[CQ:at,qq=1401201379]
[2020-10-22 22:34:04,618] INFO: 群聊 成功 835185523 110748466 报刀1362965[CQ:at,qq=1003870549]
[2020-10-22 22:44:33,781] INFO: 群聊 失败 415750127 110748466 报刀1329007
[2020-10-22 22:44:40,195] INFO: 群聊 成功 545293081 110748466 尾刀
[2020-10-22 22:44:47,913] INFO: 群聊 成功 835185523 110748466 撤销
[2020-10-22 22:44:48,665] INFO: 群聊 失败 415750127 110748466 报刀1329007
[2020-10-22 22:45:05,441] INFO: 群聊 成功 835185523 110748466 报刀965817[CQ:at,qq=769781888]
[2020-10-22 22:45:10,772] INFO: 群聊 成功 835185523 110748466 尾刀[CQ:at,qq=545293081]
[2020-10-22 22:45:28,851] INFO: 群聊 成功 835185523 110748466 报刀1329007[CQ:at,qq=415750127]
[2020-10-22 22:48:04,031] INFO: 群聊 成功 835185523 110748466 报刀1408669[CQ:at,qq=2535940194]
[2020-10-22 22:48:16,863] INFO: 群聊 成功 545293081 110748466 报刀 1049069
[2020-10-22 22:48:32,283] INFO: 群聊 成功 769781888 110748466 报刀 1327609
[2020-10-22 22:48:52,116] INFO: 群聊 失败 835185523 110748466 报刀1327609[CQ:at,qq=769781888]
[2020-10-22 22:49:02,185] INFO: 群聊 成功 835185523 110748466 撤销
[2020-10-22 22:49:10,325] INFO: 群聊 成功 835185523 110748466 报刀1327609[CQ:at,qq=769781888]
[2020-10-22 22:49:21,591] INFO: 群聊 失败 769781888 110748466 报刀 1327609
[2020-10-22 22:52:19,774] INFO: 群聊 成功 769781888 110748466 尾刀
[2020-10-22 22:56:29,104] INFO: 群聊 成功 1320345334 110748466 sl
[2020-10-22 22:56:32,102] INFO: 群聊 成功 820858636 110748466 报刀 1412417
[2020-10-22 22:57:37,056] INFO: 群聊 成功 2271180174 110748466 报刀1223632
[2020-10-22 22:58:02,605] INFO: 群聊 成功 382230250 110748466 报刀1297428
[2020-10-22 22:58:06,262] INFO: 群聊 成功 1448684358 110748466 报刀1329020
[2020-10-22 23:05:54,167] INFO: 群聊 成功 835185523 110748466 报刀1423706[CQ:at,qq=1401201379]
[2020-10-22 23:06:10,871] INFO: 群聊 成功 835185523 110748466 尾刀[CQ:at,qq=1084085263]
[2020-10-22 23:06:45,079] INFO: 群聊 成功 2946200730 110748466 预约3
[2020-10-22 23:07:15,831] INFO: 群聊 成功 769781888 110748466 报刀 299877
[2020-10-22 23:15:39,165] INFO: 群聊 成功 1169947911 110748466 报刀1301305
[2020-10-22 23:17:15,203] INFO: 群聊 成功 1003870549 110748466 报刀 1356915
[2020-10-22 23:18:02,333] INFO: 群聊 成功 2956054885 110748466 报刀1226112
[2020-10-22 23:18:49,726] INFO: 群聊 成功 460005075 110748466 报刀1075553
[2020-10-22 23:23:34,098] INFO: 群聊 成功 1448684358 110748466 报刀1152002
[2020-10-22 23:34:13,148] INFO: 群聊 成功 1372207650 110748466 报刀1407580
[2020-10-22 23:42:26,706] INFO: 群聊 成功 1372207650 110748466 报刀1156243
[2020-10-22 23:48:23,936] INFO: 群聊 成功 1003870549 110748466 尾刀
[2020-10-22 23:49:11,996] INFO: 群聊 成功 1003870549 110748466 报刀 72152
[2020-10-22 23:53:42,897] INFO: 群聊 成功 1756480484 110748466 报刀1239624
[2020-10-22 23:56:21,399] INFO: 群聊 成功 2956054885 110748466 报刀1361309
[2020-10-22 23:56:59,364] INFO: 群聊 成功 1019598713 110748466 报刀1284056[CQ:at,qq=2946200730]
[2020-10-22 23:57:57,539] INFO: 群聊 成功 1084085263 110748466 报刀170289
[2020-10-22 23:58:16,316] INFO: 群聊 成功 165204833 110748466 报刀1103349
[2020-10-23 00:02:59,409] INFO: 群聊 成功 2641551266 110748466 报刀1184829
[2020-10-23 00:18:35,411] INFO: 群聊 成功 1320345334 110748466 报刀715241
[2020-10-23 00:20:29,804] INFO: 群聊 成功 1019598713 110748466 报刀1104816
[2020-10-23 00:34:20,936] INFO: 群聊 成功 1169947911 110748466 报刀1407569
[2020-10-23 00:39:08,847] INFO: 群聊 成功 3252388757 110748466 sl
[2020-10-23 00:43:09,609] INFO: 群聊 成功 3252388757 110748466 报刀 1104104
[2020-10-23 07:54:33,066] INFO: 群聊 成功 327370706 110748466 尾刀
[2020-10-23 07:57:04,729] INFO: 群聊 成功 327370706 110748466 报刀469263
[2020-10-23 08:01:37,007] INFO: 群聊 成功 327370706 110748466 报刀1407229
[2020-10-23 08:18:08,884] INFO: 群聊 成功 459488087 110748466 报刀1365983
[2020-10-23 08:19:48,177] INFO: 群聊 成功 2946200730 110748466 sl
[2020-10-23 08:22:47,842] INFO: 群聊 成功 1169987143 110748466 报刀1304824
[2020-10-23 08:25:38,351] INFO: 群聊 成功 2946200730 110748466 报刀899475
[2020-10-23 08:47:33,963] INFO: 群聊 成功 2956054885 110748466 报刀1323758
[2020-10-23 10:26:39,760] INFO: 群聊 成功 165204833 110748466 报刀1026272
[2020-10-23 10:44:27,094] INFO: 群聊 成功 459488087 110748466 预约2
[2020-10-23 10:44:30,630] INFO: 群聊 成功 459488087 110748466 预约4
[2020-10-23 12:14:21,459] INFO: 群聊 成功 1372207650 110748466 预约1
[2020-10-23 12:14:39,550] INFO: 群聊 成功 460005075 110748466 预约1
[2020-10-23 12:33:43,905] INFO: 群聊 成功 2271180174 110748466 挂树
[2020-10-23 12:33:54,758] INFO: 群聊 成功 820858636 110748466 报刀 1464248
[2020-10-23 12:34:07,825] INFO: 群聊 成功 1756480484 110748466 报刀1300703
[2020-10-23 12:34:21,791] INFO: 群聊 成功 1003870549 110748466 报刀 1421214
[2020-10-23 12:34:39,076] INFO: 群聊 成功 1084085263 110748466 报刀1357435
[2020-10-23 12:34:49,179] INFO: 群聊 成功 460005075 110748466 报刀1302392
[2020-10-23 12:35:00,240] INFO: 群聊 成功 2535940194 110748466 报刀 1371769
[2020-10-23 12:35:24,997] INFO: 群聊 成功 1169947911 110748466 报刀1330594
[2020-10-23 12:46:18,506] INFO: 群聊 成功 835185523 110748466 SL
[2020-10-23 13:00:28,799] INFO: 群聊 成功 1019598713 110748466 报刀1516971
[2020-10-23 13:10:22,992] INFO: 群聊 成功 165204833 110748466 尾刀[CQ:at,qq=3479623358] 
[2020-10-23 13:13:06,967] INFO: 群聊 成功 1372207650 110748466 报刀1338200
[2020-10-23 13:13:14,994] INFO: 群聊 成功 415750127 110748466 报刀1341482
[2020-10-23 13:23:49,907] INFO: 群聊 成功 1320345334 110748466 预约2
[2020-10-23 13:23:59,470] INFO: 群聊 成功 1372207650 110748466 预约3
[2020-10-23 13:24:09,046] INFO: 群聊 成功 1169947911 110748466 预约3
[2020-10-23 13:25:38,748] INFO: 群聊 成功 165204833 110748466 报刀1430940
[2020-10-23 13:25:58,406] INFO: 群聊 成功 1169947911 110748466 报刀1378470
[2020-10-23 13:27:36,212] INFO: 群聊 成功 460005075 110748466 尾刀
[2020-10-23 13:28:34,983] INFO: 群聊 成功 460005075 110748466 预约4
[2020-10-23 13:29:39,858] INFO: 群聊 成功 1084085263 110748466 预约2
[2020-10-23 13:29:48,889] INFO: 群聊 成功 1084085263 110748466 预约4
[2020-10-23 13:30:51,669] INFO: 群聊 成功 1320345334 110748466 报刀1456633
[2020-10-23 13:31:44,008] INFO: 群聊 成功 1055483935 110748466 报刀1425490
[2020-10-23 13:35:52,028] INFO: 群聊 成功 1169987143 110748466 报刀1401793
[2020-10-23 13:38:48,976] INFO: 群聊 成功 1320345334 110748466 预约4
[2020-10-23 13:45:33,019] INFO: 群聊 成功 459488087 110748466 sl
[2020-10-23 13:46:56,400] INFO: 群聊 成功 1169987143 110748466 预约4
[2020-10-23 13:47:09,392] INFO: 群聊 成功 2271180174 110748466 预约5
[2020-10-23 13:48:55,139] INFO: 群聊 成功 459488087 110748466 报刀1434600
[2020-10-23 14:01:27,203] INFO: 群聊 成功 769781888 110748466 预约1
[2020-10-23 14:01:29,366] INFO: 群聊 成功 769781888 110748466 预约3
[2020-10-23 14:01:31,314] INFO: 群聊 成功 769781888 110748466 预约5
[2020-10-23 14:05:23,874] INFO: 群聊 成功 820858636 110748466 预约4
[2020-10-23 14:56:57,590] INFO: 群聊 失败 459488087 110748466 预约4
[2020-10-23 15:05:55,740] INFO: 群聊 成功 327370706 110748466 报刀1417747
[2020-10-23 15:06:23,129] INFO: 群聊 成功 939140278 110748466 尾刀
[2020-10-23 15:10:55,032] INFO: 群聊 成功 415750127 110748466 报刀1263476
[2020-10-23 15:12:03,384] INFO: 群聊 成功 939140278 110748466 报刀 480028
[2020-10-23 15:12:18,504] INFO: 群聊 成功 1169947911 110748466 报刀1323197
[2020-10-23 15:18:03,116] INFO: 群聊 成功 1756480484 110748466 报刀1365713
[2020-10-23 15:26:36,082] INFO: 群聊 成功 769781888 110748466 申请出刀
[2020-10-23 15:28:36,991] INFO: 群聊 成功 769781888 110748466 报刀 1304540
[2020-10-23 15:28:57,736] INFO: 群聊 成功 545293081 110748466 报刀 1281011
[2020-10-23 15:30:44,558] INFO: 群聊 成功 2956054885 110748466 报刀1291094
[2020-10-23 15:36:32,223] INFO: 群聊 成功 545293081 110748466 报刀 63489 [CQ:at,qq=3479623358] 
[2020-10-23 15:47:51,109] INFO: 群聊 成功 1003870549 110748466 报刀 1349675
[2020-10-23 15:48:24,392] INFO: 群聊 成功 545293081 110748466 尾刀 [CQ:at,qq=3479623358] 
[2020-10-23 15:48:57,611] INFO: 群聊 成功 1003870549 110748466 预约3
[2020-10-23 15:51:11,495] INFO: 群聊 成功 460005075 110748466 报刀896809
[2020-10-23 15:53:26,004] INFO: 群聊 成功 460005075 110748466 预约3
[2020-10-23 15:53:59,300] INFO: 群聊 成功 1055483935 110748466 报刀1867910
[2020-10-23 15:57:18,819] INFO: 群聊 成功 3252388757 110748466 报刀 1742622
[2020-10-23 16:00:54,731] INFO: 群聊 成功 1320345334 110748466 报刀1737982
[2020-10-23 16:03:01,898] INFO: 群聊 成功 1320345334 110748466 预约5
[2020-10-23 16:07:12,805] INFO: 群聊 成功 820858636 110748466 报刀 1905441
[2020-10-23 16:27:07,876] INFO: 群聊 成功 2271180174 110748466 报刀1692912[CQ:at,qq=459488087]
[2020-10-23 16:37:41,948] INFO: 群聊 成功 1019598713 110748466 报刀1790166
[2020-10-23 16:38:51,470] INFO: 群聊 成功 503476890 110748466 尾刀
[2020-10-23 16:40:14,806] INFO: 群聊 成功 769781888 110748466 申请出刀
[2020-10-23 16:42:35,028] INFO: 群聊 成功 415750127 110748466 报刀1352088
[2020-10-23 16:46:34,120] INFO: 群聊 成功 769781888 110748466 报刀 1339235
[2020-10-23 16:47:33,619] INFO: 群聊 失败 769781888 110748466 预约1
[2020-10-23 16:48:11,640] INFO: 群聊 成功 1372207650 110748466 报刀1346972
[2020-10-23 16:48:57,405] INFO: 群聊 成功 3252388757 110748466 sl
[2020-10-23 16:52:46,174] INFO: 群聊 成功 3252388757 110748466 报刀 1371228
[2020-10-23 17:29:22,242] INFO: 群聊 成功 2641551266 110748466 报刀1505890
[2020-10-23 18:10:40,770] INFO: 群聊 成功 1169987143 110748466 预约3
[2020-10-23 18:10:48,711] INFO: 群聊 成功 2946200730 110748466 预约1
[2020-10-23 18:10:51,754] INFO: 群聊 成功 2946200730 110748466 预约3
[2020-10-23 18:36:08,537] INFO: 群聊 成功 1320345334 110748466 报刀1461038
[2020-10-23 18:36:30,699] INFO: 群聊 成功 835185523 110748466 报刀1362286
[2020-10-23 18:36:35,295] INFO: 群聊 成功 1448684358 110748466 报刀1175103
[2020-10-23 18:38:11,235] INFO: 群聊 成功 382230250 110748466 报刀1287292
[2020-10-23 18:48:38,957] INFO: 群聊 成功 2271180174 110748466 sl
[2020-10-23 18:50:09,516] INFO: 群聊 成功 545293081 110748466 报刀 1258578
[2020-10-23 18:52:49,598] INFO: 群聊 成功 2271180174 110748466 报刀1657153
[2020-10-23 19:17:38,150] INFO: 群聊 成功 1055483935 110748466 报刀1599142
[2020-10-23 20:05:36,231] INFO: 群聊 成功 2271180174 110748466 报刀1013969
[2020-10-23 20:06:22,592] INFO: 群聊 成功 2271180174 110748466 预约4
[2020-10-23 20:08:43,304] INFO: 群聊 成功 820858636 110748466 预约2
[2020-10-23 20:31:53,820] INFO: 群聊 成功 939140278 110748466 报刀 1609009
[2020-10-23 20:32:11,410] INFO: 群聊 成功 1019598713 110748466 尾刀
[2020-10-23 20:34:55,296] INFO: 群聊 成功 835185523 110748466 撤销
[2020-10-23 20:34:57,962] INFO: 群聊 成功 835185523 110748466 撤销
[2020-10-23 20:35:04,004] INFO: 群聊 成功 1019598713 110748466 报刀984346
[2020-10-23 20:35:11,714] INFO: 群聊 成功 939140278 110748466 尾刀
[2020-10-23 20:35:19,981] INFO: 群聊 成功 939140278 110748466 报刀 235439
[2020-10-23 20:39:42,519] INFO: 群聊 成功 545293081 110748466 报刀 1457223
[2020-10-23 20:41:48,024] INFO: 群聊 成功 769781888 110748466 申请出刀
[2020-10-23 20:42:47,076] INFO: 群聊 失败 1019598713 110748466 申请出刀
[2020-10-23 20:45:12,086] INFO: 群聊 成功 1084085263 110748466 预约4
[2020-10-23 20:45:59,247] INFO: 群聊 成功 769781888 110748466 报刀 1289851
[2020-10-23 20:53:38,437] INFO: 群聊 成功 835185523 110748466 报刀1342689
[2020-10-23 21:00:20,721] INFO: 群聊 成功 1372207650 110748466 预约3
[2020-10-23 21:04:29,143] INFO: 群聊 成功 545293081 110748466 预约3
[2020-10-23 21:06:10,490] INFO: 群聊 成功 2946200730 110748466 报刀1410671
[2020-10-23 21:06:33,033] INFO: 群聊 成功 835185523 110748466 尾刀
[2020-10-23 21:06:36,309] INFO: 群聊 失败 2946200730 110748466 预约3
[2020-10-23 21:09:21,368] INFO: 群聊 成功 820858636 110748466 申请出刀
[2020-10-23 21:11:59,499] INFO: 群聊 成功 1084085263 110748466 报刀1465300
[2020-10-23 21:12:21,233] INFO: 群聊 成功 820858636 110748466 报刀 1495985
[2020-10-23 21:14:03,439] INFO: 群聊 成功 835185523 110748466 预约3
[2020-10-23 21:15:08,135] INFO: 群聊 失败 1448684358 110748466 报刀13911321
[2020-10-23 21:15:47,453] INFO: 群聊 成功 1448684358 110748466 报刀1391321
[2020-10-23 21:22:11,590] INFO: 群聊 成功 835185523 110748466 报刀1367120[CQ:at,qq=1401201379]
[2020-10-23 21:37:25,015] INFO: 群聊 成功 2956054885 110748466 报刀1446314
[2020-10-23 21:37:58,213] INFO: 群聊 成功 382230250 110748466 尾刀
[2020-10-23 21:40:05,707] INFO: 群聊 成功 835185523 110748466 尾刀[CQ:at,qq=382230250]
[2020-10-23 21:40:13,826] INFO: 群聊 成功 835185523 110748466 撤销
[2020-10-23 21:40:23,174] INFO: 群聊 成功 1084085263 110748466 预约4
[2020-10-23 21:40:27,785] INFO: 群聊 成功 2271180174 110748466 预约4
[2020-10-23 21:41:30,608] INFO: 群聊 成功 1169987143 110748466 报刀1372408
[2020-10-23 21:43:42,090] INFO: 群聊 成功 545293081 110748466 报刀 1070904 [CQ:at,qq=3479623358] 
[2020-10-23 21:44:24,296] INFO: 群聊 成功 2641551266 110748466 报刀1154089
[2020-10-23 21:45:40,594] INFO: 群聊 成功 835185523 110748466 报刀1157294
[2020-10-23 21:46:47,423] INFO: 群聊 成功 1003870549 110748466 sl
[2020-10-23 21:47:05,890] INFO: 群聊 成功 1448684358 110748466 报刀1060340
[2020-10-23 21:47:18,889] INFO: 群聊 成功 460005075 110748466 报刀1328676
[2020-10-23 21:51:09,940] INFO: 群聊 成功 382230250 110748466 报刀350293
[2020-10-23 21:56:14,605] INFO: 群聊 成功 2535940194 110748466 报刀 1227433
[2020-10-23 22:01:13,062] INFO: 群聊 成功 2535940194 110748466 尾刀
[2020-10-23 22:08:06,088] INFO: 群聊 成功 2271180174 110748466 报刀1775882
[2020-10-23 22:09:14,663] INFO: 群聊 成功 1084085263 110748466 sl
[2020-10-23 22:13:27,833] INFO: 群聊 成功 835185523 110748466 报刀1923332[CQ:at,qq=1401201379]
[2020-10-23 22:22:31,822] INFO: 群聊 成功 503476890 110748466 报刀 1453410
[2020-10-23 22:23:13,072] INFO: 群聊 成功 1084085263 110748466 报刀1732618
[2020-10-23 22:26:35,596] INFO: 群聊 成功 1003870549 110748466 报刀 1481184
[2020-10-23 22:44:06,071] INFO: 群聊 成功 382230250 110748466 sl
[2020-10-23 22:55:12,049] INFO: 群聊 成功 2946200730 110748466 预约5
[2020-10-23 23:01:17,192] INFO: 群聊 成功 382230250 110748466 报刀1728723
[2020-10-23 23:19:42,782] INFO: 群聊 成功 939140278 110748466 报刀 1840965
[2020-10-23 23:21:35,146] INFO: 群聊 成功 835185523 110748466 尾刀[CQ:at,qq=1372207650]
[2020-10-23 23:24:42,272] INFO: 群聊 成功 3252388757 110748466 报刀 1190629
[2020-10-23 23:25:38,911] INFO: 群聊 失败 545293081 110748466 报刀 1175776
[2020-10-23 23:25:39,384] INFO: 群聊 成功 835185523 110748466 报刀1175776[CQ:at,qq=3479623358]
[2020-10-23 23:29:57,750] INFO: 群聊 成功 2641551266 110748466 报刀1184775
[2020-10-23 23:30:46,000] INFO: 群聊 成功 503476890 110748466 sl
[2020-10-23 23:37:10,824] INFO: 群聊 成功 1372207650 110748466 报刀1275859
[2020-10-23 23:37:31,487] INFO: 群聊 成功 2535940194 110748466 报刀 36342
[2020-10-23 23:38:33,561] INFO: 群聊 失败 503476890 110748466 SL
[2020-10-23 23:43:40,302] INFO: 群聊 成功 165204833 110748466 报刀1176521
[2020-10-23 23:43:41,726] INFO: 群聊 成功 503476890 110748466 报刀899980
[2020-10-23 23:51:34,393] INFO: 群聊 成功 503476890 110748466 报刀1275711
[2020-10-24 00:06:23,894] INFO: 群聊 成功 2946200730 110748466 报刀881464
[2020-10-24 00:07:00,210] INFO: 群聊 成功 1756480484 110748466 报刀1164849
[2020-10-24 00:09:32,098] INFO: 网页 成功 2271180174 110748466 addsubscribe
[2020-10-24 00:09:40,284] INFO: 网页 成功 2271180174 110748466 cancelsubscribe
[2020-10-24 06:58:25,335] INFO: 群聊 成功 545293081 110748466 报刀 1313075
[2020-10-24 06:59:57,142] INFO: 群聊 成功 835185523 110748466 报刀1163038[CQ:at,qq=1401201379] 
[2020-10-24 07:00:06,148] INFO: 群聊 成功 835185523 110748466 撤销
[2020-10-24 07:00:53,747] INFO: 群聊 成功 835185523 110748466 报刀1163038[CQ:at,qq=1401201379] 
[2020-10-24 07:01:59,063] INFO: 群聊 成功 835185523 110748466 撤销
[2020-10-24 07:02:27,360] INFO: 群聊 成功 835185523 110748466 报刀1163038[CQ:at,qq=1246568175] 
[2020-10-24 07:16:35,123] INFO: 群聊 成功 545293081 110748466 报刀 1297219 [CQ:at,qq=3479623358] 
[2020-10-24 07:42:32,564] INFO: 群聊 成功 939140278 110748466 报刀 1612675
[2020-10-24 08:15:40,412] INFO: 群聊 成功 2271180174 110748466 报刀1652346
[2020-10-24 08:27:21,249] INFO: 群聊 成功 459488087 110748466 预约2
[2020-10-24 08:27:23,744] INFO: 群聊 成功 459488087 110748466 预约4
[2020-10-24 08:30:38,963] INFO: 群聊 成功 769781888 110748466 预约1
[2020-10-24 08:30:44,221] INFO: 群聊 成功 769781888 110748466 预约3
[2020-10-24 08:30:46,694] INFO: 群聊 成功 769781888 110748466 预约5
[2020-10-24 09:58:10,485] INFO: 群聊 成功 459488087 110748466 sl
[2020-10-24 12:00:48,436] INFO: 群聊 成功 835185523 110748466 报刀1634828
[2020-10-24 12:01:30,729] INFO: 群聊 成功 1019598713 110748466 尾刀
[2020-10-24 12:04:55,118] INFO: 群聊 成功 415750127 110748466 报刀1420529
[2020-10-24 12:07:21,981] INFO: 群聊 成功 769781888 110748466 申请出刀
[2020-10-24 12:09:55,554] INFO: 群聊 成功 1169947911 110748466 报刀1489849
[2020-10-24 12:11:19,409] INFO: 群聊 成功 1055483935 110748466 预约5
[2020-10-24 12:11:45,157] INFO: 群聊 成功 1169947911 110748466 预约3
[2020-10-24 12:11:45,734] INFO: 群聊 成功 769781888 110748466 报刀 1282752
[2020-10-24 12:11:47,595] INFO: 群聊 成功 1169947911 110748466 预约5
[2020-10-24 12:12:00,710] INFO: 群聊 成功 820858636 110748466 预约2
[2020-10-24 12:23:35,874] INFO: 群聊 成功 2946200730 110748466 报刀1392604
[2020-10-24 12:25:01,221] INFO: 群聊 成功 1019598713 110748466 报刀73156
[2020-10-24 12:25:50,168] INFO: 群聊 成功 1169947911 110748466 尾刀
[2020-10-24 12:28:29,366] INFO: 群聊 成功 820858636 110748466 报刀 1436186
[2020-10-24 12:28:43,050] INFO: 群聊 成功 1055483935 110748466 报刀1402144
[2020-10-24 12:30:53,150] INFO: 群聊 成功 1448684358 110748466 报刀1422934
[2020-10-24 12:35:51,867] INFO: 群聊 成功 1320345334 110748466 报刀1454079
[2020-10-24 12:52:05,828] INFO: 群聊 成功 1084085263 110748466 预约4
[2020-10-24 12:52:08,315] INFO: 群聊 成功 1084085263 110748466 预约5
[2020-10-24 12:52:11,505] INFO: 群聊 成功 1084085263 110748466 预约2
[2020-10-24 12:53:09,420] INFO: 群聊 成功 939140278 110748466 报刀 1506401
[2020-10-24 12:53:41,604] INFO: 群聊 失败 327370706 110748466 报刀 1401247
[2020-10-24 12:53:46,063] INFO: 群聊 成功 327370706 110748466 尾刀
[2020-10-24 12:54:57,425] INFO: 群聊 成功 327370706 110748466 报刀 383528
[2020-10-24 12:58:28,200] INFO: 群聊 成功 415750127 110748466 报刀1290177
[2020-10-24 13:00:17,094] INFO: 群聊 成功 2956054885 110748466 报刀1312945
[2020-10-24 13:03:10,821] INFO: 群聊 成功 1169947911 110748466 报刀1052362
[2020-10-24 13:05:57,563] INFO: 群聊 成功 459488087 110748466 预约5
[2020-10-24 13:06:09,394] INFO: 群聊 成功 820858636 110748466 预约4
[2020-10-24 13:09:26,717] INFO: 群聊 成功 2535940194 110748466 sl
[2020-10-24 13:15:21,330] INFO: 群聊 成功 1448684358 110748466 报刀1106963
[2020-10-24 13:18:46,907] INFO: 群聊 成功 2535940194 110748466 报刀 1178349
[2020-10-24 13:18:54,485] INFO: 群聊 成功 2535940194 110748466 报刀 1048646
[2020-10-24 13:19:12,415] INFO: 群聊 成功 2641551266 110748466 报刀1251039
[2020-10-24 13:22:55,744] INFO: 群聊 成功 769781888 110748466 申请出刀
[2020-10-24 14:15:40,070] INFO: 群聊 成功 2946200730 110748466 sl
[2020-10-24 14:22:00,023] INFO: 群聊 成功 545293081 110748466 报刀 1322428 [CQ:at,qq=3479623358] 
[2020-10-24 14:22:32,655] INFO: 群聊 成功 2946200730 110748466 尾刀
[2020-10-24 14:26:54,360] INFO: 群聊 成功 3252388757 110748466 报刀 1804167
[2020-10-24 14:27:39,391] INFO: 群聊 成功 1084085263 110748466 报刀1740334
[2020-10-24 14:30:10,790] INFO: 群聊 成功 820858636 110748466 报刀 2013824
[2020-10-24 14:41:58,033] INFO: 群聊 成功 1084085263 110748466 报刀1751486[CQ:at,qq=2271180174] 
[2020-10-24 15:17:19,337] INFO: 群聊 成功 1169987143 110748466 sl
[2020-10-24 15:20:42,564] INFO: 群聊 成功 2946200730 110748466 预约5
[2020-10-24 15:20:59,942] INFO: 群聊 成功 3252388757 110748466 预约5
[2020-10-24 15:22:34,371] INFO: 群聊 成功 1169987143 110748466 报刀1987776
[2020-10-24 15:23:29,641] INFO: 群聊 成功 939140278 110748466 报刀 1875764[CQ:at,qq=1401201379] 
[2020-10-24 15:44:49,576] INFO: 群聊 成功 835185523 110748466 尾刀
[2020-10-24 15:45:04,837] INFO: 群聊 成功 835185523 110748466 报刀164711
[2020-10-24 15:47:40,466] INFO: 群聊 成功 1169987143 110748466 报刀1339833
[2020-10-24 15:47:54,323] INFO: 群聊 成功 1169987143 110748466 预约2
[2020-10-24 15:48:26,471] INFO: 群聊 成功 1084085263 110748466 sl
[2020-10-24 15:49:58,100] INFO: 群聊 成功 3252388757 110748466 sl
[2020-10-24 15:50:21,211] INFO: 群聊 成功 415750127 110748466 报刀1196548
[2020-10-24 15:51:45,055] INFO: 群聊 成功 1084085263 110748466 挂树
[2020-10-24 15:53:22,552] INFO: 群聊 成功 459488087 110748466 报刀1266675
[2020-10-24 15:53:52,294] INFO: 群聊 成功 1084085263 110748466 报刀1379638
[2020-10-24 15:54:01,529] INFO: 群聊 成功 3252388757 110748466 报刀 1391138
[2020-10-24 15:55:26,205] INFO: 群聊 成功 2956054885 110748466 报刀1432145
[2020-10-24 16:00:43,360] INFO: 群聊 成功 545293081 110748466 预约1
[2020-10-24 16:00:47,154] INFO: 群聊 成功 545293081 110748466 预约3
[2020-10-24 16:02:15,469] INFO: 群聊 成功 459488087 110748466 预约2
[2020-10-24 16:02:25,039] INFO: 群聊 成功 1320345334 110748466 预约2
[2020-10-24 16:02:29,027] INFO: 群聊 成功 1320345334 110748466 预约4
[2020-10-24 16:03:01,520] INFO: 群聊 成功 2946200730 110748466 预约3
[2020-10-24 16:03:52,516] INFO: 群聊 成功 1019598713 110748466 预约4：别和我抢🐴
[2020-10-24 16:04:46,635] INFO: 群聊 成功 327370706 110748466 预约4
[2020-10-24 16:33:23,318] INFO: 群聊 失败 503476890 110748466 申请出刀
[2020-10-24 16:43:05,453] INFO: 群聊 成功 327370706 110748466 sl[CQ:at,qq=327370706] 
[2020-10-24 16:48:19,938] INFO: 群聊 成功 503476890 110748466 预约2
[2020-10-24 16:50:51,477] INFO: 群聊 成功 327370706 110748466 报刀 1448463
[2020-10-24 16:51:25,411] INFO: 群聊 成功 1003870549 110748466 报刀 1336033
[2020-10-24 16:51:32,165] INFO: 群聊 成功 1756480484 110748466 报刀1268601
[2020-10-24 16:51:38,182] INFO: 群聊 成功 382230250 110748466 报刀1363778
[2020-10-24 16:51:46,767] INFO: 群聊 成功 503476890 110748466 报刀 1398571
[2020-10-24 16:56:19,807] INFO: 群聊 成功 1169947911 110748466 预约5
[2020-10-24 17:05:58,550] INFO: 群聊 成功 1055483935 110748466 报刀1626199
[2020-10-24 17:07:31,356] INFO: 群聊 成功 1019598713 110748466 报刀1567659
[2020-10-24 17:14:03,369] INFO: 群聊 成功 382230250 110748466 报刀983089
[2020-10-24 17:14:29,632] INFO: 群聊 成功 2271180174 110748466 尾刀
[2020-10-24 17:22:44,939] INFO: 群聊 成功 165204833 110748466 报刀1584777
[2020-10-24 17:23:37,666] INFO: 群聊 失败 1169987143 110748466 预约2
[2020-10-24 17:24:12,250] INFO: 群聊 成功 835185523 110748466 预约3
[2020-10-24 17:38:34,670] INFO: 群聊 失败 545293081 110748466 申请出刀
[2020-10-24 17:39:14,743] INFO: 网页 失败 835185523 110748466 apply
[2020-10-24 17:47:55,292] INFO: 群聊 成功 545293081 110748466 报刀 1386155
[2020-10-24 17:54:20,950] INFO: 群聊 成功 545293081 110748466 报刀 1482822 [CQ:at,qq=3479623358] 
[2020-10-24 18:41:06,087] INFO: 群聊 成功 1756480484 110748466 报刀1303648
[2020-10-24 18:41:36,091] INFO: 群聊 成功 545293081 110748466 尾刀
[2020-10-24 18:47:59,537] INFO: 群聊 成功 459488087 110748466 报刀1452235
[2020-10-24 18:48:29,349] INFO: 群聊 成功 1169987143 110748466 报刀1458881
[2020-10-24 18:50:34,416] INFO: 群聊 成功 382230250 110748466 预约4
[2020-10-24 18:51:54,961] INFO: 群聊 成功 460005075 110748466 预约3
[2020-10-24 18:54:33,128] INFO: 群聊 成功 2271180174 110748466 预约5
[2020-10-24 19:07:46,356] INFO: 群聊 成功 1372207650 110748466 预约3
[2020-10-24 19:25:53,399] INFO: 群聊 成功 2956054885 110748466 报刀1400073
[2020-10-24 19:28:15,462] INFO: 群聊 成功 769781888 110748466 报刀0
[2020-10-24 19:28:19,500] INFO: 群聊 成功 769781888 110748466 撤销
[2020-10-24 19:47:51,046] INFO: 群聊 成功 460005075 110748466 报刀1408846[CQ:at,qq=1401201379]
[2020-10-24 20:04:56,598] INFO: 群聊 成功 3252388757 110748466 报刀 1406854
[2020-10-24 20:05:24,678] INFO: 群聊 成功 769781888 110748466 尾刀
[2020-10-24 20:06:35,109] INFO: 群聊 成功 769781888 110748466 报刀 510412
[2020-10-24 20:09:09,461] INFO: 群聊 成功 545293081 110748466 报刀 1065782
[2020-10-24 20:10:52,425] INFO: 群聊 成功 460005075 110748466 报刀1331825
[2020-10-24 20:11:12,574] INFO: 群聊 成功 1003870549 110748466 报刀 1405595
[2020-10-24 20:12:42,890] INFO: 群聊 成功 835185523 110748466 报刀1258652
[2020-10-24 20:13:03,240] INFO: 群聊 成功 1372207650 110748466 报刀1346111
[2020-10-24 20:13:55,105] INFO: 群聊 成功 1756480484 110748466 报刀1376618
[2020-10-24 20:14:58,604] INFO: 群聊 成功 1372207650 110748466 预约5
[2020-10-24 20:15:06,894] INFO: 群聊 成功 1055483935 110748466 预约4
[2020-10-24 20:35:16,083] INFO: 群聊 成功 2946200730 110748466 报刀871561
[2020-10-24 20:36:22,813] INFO: 群聊 成功 165204833 110748466 尾刀
[2020-10-24 20:37:07,393] INFO: 群聊 成功 1019598713 110748466 预约5：肥宅也是我的
[2020-10-24 20:40:04,061] INFO: 群聊 成功 1055483935 110748466 报刀1816869
[2020-10-24 20:40:35,476] INFO: 群聊 成功 1019598713 110748466 报刀1769062
[2020-10-24 20:43:43,060] INFO: 群聊 成功 1320345334 110748466 报刀1791384
[2020-10-24 20:47:01,735] INFO: 群聊 成功 2946200730 110748466 预约5
[2020-10-24 20:48:26,116] INFO: 群聊 成功 939140278 110748466 sl
[2020-10-24 20:48:49,775] INFO: 群聊 成功 460005075 110748466 预约5
[2020-10-24 20:49:27,452] INFO: 群聊 成功 382230250 110748466 sl
[2020-10-24 20:52:02,248] INFO: 群聊 成功 939140278 110748466 报刀 1984176
[2020-10-24 20:57:21,978] INFO: 群聊 成功 503476890 110748466 sl[CQ:at,qq=503476890] 
[2020-10-24 21:15:51,636] INFO: 群聊 成功 835185523 110748466 报刀1739463[CQ:at,qq=503476890]
[2020-10-24 21:16:19,896] INFO: 群聊 成功 459488087 110748466 尾刀
[2020-10-24 21:16:25,062] INFO: 群聊 成功 835185523 110748466 撤销
[2020-10-24 21:17:42,344] INFO: 群聊 成功 769781888 110748466 预约5
[2020-10-24 21:19:50,522] INFO: 群聊 成功 835185523 110748466 撤销
[2020-10-24 21:20:11,365] INFO: 群聊 失败 835185523 110748466 报刀1984176[CQ:at,qq=939140278]
[2020-10-24 21:20:21,795] INFO: 群聊 成功 835185523 110748466 报刀1753923[CQ:at,qq=327370706]
[2020-10-24 21:20:55,977] INFO: 群聊 成功 835185523 110748466 报刀1739463[CQ:at,qq=503476890]
[2020-10-24 21:21:05,733] INFO: 群聊 成功 835185523 110748466 尾刀[CQ:at,qq=459488087]
[2020-10-24 21:21:28,068] INFO: 群聊 成功 769781888 110748466 报刀 1351631
[2020-10-24 21:21:37,301] INFO: 群聊 成功 835185523 110748466 报刀358003[CQ:at,qq=459488087]
[2020-10-24 21:21:47,037] INFO: 群聊 成功 835185523 110748466 报刀330118[CQ:at,qq=165204833]
[2020-10-24 21:22:41,714] INFO: 群聊 成功 1320345334 110748466 报刀1360323
[2020-10-24 21:25:32,877] INFO: 群聊 成功 2535940194 110748466 报刀 1342992
[2020-10-24 21:26:40,661] INFO: 群聊 成功 460005075 110748466 预约1
[2020-10-24 21:27:13,488] INFO: 群聊 成功 165204833 110748466 报刀1358520
[2020-10-24 21:42:55,043] INFO: 群聊 成功 820858636 110748466 报刀 1367506
[2020-10-24 21:55:49,412] INFO: 群聊 成功 460005075 110748466 报刀1345553
[2020-10-24 21:55:50,722] INFO: 群聊 成功 1169947911 110748466 报刀1374286
[2020-10-24 21:56:01,238] INFO: 群聊 成功 835185523 110748466 报刀1164007[CQ:at,qq=503476890]
[2020-10-24 21:56:08,370] INFO: 群聊 成功 2641551266 110748466 报刀1605648
[2020-10-24 21:56:11,346] INFO: 群聊 成功 1448684358 110748466 报刀1266861
[2020-10-24 21:56:14,390] INFO: 群聊 成功 2946200730 110748466 报刀1211098
[2020-10-24 21:58:19,180] INFO: 群聊 成功 835185523 110748466 报刀1465081[CQ:at,qq=1401201379]
[2020-10-24 21:58:33,715] INFO: 群聊 成功 1372207650 110748466 报刀1435251
[2020-10-24 22:03:28,939] INFO: 群聊 成功 2271180174 110748466 报刀157204
[2020-10-24 22:33:41,980] INFO: 群聊 成功 1372207650 110748466 报刀1131185
[2020-10-24 22:34:10,051] INFO: 群聊 成功 460005075 110748466 尾刀
[2020-10-24 22:40:25,064] INFO: 群聊 成功 460005075 110748466 报刀647807
[2020-10-24 22:55:17,265] INFO: 群聊 成功 2641551266 110748466 报刀1191848
[2020-10-24 23:14:52,883] INFO: 群聊 成功 382230250 110748466 报刀1480493
[2020-10-24 23:32:54,905] INFO: 群聊 成功 1003870549 110748466 报刀 1242710
[2020-10-25 05:17:30,817] INFO: 群聊 成功 835185523 110748466 预约3
[2020-10-25 07:11:02,176] INFO: 群聊 成功 769781888 110748466 预约3
[2020-10-25 07:11:06,010] INFO: 群聊 成功 769781888 110748466 预约5
[2020-10-25 07:11:11,084] INFO: 群聊 成功 769781888 110748466 预约1
[2020-10-25 08:34:41,476] INFO: 群聊 成功 1055483935 110748466 报刀1419970
[2020-10-25 08:35:01,942] INFO: 群聊 成功 1055483935 110748466 撤销
[2020-10-25 08:36:03,039] INFO: 群聊 失败 1055483935 110748466 报刀1437142[CQ:at,qq=1169947911] 
[2020-10-25 08:36:24,785] INFO: 群聊 成功 1055483935 110748466 尾刀
[2020-10-25 08:36:41,123] INFO: 群聊 成功 1055483935 110748466 撤销
[2020-10-25 08:48:03,587] INFO: 群聊 成功 1019598713 110748466 尾刀[CQ:at,qq=1169947911] 
[2020-10-25 08:48:25,322] INFO: 群聊 成功 1019598713 110748466 报刀1419970[CQ:at,qq=1055483935] 
[2020-10-25 09:04:38,307] INFO: 群聊 成功 1169987143 110748466 报刀1443363
[2020-10-25 09:05:06,753] INFO: 群聊 成功 1169987143 110748466 预约4
[2020-10-25 09:05:09,483] INFO: 群聊 成功 1169987143 110748466 预约5
[2020-10-25 09:05:12,126] INFO: 群聊 成功 459488087 110748466 报刀1440283
[2020-10-25 09:05:23,156] INFO: 群聊 成功 459488087 110748466 预约4
[2020-10-25 09:05:24,907] INFO: 群聊 成功 459488087 110748466 预约5
[2020-10-25 09:07:58,621] INFO: 群聊 成功 939140278 110748466 sl
[2020-10-25 09:15:01,084] INFO: 群聊 成功 939140278 110748466 报刀 1362807
[2020-10-25 09:47:27,316] INFO: 群聊 成功 2271180174 110748466 sl
[2020-10-25 09:48:34,418] INFO: 群聊 成功 2271180174 110748466 挂树
[2020-10-25 10:06:05,344] INFO: 群聊 成功 1084085263 110748466 报刀1492676
[2020-10-25 10:06:18,946] INFO: 群聊 成功 1019598713 110748466 尾刀
[2020-10-25 10:06:26,762] INFO: 群聊 成功 769781888 110748466 申请出刀
[2020-10-25 10:07:14,426] INFO: 群聊 成功 1019598713 110748466 预约2
[2020-10-25 10:07:21,385] INFO: 群聊 成功 1084085263 110748466 预约4
[2020-10-25 10:07:24,957] INFO: 群聊 成功 1084085263 110748466 预约5
[2020-10-25 10:07:36,876] INFO: 群聊 失败 1019598713 110748466 预约2：49秒补偿让我先来
[2020-10-25 10:08:03,491] INFO: 群聊 成功 2271180174 110748466 预约5
[2020-10-25 10:08:20,837] INFO: 群聊 成功 1019598713 110748466 取消预约2
[2020-10-25 10:08:41,035] INFO: 群聊 成功 769781888 110748466 报刀 1316488
[2020-10-25 10:08:43,223] INFO: 群聊 成功 1019598713 110748466 预约2：49秒补偿让我来
[2020-10-25 10:18:20,628] INFO: 群聊 成功 415750127 110748466 报刀1336112
[2020-10-25 10:27:11,688] INFO: 群聊 成功 1756480484 110748466 报刀1296505
[2020-10-25 10:31:37,845] INFO: 群聊 成功 1003870549 110748466 报刀 1338158
[2020-10-25 10:33:32,100] INFO: 群聊 成功 1055483935 110748466 预约4
[2020-10-25 10:42:48,153] INFO: 群聊 成功 2946200730 110748466 预约1
[2020-10-25 10:42:51,008] INFO: 群聊 成功 2946200730 110748466 预约3
[2020-10-25 10:42:53,218] INFO: 群聊 成功 2946200730 110748466 预约5
[2020-10-25 10:43:50,992] INFO: 群聊 成功 327370706 110748466 预约4
[2020-10-25 10:53:45,545] INFO: 群聊 成功 2946200730 110748466 sl
[2020-10-25 11:04:04,456] INFO: 群聊 成功 820858636 110748466 预约4
[2020-10-25 11:27:55,210] INFO: 群聊 成功 2946200730 110748466 报刀698392
[2020-10-25 11:29:40,551] INFO: 群聊 成功 545293081 110748466 报刀 1280758
[2020-10-25 11:45:58,596] INFO: 群聊 成功 1372207650 110748466 报刀1328971
[2020-10-25 11:46:30,953] INFO: 群聊 成功 545293081 110748466 报刀 1276203 [CQ:at,qq=3479623358] 
[2020-10-25 11:47:07,014] INFO: 群聊 成功 835185523 110748466 尾刀
[2020-10-25 11:51:45,312] INFO: 群聊 成功 1055483935 110748466 报刀1793267
[2020-10-25 11:52:15,125] INFO: 群聊 成功 1055483935 110748466 预约5
[2020-10-25 11:52:42,770] INFO: 群聊 成功 820858636 110748466 报刀 1923598
[2020-10-25 11:53:01,094] INFO: 群聊 成功 1169987143 110748466 报刀1989623
[2020-10-25 11:55:29,437] INFO: 群聊 成功 3252388757 110748466 报刀 1768398
[2020-10-25 11:56:24,248] INFO: 群聊 成功 939140278 110748466 报刀 1801458
[2020-10-25 12:03:03,546] INFO: 群聊 成功 503476890 110748466 预约5
[2020-10-25 12:05:21,956] INFO: 群聊 失败 327370706 110748466 报刀 18000095
[2020-10-25 12:05:47,268] INFO: 群聊 成功 327370706 110748466 报刀 1800095
[2020-10-25 12:06:36,072] INFO: 群聊 成功 1320345334 110748466 尾刀
[2020-10-25 12:07:00,477] INFO: 群聊 成功 769781888 110748466 申请出刀
[2020-10-25 12:08:45,832] INFO: 群聊 成功 1169987143 110748466 报刀1281464
[2020-10-25 12:09:29,984] INFO: 群聊 成功 415750127 110748466 报刀1311978
[2020-10-25 12:09:44,986] INFO: 群聊 成功 769781888 110748466 报刀 1405862
[2020-10-25 12:09:54,618] INFO: 群聊 成功 2271180174 110748466 报刀989661
[2020-10-25 12:10:32,392] INFO: 群聊 成功 327370706 110748466 报刀1469320
[2020-10-25 12:10:32,810] INFO: 群聊 成功 1320345334 110748466 报刀656781
[2020-10-25 12:12:40,009] INFO: 群聊 成功 1084085263 110748466 预约4
[2020-10-25 12:16:56,272] INFO: 群聊 成功 459488087 110748466 预约4
[2020-10-25 12:17:01,233] INFO: 群聊 成功 459488087 110748466 预约5
[2020-10-25 12:17:20,994] INFO: 群聊 成功 1372207650 110748466 sl
[2020-10-25 12:18:42,898] INFO: 群聊 成功 1756480484 110748466 sl[CQ:at,qq=1756480484] 
[2020-10-25 12:22:13,471] INFO: 群聊 成功 1320345334 110748466 报刀1374902
[2020-10-25 12:22:17,037] INFO: 群聊 成功 1372207650 110748466 报刀1377740
[2020-10-25 12:22:23,732] INFO: 群聊 成功 2956054885 110748466 报刀1354485
[2020-10-25 12:22:26,458] INFO: 群聊 成功 3252388757 110748466 报刀 1354742
[2020-10-25 12:22:26,694] INFO: 群聊 成功 1756480484 110748466 报刀1305097
[2020-10-25 12:22:41,094] INFO: 群聊 成功 503476890 110748466 报刀1400567
[2020-10-25 12:22:43,488] INFO: 群聊 成功 1448684358 110748466 报刀1320975
[2020-10-25 12:23:41,279] INFO: 群聊 成功 503476890 110748466 预约2
[2020-10-25 12:23:49,207] INFO: 群聊 成功 1320345334 110748466 预约2
[2020-10-25 12:23:57,198] INFO: 群聊 成功 2271180174 110748466 预约4
[2020-10-25 12:24:28,981] INFO: 群聊 成功 2956054885 110748466 预约3
[2020-10-25 12:25:42,225] INFO: 群聊 成功 2946200730 110748466 报刀1205857
[2020-10-25 12:35:38,413] INFO: 群聊 成功 165204833 110748466 预约1
[2020-10-25 12:37:30,172] INFO: 群聊 成功 2271180174 110748466 报刀1645194
[2020-10-25 12:38:06,185] INFO: 群聊 成功 545293081 110748466 尾刀 [CQ:at,qq=3479623358] 
[2020-10-25 12:43:20,106] INFO: 群聊 成功 415750127 110748466 报刀1425382
[2020-10-25 12:45:05,106] INFO: 群聊 成功 835185523 110748466 预约3
[2020-10-25 12:45:12,401] INFO: 网页 失败 1055483935 110748466 cancelapply
[2020-10-25 12:45:15,470] INFO: 群聊 成功 820858636 110748466 预约2
[2020-10-25 12:45:18,875] INFO: 群聊 成功 165204833 110748466 报刀1474238
[2020-10-25 12:45:35,008] INFO: 群聊 成功 545293081 110748466 报刀 1452313
[2020-10-25 12:47:02,402] INFO: 群聊 成功 1055483935 110748466 预约5
[2020-10-25 12:49:27,764] INFO: 群聊 成功 1372207650 110748466 预约1
[2020-10-25 12:58:31,961] INFO: 群聊 成功 2946200730 110748466 报刀1488304
[2020-10-25 12:59:53,474] INFO: 群聊 成功 835185523 110748466 尾刀[CQ:at,qq=1448684358]
[2020-10-25 13:02:32,148] INFO: 群聊 成功 1448684358 110748466 报刀1123165
[2020-10-25 13:02:57,825] INFO: 群聊 成功 503476890 110748466 申请出刀
[2020-10-25 13:03:46,733] INFO: 群聊 成功 1019598713 110748466 报刀686493
[2020-10-25 13:04:19,478] INFO: 群聊 成功 820858636 110748466 报刀 1377005
[2020-10-25 13:05:51,425] INFO: 群聊 成功 769781888 110748466 预约1
[2020-10-25 13:06:48,212] INFO: 群聊 成功 3252388757 110748466 报刀 1382903
[2020-10-25 13:08:16,420] INFO: 群聊 成功 503476890 110748466 报刀1459826
[2020-10-25 13:08:42,104] INFO: 群聊 成功 1019598713 110748466 预约4
[2020-10-25 13:09:06,377] INFO: 群聊 成功 503476890 110748466 预约4
[2020-10-25 13:17:44,746] INFO: 群聊 成功 835185523 110748466 报刀1427991[CQ:at,qq=1401201379]
[2020-10-25 13:18:17,337] INFO: 群聊 成功 1448684358 110748466 尾刀
[2020-10-25 13:21:46,386] INFO: 群聊 成功 835185523 110748466 SL
[2020-10-25 13:25:55,241] INFO: 群聊 成功 835185523 110748466 报刀1262195
[2020-10-25 13:26:18,781] INFO: 群聊 成功 835185523 110748466 预约5
[2020-10-25 13:51:32,625] INFO: 群聊 成功 2956054885 110748466 报刀1327966
[2020-10-25 14:02:16,347] INFO: 群聊 成功 2535940194 110748466 报刀 1259994
[2020-10-25 14:04:33,650] INFO: 群聊 成功 2641551266 110748466 报刀1284228
[2020-10-25 14:54:57,197] INFO: 群聊 成功 1169947911 110748466 报刀26634
[2020-10-25 15:00:06,922] INFO: 群聊 成功 1169947911 110748466 报刀1255178
[2020-10-25 15:00:09,614] INFO: 群聊 成功 1320345334 110748466 预约2
[2020-10-25 15:09:18,720] INFO: 群聊 成功 1003870549 110748466 sl
[2020-10-25 15:13:48,428] INFO: 群聊 成功 1003870549 110748466 报刀 1128703
[2020-10-25 18:08:57,391] INFO: 群聊 成功 460005075 110748466 报刀1373762
[2020-10-25 18:09:20,740] INFO: 群聊 成功 2535940194 110748466 尾刀
[2020-10-25 18:10:21,740] INFO: 群聊 成功 460005075 110748466 预约5
[2020-10-25 18:16:20,214] INFO: 群聊 成功 2271180174 110748466 报刀1679703
[2020-10-25 18:16:46,164] INFO: 群聊 成功 165204833 110748466 预约5
[2020-10-25 18:19:54,411] INFO: 群聊 成功 1019598713 110748466 报刀1761272
[2020-10-25 18:20:57,337] INFO: 群聊 成功 459488087 110748466 报刀1836817
[2020-10-25 18:21:00,674] INFO: 群聊 失败 459488087 110748466 预约5
[2020-10-25 18:24:20,479] INFO: 群聊 成功 503476890 110748466 申请出刀
[2020-10-25 18:28:46,661] INFO: 群聊 成功 503476890 110748466 SL
[2020-10-25 18:33:43,363] INFO: 群聊 成功 503476890 110748466 报刀1737480
[2020-10-25 18:35:39,453] INFO: 群聊 成功 820858636 110748466 预约5
[2020-10-25 18:36:58,202] INFO: 群聊 成功 1448684358 110748466 报刀498867
[2020-10-25 19:02:00,520] INFO: 群聊 失败 2271180174 110748466 报刀1701486
[2020-10-25 19:02:26,659] INFO: 群聊 成功 2271180174 110748466 报刀1701486[CQ:at,qq=1084085263]
[2020-10-25 19:03:43,331] INFO: 群聊 成功 1084085263 110748466 预约5
[2020-10-25 19:12:58,738] INFO: 群聊 成功 382230250 110748466 sl
[2020-10-25 19:19:20,081] INFO: 群聊 成功 2271180174 110748466 报刀1773948[CQ:at,qq=1401201379] 
[2020-10-25 19:19:24,945] INFO: 群聊 成功 2271180174 110748466 尾刀[CQ:at,qq=382230250] 
[2020-10-25 19:20:42,434] INFO: 群聊 成功 382230250 110748466 报刀630977
[2020-10-25 19:25:02,128] INFO: 群聊 成功 820858636 110748466 报刀 1370772
[2020-10-25 19:25:38,750] INFO: 群聊 成功 460005075 110748466 报刀1382083
[2020-10-25 19:26:30,589] INFO: 群聊 成功 835185523 110748466 报刀1378963[CQ:at,qq=459488087]
[2020-10-25 19:30:23,405] INFO: 群聊 成功 2641551266 110748466 申请出刀
[2020-10-25 19:34:46,969] INFO: 群聊 成功 2641551266 110748466 报刀1403534
[2020-10-25 19:43:01,541] INFO: 群聊 成功 460005075 110748466 预约1
[2020-10-25 19:50:51,283] INFO: 群聊 成功 1084085263 110748466 报刀1450000
[2020-10-25 19:50:59,801] INFO: 群聊 成功 1084085263 110748466 撤销
[2020-10-25 20:17:07,800] INFO: 群聊 成功 382230250 110748466 报刀1316627
[2020-10-25 20:17:34,660] INFO: 群聊 成功 1084085263 110748466 报刀1500196
[2020-10-25 20:17:42,880] INFO: 群聊 成功 835185523 110748466 报刀1305186[CQ:at,qq=1003870549]
[2020-10-25 20:17:53,144] INFO: 群聊 成功 1169947911 110748466 报刀1399156
[2020-10-25 20:19:39,835] INFO: 群聊 成功 382230250 110748466 预约2
[2020-10-25 20:21:39,944] INFO: 群聊 成功 545293081 110748466 报刀 945539 [CQ:at,qq=3479623358] 
[2020-10-25 20:22:48,172] INFO: 群聊 成功 1055483935 110748466 报刀1586564
[2020-10-25 20:24:52,028] INFO: 群聊 成功 1019598713 110748466 报刀1628873
[2020-10-25 20:30:18,483] INFO: 群聊 成功 939140278 110748466 报刀 1643135
[2020-10-25 20:33:57,865] INFO: 群聊 失败 835185523 110748466 报刀1500196[CQ:at,qq=1084085263]
[2020-10-25 20:34:25,935] INFO: 群聊 成功 835185523 110748466 报刀1485173[CQ:at,qq=1401201379]
[2020-10-25 20:34:33,564] INFO: 群聊 成功 835185523 110748466 尾刀
[2020-10-25 20:35:35,095] INFO: 群聊 成功 769781888 110748466 申请出刀
[2020-10-25 20:36:40,963] INFO: 群聊 成功 835185523 110748466 报刀513032
[2020-10-25 20:36:44,013] INFO: 群聊 成功 835185523 110748466 预约2
[2020-10-25 20:38:21,768] INFO: 群聊 成功 769781888 110748466 SL
[2020-10-25 20:43:17,735] INFO: 群聊 成功 769781888 110748466 报刀 1179180
[2020-10-25 20:43:45,228] INFO: 群聊 成功 460005075 110748466 报刀1404743
[2020-10-25 20:45:24,558] INFO: 群聊 成功 1372207650 110748466 报刀1368987
[2020-10-25 20:59:55,346] INFO: 群聊 成功 2956054885 110748466 报刀1321303
[2020-10-25 21:00:36,459] INFO: 群聊 成功 1756480484 110748466 尾刀
[2020-10-25 21:04:13,934] INFO: 群聊 成功 1756480484 110748466 报刀1003388
[2020-10-25 21:06:49,852] INFO: 群聊 成功 2535940194 110748466 报刀 68432
[2020-10-25 21:07:15,395] INFO: 群聊 成功 835185523 110748466 报刀1424759[CQ:at,qq=327370706]
[2020-10-25 21:10:26,385] INFO: 群聊 成功 1320345334 110748466 报刀1388700
[2020-10-25 21:12:45,723] INFO: 群聊 成功 2535940194 110748466 报刀 1364362
[2020-10-25 21:21:13,796] INFO: 群聊 成功 2641551266 110748466 报刀1021772
[2020-10-25 21:41:26,706] INFO: 群聊 成功 545293081 110748466 尾刀 [CQ:at,qq=3479623358] 
[2020-10-25 21:41:39,155] INFO: 群聊 成功 545293081 110748466 撤销
[2020-10-25 21:42:05,327] INFO: 群聊 成功 545293081 110748466 报刀 1352266 [CQ:at,qq=165204833] 
[2020-10-25 21:42:15,848] INFO: 群聊 成功 545293081 110748466 尾刀 [CQ:at,qq=3479623358] 
[2020-10-25 21:50:22,247] INFO: 群聊 成功 835185523 110748466 报刀933447
[2020-10-25 22:18:21,051] INFO: 群聊 成功 165204833 110748466 报刀1084583
[2020-10-25 22:30:40,133] INFO: 群聊 成功 382230250 110748466 报刀823284
[2020-10-25 22:41:58,866] INFO: 群聊 成功 545293081 110748466 报刀 630061 [CQ:at,qq=3479623358] 
[2020-10-25 22:42:09,598] INFO: 群聊 成功 545293081 110748466 报刀 936812
[2020-10-26 10:16:10,329] INFO: 群聊 成功 2271180174 110748466 挂树
[2020-10-26 10:16:21,495] INFO: 群聊 成功 2946200730 110748466 挂树
[2020-10-26 10:16:54,250] INFO: 群聊 成功 503476890 110748466 尾刀
[2020-10-26 10:17:02,898] INFO: 群聊 失败 939140278 110748466 报刀 12000000
[2020-10-26 10:17:11,546] INFO: 群聊 成功 327370706 110748466 尾刀
[2020-10-26 10:17:28,315] INFO: 群聊 成功 939140278 110748466 报刀 19999999
[2020-10-27 05:00:00,057] ERROR: 获取群列表错误
Traceback (most recent call last):
  File "/home/qqbot/qqbot/yobot/yobot/src/client/ybplugins/clan_battle/battle.py", line 154, in _update_group_list_async
    group_list = await self.api.get_group_list()
  File "/home/qqbot/.local/lib/python3.6/site-packages/aiocqhttp/api.py", line 184, in call_action
    raise ApiNotAvailable
aiocqhttp.exceptions.ApiNotAvailable
[2020-10-27 21:22:35,537] INFO: 群聊 成功 1084085263 110748466 尾刀
